13 13 13 13 13 12 13 13 12 12 13 13 13 13 13 12 12 12 13 13 13 12 12 4 4 4 4 12 13 12 13 4 0 0 5 13 12 5 5 10 2 2 2 2 2 2 2 2 2 2 2 2 9 9 9 9 9 9 9 9 9 9 9 9 9 9 9 9 9 8 8 8 8 0 10 10 10 10 10 10 10 10 10 10 10 10 10 10 10 10 10 10 5 4 4 4 4 5 5 5 13 13 13 
13 13 13 12 13 13 13 13 13 13 13 13 13 13 13 13 13 5 5 5 5 5 10 2 2 2 2 2 2 9 9 9 9 9 9 9 9 9 9 9 9 9 9 9 9 9 9 8 15 14 10 10 10 10 10 10 10 10 10 10 10 0 4 4 0 0 4 4 5 5 5 5 5 13 5 5 5 5 5 5 5 13 13 13 13 5 5 5 5 13 13 5 5 5 13 13 13 
12 12 12 12 12 12 12 12 12 12 13 12 12 12 12 12 12 12 12 12 12 0 0 5 12 12 12 12 12 13 13 13 13 12 12 12 5 5 5 5 10 10 10 6 10 10 2 2 2 2 2 2 2 2 2 9 9 9 9 9 14 14 14 14 14 14 14 14 14 14 14 14 10 10 10 10 10 10 2 2 10 10 10 10 10 5 5 12 12 12 5 12 5 12 12 12 12 12 12 12 12 12 12 12 12 12 12 12 5 4 
5 5 5 5 5 5 5 12 12 12 12 13 12 12 12 12 12 12 12 12 5 5 2 14 14 3 3 3 9 9 9 9 9 9 9 9 9 9 9 8 8 8 8 8 10 10 10 10 10 10 10 10 10 10 4 4 4 4 5 0 5 0 0 5 5 5 5 5 5 5 5 5 5 5 5 5 5 5 5 5 
12 12 13 13 13 13 13 13 13 12 12 12 12 12 12 12 12 12 5 5 2 2 2 2 2 2 2 2 2 2 9 9 9 9 9 9 9 9 14 14 14 10 10 10 10 10 10 10 10 10 10 10 10 10 10 5 5 5 13 5 5 12 5 5 12 12 12 12 12 12 12 12 12 12 12 12 12 12 
12 12 12 12 12 12 12 12 12 12 12 12 12 12 12 12 12 12 12 5 5 2 2 2 2 2 9 9 9 9 9 9 9 9 9 9 9 9 9 9 9 8 8 8 10 10 10 10 10 10 10 10 10 4 4 4 4 4 4 4 4 4 4 5 4 4 5 4 5 5 5 13 5 5 5 5 5 5 5 5 
12 12 12 13 13 13 12 12 12 12 12 12 13 13 12 12 12 13 12 13 5 10 2 10 8 5 1 8 8 2 9 9 9 9 9 9 9 9 9 9 9 9 9 8 8 8 15 8 8 8 8 8 8 8 8 8 10 10 10 0 0 0 0 0 0 0 0 0 5 5 5 5 5 5 5 5 5 5 5 5 5 5 5 5 5 
12 13 13 13 12 12 12 13 13 13 13 12 13 13 13 13 13 13 13 12 12 12 12 12 13 13 13 13 5 5 5 10 10 10 10 10 10 10 14 10 10 10 2 2 2 2 2 2 2 9 9 9 9 9 9 9 9 9 9 9 9 9 9 9 8 8 8 8 10 10 10 10 10 10 10 10 10 10 0 4 4 4 4 13 13 13 13 13 12 12 13 12 12 12 13 13 12 12 12 12 13 
12 12 12 12 12 12 12 12 12 12 12 12 12 12 12 12 5 10 2 2 10 2 2 2 2 2 2 2 2 9 9 9 9 9 9 9 9 9 9 9 8 8 8 8 8 10 10 10 10 10 10 10 10 10 10 10 10 5 12 4 4 4 4 4 4 4 4 4 4 4 13 4 4 4 4 4 4 13 4 4 5 13 12 13 5 5 13 13 13 
13 12 12 12 12 12 12 12 12 12 12 12 12 13 12 13 12 12 12 12 5 4 4 13 12 13 4 4 4 13 13 4 12 5 5 5 5 12 13 13 13 13 12 5 5 2 2 2 2 2 2 2 2 2 2 2 2 2 2 9 9 9 9 9 9 9 9 9 9 9 9 9 9 8 8 8 8 8 8 10 10 10 10 10 10 10 10 10 10 10 10 10 10 10 10 10 0 4 0 4 0 4 4 4 4 4 4 4 5 5 5 5 5 5 5 5 5 5 5 5 5 
5 5 5 5 5 5 5 12 12 7 1 12 13 4 12 12 12 12 12 12 12 12 13 12 5 5 10 2 2 2 2 2 2 2 2 2 2 9 9 9 0 0 0 0 0 0 8 8 8 8 8 10 10 10 10 10 10 10 10 10 10 10 10 0 4 0 0 0 0 4 5 5 5 5 5 12 12 5 5 5 5 
12 12 12 12 12 12 12 12 12 12 12 12 12 12 12 12 12 12 12 5 6 2 2 2 10 8 2 2 2 2 2 2 2 14 14 2 2 9 9 9 14 9 9 9 14 10 14 14 14 14 10 10 10 10 10 10 10 10 10 3 0 0 5 4 4 4 4 0 0 4 5 0 0 5 5 4 4 5 5 5 13 12 5 5 12 12 12 12 12 12 
12 12 12 12 12 12 12 12 12 12 12 12 12 12 12 12 12 12 12 12 12 12 12 5 5 2 2 2 2 2 2 2 2 2 2 9 9 9 9 9 9 9 9 9 9 9 9 9 9 9 9 9 9 9 9 9 9 9 9 14 9 9 8 8 5 8 8 10 10 10 10 10 10 10 10 5 5 4 5 5 5 5 5 5 5 5 5 5 5 5 5 5 5 5 5 5 5 5 5 5 5 5 5 
12 12 12 12 12 5 5 12 12 12 12 12 12 12 12 12 13 12 4 5 10 10 2 2 2 2 2 2 2 9 9 9 9 9 9 9 9 9 9 9 9 9 9 9 9 8 8 8 8 10 10 10 10 10 10 10 10 10 8 10 10 10 0 5 5 5 5 5 5 5 12 5 13 13 5 12 12 13 13 12 12 12 5 12 12 
13 13 13 13 13 13 13 13 13 13 13 13 13 13 13 13 13 12 12 13 12 12 12 13 13 4 13 13 4 4 5 10 10 10 10 2 2 2 2 2 2 2 2 2 9 9 9 9 9 9 9 9 9 9 9 9 9 9 9 9 9 8 1 8 10 10 10 10 6 10 10 10 8 8 8 10 0 0 4 4 4 4 4 4 4 13 13 13 13 13 13 13 13 13 13 13 13 13 13 13 13 13 13 
12 12 12 12 12 12 12 12 12 12 12 12 12 12 13 12 12 12 5 5 5 2 2 2 2 2 2 2 2 2 2 9 9 9 9 9 9 9 9 9 9 15 15 15 15 15 14 10 10 10 10 10 10 10 10 10 10 10 10 4 4 4 13 13 13 13 13 13 12 13 12 12 12 12 12 12 12 12 
12 12 12 13 12 12 12 13 13 13 13 12 13 12 12 13 12 13 12 12 12 7 1 12 12 12 12 12 12 12 12 12 12 12 12 12 0 0 5 5 5 6 2 2 2 10 10 6 6 10 2 2 2 2 2 9 9 9 9 9 9 9 9 9 9 9 9 9 9 9 9 9 9 9 9 9 9 14 10 10 10 10 10 10 10 10 10 10 10 10 10 10 10 10 10 0 4 4 4 4 4 4 4 4 4 4 4 4 4 4 4 13 13 5 4 5 0 5 13 12 13 
12 12 13 13 4 13 13 12 13 4 4 13 13 13 13 13 13 13 13 12 12 13 4 10 10 10 10 10 2 2 2 2 2 2 2 9 9 9 9 9 9 9 9 9 9 9 8 8 8 8 8 8 8 8 10 10 10 10 10 10 10 10 10 10 10 10 10 0 4 4 4 4 13 13 12 12 13 13 13 13 12 13 12 13 13 13 13 13 13 13 13 13 13 13 
12 12 12 12 12 12 12 12 12 12 12 12 12 12 12 12 12 12 12 5 5 2 2 2 2 2 2 2 2 9 9 9 9 9 9 9 9 9 9 9 9 9 9 9 8 8 8 8 8 8 10 14 14 14 10 10 10 10 10 10 10 10 10 4 4 4 4 4 4 4 4 4 4 4 4 5 5 5 5 5 5 5 5 5 5 5 5 5 5 13 5 13 
13 13 5 12 1 5 5 5 12 12 12 12 12 12 12 12 12 12 12 5 5 2 2 2 2 2 14 14 14 14 14 14 14 14 14 15 15 14 14 3 3 14 14 10 10 10 10 10 10 10 10 10 5 1 4 4 4 5 5 5 5 5 5 5 5 5 5 12 12 12 12 12 12 12 12 12 12 12 12 12 
13 13 5 5 12 12 5 13 13 12 12 12 12 12 12 13 5 5 5 5 5 2 2 2 2 2 2 2 9 9 9 9 9 9 9 9 9 8 15 14 14 10 10 10 10 10 10 10 0 0 4 4 4 4 4 5 5 5 5 5 5 13 12 5 13 5 12 5 13 12 12 13 12 5 13 
12 12 12 12 12 12 12 12 12 12 12 12 12 12 12 12 12 12 12 12 1 7 12 4 12 4 0 12 12 1 5 4 13 5 5 5 5 5 2 2 2 2 2 2 2 2 2 2 2 2 2 2 2 2 2 2 2 2 9 14 11 14 14 14 14 10 10 10 8 10 10 10 4 4 4 4 4 4 4 4 4 5 5 5 5 5 5 5 5 13 5 12 5 5 12 12 13 
12 12 12 12 12 12 12 12 12 12 12 12 12 12 12 12 12 12 12 5 10 2 2 2 2 2 2 2 2 2 2 2 2 9 9 9 9 9 9 9 9 9 9 9 8 8 8 14 14 14 14 14 14 10 10 10 10 10 10 4 4 4 4 13 13 4 13 13 13 13 13 13 13 13 13 12 12 12 12 12 12 13 12 12 
5 13 13 5 12 13 13 13 12 13 13 12 13 13 12 13 4 4 12 13 1 1 4 13 12 0 0 0 0 0 0 0 0 0 0 5 13 5 5 5 5 5 5 0 10 2 2 2 2 2 15 15 9 15 15 15 15 15 15 15 15 15 10 10 10 10 10 10 10 4 4 4 4 4 4 4 4 4 5 5 5 5 5 5 13 5 5 5 13 5 5 5 5 5 
5 12 12 12 12 12 12 12 12 12 12 12 0 5 5 5 5 5 5 5 5 10 10 14 2 2 2 2 9 9 9 9 9 9 9 9 9 9 9 14 14 14 14 14 14 10 10 10 10 10 10 10 10 10 10 4 4 4 4 4 4 4 4 4 4 4 4 4 4 4 4 4 4 4 4 4 4 4 5 5 4 5 5 4 5 5 5 5 5 4 5 5 5 5 5 5 5 5 5 5 5 5 
12 12 12 12 12 13 13 12 12 12 12 12 12 12 12 12 12 13 5 5 5 2 2 2 2 2 2 2 2 2 2 9 9 9 9 9 9 9 9 9 9 9 9 9 9 8 8 10 10 10 10 10 10 10 10 10 10 4 4 4 4 4 4 4 4 4 4 5 4 4 4 4 13 4 4 13 5 13 13 13 13 13 13 5 
12 12 12 12 12 12 12 12 12 12 12 12 12 12 12 12 12 12 12 12 12 7 7 1 4 1 1 1 1 2 2 10 10 10 10 10 10 2 2 2 2 2 2 2 14 14 14 14 9 14 14 14 14 14 14 14 14 14 14 14 14 10 10 10 15 8 8 10 0 0 0 0 0 0 0 5 5 0 5 5 5 5 5 5 5 5 5 5 13 13 5 5 5 5 5 5 5 
13 13 12 13 4 13 13 5 5 5 5 13 13 12 12 12 12 12 12 12 12 12 12 12 12 12 12 12 12 12 5 5 2 2 2 2 2 2 2 2 2 2 2 2 10 10 10 10 10 10 10 10 10 10 10 10 10 10 10 2 10 10 0 4 4 4 4 4 4 5 5 5 5 12 12 12 5 5 12 12 13 5 5 5 5 5 5 13 
4 4 4 4 4 5 5 12 12 5 12 12 12 12 12 12 12 12 12 12 12 5 10 2 2 2 2 2 2 2 2 3 3 2 9 14 14 9 14 14 14 14 14 14 14 9 9 9 9 14 14 14 10 10 10 10 10 10 10 10 10 10 10 10 10 4 4 4 4 4 5 5 12 12 12 12 12 12 12 12 12 12 12 12 12 12 12 12 12 12 12 12 12 12 
13 13 13 13 12 13 13 13 13 13 13 13 13 13 13 13 5 5 13 13 12 7 1 13 12 12 12 13 12 1 5 5 5 5 10 2 2 2 2 2 2 2 15 15 9 9 9 9 9 9 9 9 9 9 8 8 9 14 14 14 10 14 10 0 14 10 0 10 10 10 10 10 0 0 4 4 4 4 5 4 5 4 4 5 5 5 5 5 5 5 5 5 5 5 12 13 
12 12 12 12 12 12 12 12 12 12 12 12 13 4 13 12 12 13 12 5 10 10 10 10 10 10 10 10 10 10 10 2 2 2 2 2 2 2 9 9 9 9 9 9 9 9 9 9 9 9 9 9 9 8 8 8 8 8 8 10 10 10 10 10 10 10 2 2 10 10 4 4 4 4 4 4 4 4 13 13 13 12 12 12 12 12 12 12 12 12 13 12 12 12 12 12 13 
12 12 12 12 12 12 13 13 13 13 12 13 12 12 12 12 12 13 13 5 5 10 2 2 2 2 2 2 2 2 2 2 2 9 11 11 9 11 9 9 9 9 9 9 9 9 9 9 9 10 10 10 10 10 10 10 10 10 10 0 4 4 4 13 13 13 13 13 13 13 12 12 12 12 13 12 12 12 12 12 12 12 12 12 12 
5 12 12 12 12 12 12 12 12 12 12 12 12 12 12 12 12 12 12 12 5 10 10 10 10 10 2 2 2 2 2 9 9 9 9 9 9 9 9 9 9 9 9 9 9 10 0 10 10 10 0 0 10 10 10 10 14 14 10 10 10 8 10 10 10 4 4 4 5 5 5 5 5 5 5 5 12 12 12 12 12 12 12 12 12 5 12 5 5 12 12 13 
13 13 13 13 13 13 13 5 4 5 5 13 13 13 13 5 13 13 13 13 13 12 12 12 12 13 4 13 12 12 12 1 12 12 12 12 4 4 13 13 13 13 4 10 2 2 2 2 2 2 2 2 2 2 2 9 9 9 9 9 9 9 9 9 9 9 9 9 9 8 8 8 8 8 10 10 10 8 8 8 8 8 8 8 8 8 10 10 0 0 4 0 4 4 4 4 4 4 5 5 5 5 5 5 5 5 5 5 5 5 5 5 5 13 13 13 
13 5 5 12 13 5 12 12 12 12 12 12 12 12 12 12 12 12 12 5 5 2 2 2 2 2 2 2 2 2 2 2 2 9 9 9 9 9 9 9 9 9 9 9 9 14 14 14 14 14 14 14 14 14 14 14 10 10 10 10 10 10 10 0 4 4 4 4 4 5 4 13 13 12 12 12 12 13 13 12 12 12 12 12 12 12 12 12 12 12 12 12 12 
12 12 12 12 12 12 12 12 12 12 12 12 13 13 13 13 13 4 4 5 2 2 2 2 2 2 2 2 2 9 9 9 9 9 9 9 9 9 9 8 8 8 8 8 8 8 10 10 10 10 10 10 10 10 10 10 8 10 10 10 0 4 4 4 4 4 4 4 4 13 13 13 13 13 13 13 13 12 12 12 12 12 12 12 12 12 12 13 
13 12 12 12 12 13 13 12 12 13 12 13 5 5 5 5 5 5 5 5 7 7 1 1 12 4 4 5 13 12 12 12 12 5 0 5 5 10 2 2 2 2 2 9 9 9 9 9 9 9 9 9 9 9 9 9 8 15 15 14 14 14 10 14 10 14 10 10 10 10 10 10 0 0 0 4 4 4 4 4 4 4 5 5 5 5 5 5 5 12 13 5 13 4 13 13 13 
13 4 13 13 13 13 12 13 12 13 13 13 13 12 13 13 12 13 12 12 12 7 7 12 12 1 12 13 13 12 13 13 13 5 5 5 2 2 11 2 2 2 2 2 2 2 2 9 9 9 9 9 9 9 9 8 8 8 8 8 8 8 8 3 3 10 10 10 10 10 10 10 10 10 10 10 10 10 10 0 4 4 4 4 4 4 4 13 13 4 13 5 13 13 13 13 13 13 
13 13 13 13 13 13 13 13 13 4 13 13 13 13 1 1 5 5 13 5 5 2 2 2 2 2 2 2 2 2 9 9 9 9 9 9 9 9 9 9 9 8 8 8 8 8 8 8 8 10 8 8 8 8 8 10 10 10 4 4 4 4 4 4 4 4 4 4 4 4 4 4 4 4 13 13 13 13 13 13 13 13 13 13 13 
