4 13 13 13 4 13 13 13 13 4 4 13 13 13 4 4 13 13 13 13 13 12 12 4 12 13 4 12 13 13 13 13 13 4 4 13 4 13 13 4 13 13 13 1 7 7 1 1 1 5 10 8 8 8 8 8 8 8 8 8 8 8 8 8 15 8 8 15 8 8 15 2 8 2 2 2 2 2 2 2 2 2 2 2 10 10 10 0 0 0 0 10 10 10 10 10 0 0 4 4 0 4 4 4 4 4 
4 4 4 4 5 4 4 5 5 13 5 13 13 13 5 5 4 4 4 4 5 4 5 1 1 1 5 4 4 8 15 15 15 15 8 8 8 8 8 3 3 8 8 15 15 8 6 6 5 5 5 5 4 4 0 0 0 0 0 0 0 0 0 0 0 0 5 5 5 0 0 5 5 5 0 
5 4 5 4 4 5 4 4 5 5 4 4 4 4 4 4 4 4 4 4 4 13 5 5 4 5 4 4 4 0 4 4 4 4 4 4 4 4 0 5 12 1 12 5 5 5 4 4 4 4 4 4 7 7 7 7 7 7 7 1 1 1 1 8 14 14 14 14 14 14 14 14 14 14 14 14 14 14 14 14 14 14 2 2 2 2 2 2 10 0 0 0 0 5 4 4 5 4 4 4 4 4 4 4 4 4 5 5 4 5 5 4 4 
5 13 13 13 13 13 13 12 12 13 13 13 13 13 12 13 13 13 13 13 12 1 7 7 7 7 1 1 8 8 8 8 8 8 8 8 3 15 15 15 15 15 15 14 14 14 15 15 15 10 10 10 10 0 0 0 5 5 0 10 0 0 0 0 0 0 0 0 0 5 0 0 0 0 0 0 0 0 0 0 
4 13 4 4 13 13 4 4 12 4 4 4 4 5 13 13 13 13 13 13 13 4 1 7 7 7 1 1 1 8 8 10 8 8 8 8 8 8 8 14 2 2 2 2 2 2 2 2 2 10 10 2 2 10 10 10 10 0 4 4 4 4 4 4 5 4 5 5 13 13 5 13 5 4 13 13 13 4 
12 13 13 13 13 12 12 13 13 13 13 13 13 13 13 13 5 13 13 13 12 1 7 7 7 1 1 1 6 8 8 8 8 8 8 8 8 8 8 3 3 3 3 14 14 14 14 2 2 2 2 2 10 0 0 0 0 0 0 0 0 0 0 0 0 0 0 0 0 0 5 0 5 4 4 5 5 5 5 13 
12 13 13 13 12 13 13 13 5 0 4 13 13 4 4 13 13 13 13 13 13 1 7 7 7 7 1 1 8 8 8 8 8 8 8 8 8 8 8 8 8 3 3 3 3 3 14 15 15 8 2 2 10 10 10 10 0 0 0 0 0 0 0 0 0 0 0 0 0 0 0 0 0 0 0 0 0 0 0 0 0 0 0 
13 13 13 13 13 13 13 13 13 13 13 13 13 13 13 13 13 13 13 13 13 12 7 7 7 1 1 1 8 8 15 15 15 8 8 8 8 8 15 15 15 15 3 3 3 3 3 3 3 15 15 15 15 14 14 2 2 2 2 0 0 0 0 0 0 0 0 0 0 0 5 13 5 5 13 13 13 13 13 13 13 13 13 13 13 13 13 
5 13 13 13 5 5 13 13 5 4 13 13 13 4 13 13 13 13 13 13 4 1 7 7 1 1 8 8 8 8 8 8 8 15 15 15 8 8 8 8 15 14 2 2 10 10 2 10 0 0 0 0 0 4 4 4 5 4 5 5 5 5 5 5 5 5 4 5 5 5 13 5 
0 0 4 0 4 0 4 0 0 0 0 4 13 13 5 5 13 13 13 13 13 12 13 13 13 12 7 7 7 1 1 1 1 8 8 8 8 8 8 8 8 8 8 8 8 8 8 8 8 8 8 8 8 8 8 8 8 8 8 2 2 10 8 8 8 8 8 10 10 0 0 0 0 0 0 0 0 0 0 0 0 4 4 0 0 4 13 13 13 0 13 13 13 13 13 13 4 13 
4 4 13 13 13 12 13 13 13 12 12 12 13 13 13 12 12 4 13 4 13 13 13 12 12 13 13 4 1 7 7 1 1 8 3 3 3 3 3 3 3 10 8 8 8 2 2 2 2 2 2 2 10 10 5 13 0 0 0 0 0 0 0 0 0 0 0 10 0 0 0 0 0 0 0 0 10 0 0 0 0 0 0 0 0 
12 12 5 12 12 12 12 12 12 12 12 12 12 5 1 7 7 1 1 1 1 10 10 14 14 14 14 14 14 14 14 14 14 14 14 14 14 14 14 14 14 14 14 2 2 2 2 0 0 0 0 0 5 5 5 5 13 5 12 12 12 12 12 12 12 12 12 12 12 12 12 12 12 12 
13 13 0 0 13 13 13 13 13 13 12 7 7 7 7 7 7 1 12 5 8 8 8 8 8 8 8 8 8 8 8 8 8 8 8 8 3 3 3 3 3 3 3 3 3 3 3 3 14 10 10 0 0 0 0 0 0 0 0 0 0 0 0 0 0 0 0 5 0 0 5 0 5 5 5 5 5 0 
13 13 13 13 13 12 13 13 13 13 13 12 13 13 12 13 12 13 13 12 4 1 7 1 1 6 15 15 15 15 15 15 15 15 15 15 15 14 14 14 14 14 10 10 14 2 2 2 2 10 10 10 10 0 0 4 4 4 5 5 5 5 5 5 5 5 5 5 5 5 13 13 13 5 13 12 13 13 
0 0 0 0 0 0 0 4 0 0 0 4 0 4 4 13 13 0 4 13 12 12 5 4 13 4 4 13 13 13 7 7 7 7 1 1 1 1 5 6 8 15 15 15 15 15 15 15 15 15 15 15 15 15 15 15 15 15 15 15 15 8 8 8 10 10 10 5 0 5 1 5 0 0 0 0 5 5 0 0 4 5 13 5 5 5 4 13 13 13 5 4 5 4 4 4 5 5 5 4 4 
5 13 4 13 13 13 5 5 4 4 13 5 4 5 5 13 13 5 5 4 13 12 12 12 12 12 1 5 5 4 4 4 13 5 4 13 13 13 13 5 13 4 13 4 4 1 7 1 1 4 8 15 15 15 15 15 15 15 15 15 15 15 15 15 15 15 15 14 2 2 2 2 2 2 2 10 0 0 0 0 0 5 13 5 5 5 4 5 5 13 4 13 13 13 5 5 5 5 5 
13 13 13 12 12 12 13 4 13 13 13 13 13 13 13 13 13 13 13 13 13 12 7 7 7 7 7 7 7 7 7 1 1 4 10 8 8 3 3 3 3 10 10 10 10 10 10 10 8 8 10 8 10 2 2 2 2 2 2 2 2 2 2 2 2 2 2 2 2 10 10 0 0 0 0 4 4 0 4 4 0 4 0 4 4 4 4 0 4 4 0 5 13 5 13 5 4 
13 13 13 13 13 13 13 13 13 13 13 13 13 13 5 0 0 0 5 13 13 13 12 7 7 7 7 7 7 7 1 5 8 8 8 8 8 8 8 8 8 8 8 8 8 8 15 8 15 15 15 14 14 2 2 2 2 2 2 2 2 2 9 9 9 9 0 0 0 0 0 4 0 0 0 0 0 4 13 13 13 13 13 13 13 13 13 13 13 13 13 13 
13 13 13 13 13 13 4 4 13 13 13 13 13 13 13 13 13 13 13 12 12 12 12 7 7 7 7 7 7 7 1 1 8 8 8 8 8 8 8 8 8 8 8 8 8 8 8 8 8 8 8 15 2 2 2 2 2 2 2 2 2 2 2 10 0 0 0 0 0 0 0 0 0 0 0 0 0 0 0 0 5 0 4 4 4 4 4 4 4 4 4 4 4 
5 5 5 5 5 5 5 5 5 5 5 5 5 5 5 5 5 13 5 13 13 5 5 5 7 7 13 4 5 1 1 1 7 7 13 13 13 13 13 13 13 13 13 13 7 7 7 7 1 1 8 15 15 14 14 14 14 14 14 14 14 14 14 14 14 14 14 14 2 2 2 2 2 2 0 0 0 0 0 0 0 0 0 0 0 0 0 5 5 5 5 5 5 5 5 4 4 5 5 5 5 
5 5 5 4 4 4 13 4 5 5 4 4 13 13 13 4 4 4 13 4 4 1 1 1 7 7 1 1 8 8 15 8 8 8 8 8 8 2 2 2 10 10 0 0 0 0 0 0 0 0 0 0 5 0 5 5 5 5 5 4 4 5 5 5 4 5 5 4 5 5 
5 5 5 5 5 5 5 5 5 5 5 4 4 4 4 5 13 4 0 4 4 4 4 4 4 4 4 5 5 5 5 4 4 4 12 12 13 4 0 0 0 0 0 0 5 5 13 12 1 13 1 7 7 7 7 7 1 1 4 8 8 10 8 8 10 10 10 10 10 10 10 10 10 10 3 10 10 3 14 10 10 10 8 2 2 2 10 10 10 0 0 0 0 0 0 0 0 0 0 0 0 0 0 5 5 5 5 5 5 5 5 5 13 13 13 13 13 
13 13 13 13 13 13 13 13 13 13 13 13 13 13 13 13 4 4 13 12 13 1 7 7 7 7 1 1 4 8 8 8 8 8 8 8 8 10 8 8 8 8 8 8 8 8 8 8 8 8 8 15 15 2 2 2 2 2 10 10 0 0 0 0 0 4 0 4 4 4 4 4 0 4 4 4 4 13 13 5 4 4 4 
5 13 4 4 5 4 4 4 13 5 13 13 5 5 5 4 4 5 13 13 4 5 1 1 1 4 0 15 15 15 15 15 15 15 15 15 15 2 2 2 2 2 10 10 0 0 0 4 4 5 4 5 5 5 5 4 13 13 13 13 13 13 4 13 13 5 13 
13 13 13 13 13 13 13 13 13 13 13 12 13 4 4 12 12 13 12 13 13 1 7 7 7 7 7 1 6 3 8 8 3 3 3 3 8 8 8 8 8 8 8 14 14 14 14 14 14 2 2 2 2 2 2 2 2 2 10 10 0 0 0 0 0 0 0 0 5 0 0 5 0 0 5 5 5 0 0 0 0 0 0 0 0 
13 13 13 13 13 13 13 13 13 13 13 13 13 13 13 13 13 13 13 13 13 5 7 7 7 7 1 1 5 10 10 10 8 8 8 6 6 8 3 3 3 3 3 3 3 3 3 3 3 3 15 15 15 15 15 15 15 10 8 10 0 0 0 0 0 0 0 0 0 0 0 0 0 0 0 0 4 0 0 4 4 0 4 0 4 4 4 
4 4 4 4 13 4 13 13 4 5 13 13 13 13 13 13 13 13 13 13 4 7 7 7 7 7 7 7 7 7 1 1 8 8 8 8 15 15 15 15 8 15 15 2 2 2 2 2 2 2 2 2 2 2 2 2 2 2 2 2 2 2 2 10 10 0 0 4 4 0 0 4 4 0 0 0 0 0 0 0 0 0 0 4 5 4 4 4 0 4 4 4 4 4 4 4 4 5 
13 13 13 12 13 13 13 13 13 5 13 5 13 13 5 13 13 13 13 13 4 1 7 7 7 1 1 8 8 8 8 8 8 8 8 8 8 8 8 3 3 3 14 14 14 14 14 14 2 10 10 10 2 2 2 10 0 0 0 0 0 5 5 5 5 13 13 13 13 13 13 13 13 5 13 13 5 13 13 
13 13 13 13 13 13 13 13 13 13 13 13 13 13 13 13 5 5 4 4 4 12 7 13 4 5 13 13 12 13 5 13 13 13 13 13 13 13 12 13 12 12 7 7 7 7 7 7 7 1 6 8 8 8 8 15 8 15 15 15 15 15 15 15 15 15 14 14 14 14 14 14 14 14 2 2 2 2 2 2 2 10 0 0 0 0 0 0 0 0 0 0 0 0 0 0 0 0 5 0 0 0 0 0 0 0 0 
13 13 13 13 13 13 13 13 13 13 13 13 13 13 13 12 13 13 13 13 13 4 4 13 7 7 5 0 5 5 13 12 13 13 12 1 7 7 7 7 7 1 6 8 15 3 3 3 3 3 3 3 15 3 15 15 3 15 15 2 2 2 2 2 10 2 2 2 2 10 10 10 0 0 0 0 0 0 0 0 0 0 0 0 0 0 0 0 0 0 0 0 
13 13 13 13 13 13 13 13 13 13 13 13 4 0 5 0 0 0 0 5 4 7 7 7 7 1 1 8 8 8 8 8 8 8 8 8 8 8 8 8 8 15 15 15 15 15 15 9 2 2 2 2 2 2 2 10 10 2 10 10 10 0 4 4 4 0 13 13 13 13 13 13 13 13 13 13 13 13 13 13 13 13 13 13 13 13 4 
13 13 13 13 13 13 13 13 13 13 13 13 13 13 13 13 13 13 13 13 12 7 7 7 7 1 1 8 15 15 15 15 15 15 15 15 15 15 15 15 15 15 15 15 15 15 2 2 2 2 2 2 9 0 0 0 0 0 0 0 0 0 0 0 0 4 4 13 13 5 5 13 13 13 13 13 13 13 
5 13 13 5 12 13 13 13 13 13 12 13 13 13 5 13 5 13 13 13 13 12 7 7 7 7 1 1 5 8 14 15 15 15 14 14 15 14 8 15 14 14 14 14 14 14 14 14 14 14 14 14 14 10 2 2 2 2 2 10 10 0 0 0 5 5 0 0 0 5 5 5 5 5 0 5 5 5 5 5 5 5 5 5 5 13 5 5 
0 0 0 0 0 0 0 0 0 0 0 0 0 0 0 0 5 5 0 0 5 13 12 5 7 7 12 13 13 13 13 13 12 12 13 12 13 13 13 13 13 13 5 0 0 13 13 13 4 13 1 7 7 1 5 8 8 3 8 15 15 15 15 15 15 15 15 15 15 15 15 15 15 15 15 15 15 15 15 15 15 15 2 2 14 2 2 2 2 2 10 10 10 0 0 0 0 0 5 5 5 13 13 5 13 13 5 13 13 13 5 13 5 5 13 5 5 5 13 13 
0 0 0 4 4 4 4 13 13 13 5 13 13 13 12 13 13 13 13 13 13 12 7 7 7 1 1 8 8 8 15 15 15 15 15 15 15 15 15 15 15 15 15 15 15 15 15 2 2 2 2 0 0 0 0 0 0 0 0 0 0 0 0 0 0 5 4 13 13 13 13 13 13 13 5 5 5 5 5 5 5 5 5 5 
13 13 13 13 13 13 13 13 13 13 12 13 13 13 4 4 4 4 13 13 13 7 7 7 7 1 1 8 8 15 15 15 15 15 15 15 15 15 15 15 2 2 2 2 2 2 2 2 2 2 2 2 2 2 2 10 10 0 0 0 0 0 4 0 4 13 4 4 13 4 13 13 13 13 13 13 13 13 13 13 13 13 13 13 
13 13 13 13 13 13 13 13 12 13 13 13 13 13 13 13 13 13 13 13 13 4 1 7 7 1 1 4 1 8 8 8 8 8 8 8 8 8 15 8 15 15 15 15 15 15 15 9 9 2 2 2 2 2 2 2 10 0 0 0 0 0 0 0 0 0 4 0 5 5 5 5 0 5 5 5 5 5 5 5 5 5 5 5 
13 13 4 4 4 4 4 4 4 4 13 4 4 4 4 4 4 4 4 4 4 1 7 7 7 7 7 7 1 8 8 8 6 6 6 8 8 8 8 8 8 8 8 8 8 14 14 14 15 14 2 10 10 10 10 10 10 10 0 0 0 0 0 0 0 0 0 0 0 0 0 4 0 0 0 4 4 4 4 
13 5 4 5 5 4 0 4 5 4 4 4 13 4 4 4 4 4 4 13 13 12 5 5 5 4 12 12 13 4 4 4 13 13 4 4 1 7 7 7 7 1 1 1 8 8 8 8 8 8 8 8 8 2 2 2 2 2 2 2 2 2 2 2 2 2 2 2 2 10 10 0 0 0 0 0 0 0 4 4 4 4 4 4 4 0 4 4 4 4 4 4 4 4 4 4 4 
