13 13 13 13 5 4 5 13 13 4 4 5 4 4 4 4 4 4 4 4 4 4 4 4 4 4 4 13 13 13 13 13 4 12 12 12 7 7 1 4 4 13 13 13 13 13 13 13 13 13 13 13 13 4 13 12 13 13 13 13 13 1 1 1 8 15 15 15 15 15 15 15 15 11 11 11 11 11 11 11 11 11 15 15 15 15 8 15 8 8 8 3 6 6 6 6 6 6 6 6 6 6 6 6 6 6 6 6 6 6 0 0 4 0 4 4 4 4 4 4 4 4 13 13 13 13 13 13 13 
13 13 13 13 13 13 13 13 13 13 13 13 13 13 13 13 13 13 12 12 13 5 5 5 13 13 13 13 13 13 13 12 7 5 4 4 13 5 5 1 1 1 8 2 15 11 11 11 11 11 11 11 11 11 15 15 15 15 15 15 3 3 3 3 3 3 3 3 6 6 6 6 10 4 4 4 0 0 5 5 0 5 0 5 5 5 5 5 5 5 5 5 5 5 5 5 5 5 5 5 5 
13 13 13 13 13 13 13 4 13 5 5 5 12 12 12 1 1 1 1 1 1 7 7 7 1 1 5 0 10 10 11 11 11 11 11 11 11 11 11 11 11 11 14 14 14 3 3 3 3 3 3 3 3 3 3 3 3 3 3 2 2 2 10 10 0 0 13 5 5 13 5 13 4 4 13 13 12 13 4 13 12 13 13 13 13 13 13 5 13 13 13 13 
12 12 12 12 12 12 12 12 12 12 12 12 1 1 1 14 14 14 14 11 11 11 11 11 14 14 14 15 15 15 15 3 3 3 6 6 6 6 6 6 6 6 6 6 4 4 4 12 13 4 4 4 0 0 5 0 5 5 5 5 5 5 5 5 5 5 5 5 5 5 5 5 5 5 5 5 5 0 
13 5 5 5 0 0 0 5 5 13 13 5 4 4 5 12 12 12 12 12 13 5 1 1 6 10 9 9 9 11 11 11 11 11 11 11 11 14 14 10 10 6 6 6 6 6 6 6 6 6 6 6 6 6 6 6 6 6 10 10 4 4 4 4 4 4 5 13 4 13 13 13 13 5 5 13 13 13 5 13 13 13 13 13 13 
13 13 13 13 13 13 13 13 13 13 13 5 13 13 13 13 13 12 12 12 12 7 1 1 1 1 1 1 8 9 11 11 11 11 11 11 14 14 14 14 3 3 3 3 3 6 6 6 6 6 6 6 6 6 6 10 0 0 0 4 0 5 4 4 4 13 4 0 4 4 4 4 4 5 5 5 5 5 13 5 5 5 5 
12 12 12 12 13 12 12 13 13 13 13 13 13 13 12 12 13 12 13 1 1 8 14 14 11 11 11 11 11 11 11 11 11 11 15 15 15 15 8 8 8 8 6 6 6 6 6 6 6 6 6 6 8 10 0 0 0 0 0 0 0 0 0 0 0 0 0 5 5 5 0 5 0 5 5 0 5 5 5 5 5 5 5 
12 12 13 13 13 13 13 13 13 13 13 13 12 13 13 13 13 13 12 12 12 1 1 1 8 9 11 11 11 11 11 11 11 11 11 11 11 11 11 11 11 15 15 15 14 3 3 3 3 3 3 3 3 3 3 6 6 6 6 6 6 6 4 4 4 4 4 4 4 4 13 13 13 13 13 13 13 13 13 13 13 13 13 13 13 13 13 13 13 
12 13 12 12 12 13 5 5 5 5 13 5 5 12 12 12 12 12 12 12 12 1 7 7 1 8 10 11 11 11 11 11 11 11 11 11 11 14 14 14 14 3 8 6 3 6 6 6 6 6 6 6 6 4 4 4 4 4 4 4 4 4 4 4 4 5 4 4 5 0 5 0 5 5 5 5 5 5 5 5 5 5 13 
0 4 4 4 4 0 0 0 0 0 0 0 4 4 4 4 4 4 4 4 4 4 4 4 4 4 4 4 4 4 4 4 4 4 4 4 13 4 4 4 4 4 4 4 4 0 0 0 0 0 0 5 5 5 4 4 13 5 1 1 13 13 13 12 1 1 1 9 11 11 11 11 11 11 11 11 11 11 11 11 15 15 8 8 8 8 6 6 6 6 6 6 6 6 6 6 6 6 6 6 6 6 6 6 6 6 6 12 4 4 4 5 4 12 5 0 0 4 0 5 5 5 5 5 4 0 5 0 0 0 0 0 0 0 0 0 0 0 0 0 0 0 0 0 0 0 0 0 0 0 13 5 1 12 4 0 0 4 4 13 5 13 4 4 5 5 5 4 5 5 5 0 0 0 5 5 5 5 5 5 4 4 0 
12 12 13 12 12 12 12 12 12 12 12 12 12 12 12 4 4 4 12 12 12 12 12 12 12 12 12 1 1 1 8 14 11 11 11 11 11 11 11 11 11 14 14 14 14 14 10 3 10 10 3 6 6 6 6 6 6 6 6 6 4 4 12 5 0 0 0 0 5 5 5 5 5 5 5 5 5 5 5 5 5 5 5 5 5 5 0 
5 5 12 12 12 12 12 12 1 1 1 1 5 9 11 11 11 11 11 11 11 11 11 11 11 11 14 14 14 14 15 3 3 6 6 3 3 3 3 3 3 3 6 6 6 6 6 6 4 5 4 13 13 4 5 13 13 13 13 12 12 12 12 12 12 12 12 12 12 12 12 12 12 12 
12 12 12 12 12 12 12 12 12 12 12 1 1 7 1 8 8 15 11 11 11 11 11 15 15 14 14 14 14 14 14 14 14 14 14 14 14 14 3 3 3 3 3 3 3 3 6 6 6 6 6 6 6 6 6 6 5 5 5 5 5 5 5 5 5 5 5 5 5 5 5 13 5 5 5 5 5 5 13 5 5 5 5 5 5 
12 12 12 12 13 12 12 12 12 12 12 12 12 12 12 12 5 12 12 12 1 1 5 10 14 11 11 11 11 11 11 11 11 14 14 14 14 3 3 3 3 3 6 6 6 6 6 6 6 6 6 6 6 6 10 10 10 0 5 5 5 5 5 4 5 5 5 5 5 4 5 5 5 5 5 5 13 12 12 12 
13 13 4 0 0 4 4 4 4 4 4 13 4 5 4 0 0 4 13 4 13 7 1 4 12 5 12 13 13 12 12 12 12 12 12 4 4 13 13 13 13 5 0 0 0 5 1 1 1 7 7 7 7 7 7 7 7 1 1 8 15 15 11 11 11 11 11 11 11 11 11 11 15 15 15 15 14 3 3 3 3 3 3 3 3 3 6 6 6 6 6 6 6 10 0 0 0 0 0 12 5 0 0 0 0 0 0 0 0 0 5 4 4 4 0 4 12 5 5 4 4 5 13 13 13 5 4 13 13 13 
13 13 13 13 13 13 13 13 13 5 13 13 13 13 13 13 13 13 5 13 5 5 0 5 5 1 1 5 5 4 4 4 10 11 11 11 11 11 11 11 11 15 15 15 15 15 8 8 8 8 8 8 8 3 3 3 8 3 6 6 6 6 6 6 6 6 6 6 6 6 6 5 4 4 4 4 4 4 0 0 0 0 0 0 0 5 13 5 13 13 13 13 13 13 13 13 13 12 13 13 13 13 13 13 13 13 
4 4 4 12 13 13 13 5 4 13 13 13 5 13 13 12 12 7 7 7 12 12 13 13 13 13 13 13 5 13 4 4 4 4 5 5 13 12 12 12 12 1 7 7 7 7 1 1 1 1 10 10 10 10 11 11 11 11 11 11 11 11 11 11 11 11 11 14 14 15 15 15 3 8 3 3 3 3 3 3 3 6 6 6 6 6 6 6 6 6 6 6 0 0 4 4 0 0 0 0 0 0 0 0 0 0 0 4 4 4 0 4 4 4 0 0 4 4 4 
13 13 13 13 13 13 13 13 13 13 13 13 13 13 13 13 4 13 13 13 12 7 1 13 4 4 0 0 0 4 4 5 12 12 7 7 1 1 1 8 15 11 11 11 11 11 11 11 11 11 11 14 15 15 15 3 8 6 6 6 6 6 6 6 6 6 6 6 6 6 6 6 6 10 0 0 0 0 0 0 0 0 0 0 0 0 0 0 0 4 0 4 13 13 5 13 13 13 
5 5 13 13 13 13 5 5 5 5 13 12 13 13 13 5 5 5 5 5 4 4 5 5 13 13 5 5 13 13 12 7 7 12 4 4 5 0 0 5 5 13 13 1 1 1 10 11 11 11 11 11 11 11 11 15 15 14 14 3 3 3 3 3 3 3 3 3 3 3 6 10 10 10 0 0 0 0 0 0 0 0 0 0 5 5 5 5 5 5 5 5 5 5 5 5 5 5 5 5 5 
12 5 12 5 5 5 5 5 5 12 5 5 13 13 12 5 5 5 5 5 5 1 7 7 5 12 12 5 13 13 12 5 5 12 12 12 12 5 1 1 1 4 14 14 14 11 11 14 14 14 14 14 14 3 3 3 3 3 3 3 3 3 3 6 6 6 6 6 10 0 4 5 5 5 5 5 5 5 5 5 5 5 5 5 5 5 5 5 5 5 5 5 5 5 5 5 
5 13 13 13 13 13 4 13 13 13 13 13 13 13 13 13 13 12 12 13 4 4 1 1 1 10 11 11 11 11 11 11 15 15 15 15 15 15 8 8 8 2 10 10 0 0 0 0 0 0 5 5 5 5 5 5 5 5 5 5 5 5 5 5 13 5 13 13 13 5 5 
12 12 12 12 12 12 12 12 12 12 0 0 12 12 12 12 12 12 12 12 12 7 7 12 12 12 12 12 12 12 12 5 1 1 0 2 11 11 11 11 11 11 11 11 11 11 11 11 11 11 14 14 14 14 14 3 3 3 3 3 6 6 6 6 6 6 4 4 4 4 4 4 5 4 5 5 5 5 5 5 5 5 5 5 5 5 5 5 5 5 5 5 5 5 
13 13 13 13 13 13 12 13 13 13 13 13 13 13 13 13 13 13 12 13 13 1 1 1 4 4 10 2 11 11 11 11 11 11 11 11 11 11 11 15 15 15 15 15 8 3 3 3 3 3 3 3 3 6 6 6 6 6 6 6 6 4 4 4 4 4 5 13 13 13 13 13 13 13 13 13 13 13 13 13 13 13 12 12 13 13 13 13 
5 5 5 4 4 4 4 4 4 5 5 5 4 4 5 5 4 5 5 5 5 10 10 5 5 5 5 5 5 5 5 5 5 5 5 4 1 1 8 10 10 14 11 11 11 11 11 15 15 15 15 15 15 15 3 3 3 10 10 0 0 0 0 0 5 5 5 5 4 5 5 5 5 5 5 5 5 5 5 5 5 5 5 5 4 5 5 5 5 5 5 5 5 5 5 5 5 5 5 5 5 5 5 5 5 5 4 4 4 0 5 5 1 1 5 5 5 5 4 5 5 5 5 5 5 5 5 5 0 5 5 5 5 0 0 0 4 5 5 5 4 5 4 
5 5 5 5 5 12 12 12 5 5 5 5 5 5 12 12 12 5 12 12 5 0 5 5 5 1 1 1 1 5 1 1 1 10 14 14 14 14 14 14 11 11 14 14 14 14 14 14 14 14 14 14 3 3 3 3 3 3 6 6 6 6 6 6 6 6 6 4 4 4 4 4 4 4 4 4 4 4 4 4 0 0 0 0 0 0 0 0 0 0 0 0 0 5 0 0 5 0 5 5 5 5 5 5 5 5 5 5 5 5 5 5 5 0 0 0 5 4 4 0 0 5 13 5 5 5 5 5 5 5 5 5 5 5 5 5 5 5 5 12 5 5 12 5 5 
13 12 13 13 13 5 13 13 13 13 13 13 13 13 5 5 5 5 13 13 5 13 1 1 10 14 14 14 14 11 11 11 11 11 11 11 14 14 14 14 14 14 14 3 3 3 3 3 3 6 6 6 6 6 6 6 1 1 1 12 5 1 5 5 13 13 5 4 4 5 13 5 13 4 5 5 5 5 5 5 5 5 13 13 13 5 13 5 5 
13 13 13 13 13 12 13 13 13 13 13 13 13 13 13 13 13 5 12 5 13 1 4 4 12 4 5 5 5 5 1 1 1 1 1 1 1 1 1 1 1 9 11 11 11 11 11 11 11 11 14 14 14 14 3 3 3 3 3 3 3 3 3 6 6 3 6 10 10 10 10 0 0 0 0 0 0 0 0 0 0 0 0 0 4 4 4 5 5 5 5 5 5 4 5 5 5 5 5 5 5 5 5 13 5 4 5 5 5 5 5 5 5 5 5 5 
4 0 0 5 5 5 12 12 12 12 12 12 13 13 13 12 12 12 12 12 1 1 1 1 4 10 11 11 11 11 11 11 11 11 11 11 11 14 14 14 14 3 3 3 3 3 6 6 6 6 10 6 6 6 10 6 6 5 5 5 5 13 12 12 12 12 12 12 12 12 12 12 12 12 12 12 12 12 12 
5 5 5 13 5 5 5 13 13 13 13 13 13 13 13 5 5 13 5 4 7 7 7 7 1 5 4 12 1 1 12 0 5 13 13 12 13 13 13 12 13 5 5 5 12 1 1 7 7 7 1 1 7 1 1 1 1 8 14 11 11 11 11 11 11 11 11 11 11 11 14 14 14 14 3 3 3 3 3 3 3 3 3 3 3 3 3 6 6 6 6 6 6 4 4 4 4 4 0 0 0 0 0 0 0 10 10 10 0 10 10 10 10 10 10 10 10 10 0 10 10 10 10 10 0 0 0 10 10 10 10 0 0 0 0 0 5 5 5 5 5 5 5 5 5 5 5 5 5 5 4 12 4 5 5 5 5 5 5 5 5 5 13 5 12 12 5 13 13 13 5 5 5 5 13 5 5 13 12 5 5 
5 5 5 5 5 5 5 5 5 5 5 5 5 5 5 5 5 5 5 5 5 7 7 1 5 4 5 5 5 5 5 5 5 5 5 5 5 5 5 5 0 5 5 5 5 5 5 5 5 5 5 5 0 5 5 1 1 1 8 11 14 14 14 14 14 14 14 3 3 3 3 3 3 3 3 3 3 3 3 6 6 3 6 6 4 0 0 0 0 0 0 0 0 0 0 0 0 0 0 0 0 0 0 0 0 0 0 5 0 0 5 5 
13 12 13 13 12 13 13 13 13 13 13 13 12 13 4 13 13 13 13 12 13 12 1 1 1 8 14 14 11 11 11 11 11 11 11 11 11 11 11 11 11 11 11 11 11 14 14 8 8 8 8 8 3 3 3 6 6 6 6 6 6 6 6 6 6 6 6 4 4 4 4 13 13 13 13 13 13 13 13 12 13 13 13 13 13 13 13 12 13 12 12 12 13 
13 13 12 13 13 13 13 13 13 13 13 13 13 13 12 13 12 13 13 13 13 1 1 1 8 14 11 11 11 11 11 11 11 11 2 2 2 2 10 10 15 15 3 3 3 3 3 3 3 6 6 6 6 6 4 4 4 4 4 4 4 13 13 5 5 5 13 5 13 13 13 13 12 13 13 13 13 13 13 13 13 
12 12 12 12 12 12 12 12 12 12 12 12 13 13 12 13 12 12 12 12 1 1 1 10 14 14 11 11 11 11 11 11 11 11 11 14 14 14 14 14 14 14 14 3 3 3 3 3 3 6 6 3 3 3 6 6 6 6 6 6 6 6 6 6 5 5 12 12 12 13 5 5 5 5 5 5 5 5 5 5 1 1 5 5 5 5 5 5 
12 13 4 4 13 13 13 13 13 13 13 13 13 13 13 5 13 4 4 12 12 1 7 7 1 1 1 1 10 11 11 11 11 11 11 11 11 11 15 15 15 8 8 8 8 6 6 6 6 6 6 6 6 6 6 6 6 6 6 6 6 6 6 6 6 6 6 6 10 0 0 0 0 0 13 12 4 4 4 4 4 4 5 13 13 5 13 13 5 5 5 0 5 0 0 5 5 5 5 5 0 5 4 0 5 0 
5 5 5 13 13 13 5 5 5 5 5 5 5 13 5 5 13 13 13 0 0 0 5 5 5 13 13 4 5 5 13 13 13 5 12 1 12 5 5 5 5 12 5 5 1 1 1 1 1 1 1 8 2 11 11 11 11 11 11 11 11 11 14 14 14 14 14 14 14 3 3 3 3 3 3 3 3 3 3 3 3 3 6 6 6 6 5 12 13 5 1 6 6 0 0 5 5 5 5 12 5 7 7 13 5 13 5 5 5 5 5 5 5 5 5 5 5 5 5 5 5 12 5 5 13 5 5 5 5 5 5 5 13 
13 13 13 13 12 13 13 13 13 13 13 12 12 13 13 4 4 13 13 13 13 1 1 15 14 11 11 11 11 11 11 15 15 15 15 8 8 8 8 8 8 6 6 6 6 6 6 6 6 6 6 6 6 6 6 6 10 0 4 4 4 4 4 4 4 4 4 4 13 13 13 13 13 13 13 13 13 13 13 13 13 
13 13 13 13 13 13 13 13 13 13 13 13 13 13 13 13 13 13 13 13 13 13 5 5 5 5 13 4 4 13 12 1 1 7 7 7 1 1 1 4 8 11 11 11 11 11 11 11 11 11 11 11 15 15 15 15 3 8 3 3 3 3 3 6 6 6 6 6 6 6 4 4 4 4 4 4 4 4 4 0 0 4 4 5 5 5 13 13 13 13 13 13 13 13 13 13 
13 13 13 13 13 13 13 13 13 13 13 13 13 13 4 13 13 13 4 0 0 5 5 13 13 13 5 12 5 1 1 1 1 8 8 8 15 11 11 11 11 11 11 11 11 8 8 8 8 6 6 6 6 6 6 6 6 6 6 6 6 6 6 6 6 6 6 4 4 4 4 4 0 0 4 4 0 4 0 0 0 0 4 4 0 4 4 0 4 4 4 0 
13 13 13 13 13 13 13 13 13 13 13 13 13 13 13 13 13 13 13 12 12 7 7 12 12 4 5 0 4 4 0 13 5 5 5 5 5 5 12 1 1 7 1 8 11 11 11 11 11 11 11 11 11 11 15 15 15 15 15 3 3 3 3 3 3 3 3 6 6 6 6 6 6 6 6 6 6 6 6 4 4 4 0 4 0 4 0 0 0 4 4 0 13 0 0 5 5 5 5 4 5 13 13 13 4 4 
