6 6 6 6 6 6 6 6 6 6 6 6 6 6 6 6 6 6 6 6 6 6 4 6 6 7 6 9 13 13 13 6 6 4 6 6 6 6 6 6 6 6 6 5 5 5 5 5 5 5 5 5 5 5 11 11 11 11 11 11 12 12 11 11 12 11 12 12 3 3 3 3 5 5 5 0 10 10 10 10 10 15 15 9 15 15 15 15 9 13 15 9 9 9 9 9 15 15 15 15 15 9 9 15 9 15 15 9 
6 6 6 6 6 6 6 6 6 6 6 6 6 6 1 1 6 6 6 6 1 4 6 13 4 13 1 1 1 9 9 9 5 5 5 5 5 5 5 5 5 5 11 11 11 11 11 11 11 11 11 11 11 11 11 11 14 14 14 14 3 3 3 10 10 10 10 10 10 10 10 10 10 10 10 10 10 13 13 13 13 13 13 13 13 13 15 15 15 15 15 15 1 1 1 1 1 6 6 6 6 6 6 6 6 6 6 6 6 6 6 6 
6 6 6 6 6 6 6 6 6 6 6 6 1 6 1 1 6 6 6 9 9 10 5 5 5 5 5 11 11 11 11 11 11 11 11 11 11 11 14 14 14 14 14 14 3 10 10 10 10 10 10 10 10 10 10 10 10 10 13 13 13 15 9 13 9 9 9 9 9 9 9 9 9 9 9 9 6 9 9 9 9 9 9 9 9 
1 1 1 1 9 9 9 9 9 1 1 9 9 9 1 9 1 1 1 1 9 4 4 13 15 15 15 15 15 15 15 9 9 9 9 9 15 15 15 15 15 15 15 15 15 10 10 10 5 5 5 5 5 5 5 5 5 5 5 5 2 2 11 11 11 11 11 11 11 11 14 14 14 14 14 10 10 10 10 10 10 10 10 10 10 10 15 15 15 15 15 15 15 15 15 15 13 15 15 15 13 13 13 13 15 13 13 13 13 13 9 13 13 13 13 13 13 13 13 13 13 13 13 13 9 13 13 9 9 9 9 9 9 9 9 13 13 13 13 13 13 13 13 6 6 4 4 4 4 4 4 4 4 4 4 4 4 4 4 4 4 4 4 4 6 6 13 13 13 13 13 13 13 13 9 1 9 1 9 9 9 9 1 1 1 1 9 1 1 1 1 9 9 1 
6 6 6 6 6 6 6 6 6 6 6 6 6 6 6 6 6 6 6 9 9 5 5 5 5 5 5 5 5 11 11 11 11 11 11 11 11 11 11 11 11 11 11 14 14 14 14 14 3 10 10 10 10 10 10 10 10 10 10 10 10 14 14 14 14 13 13 13 13 13 1 1 1 6 6 6 6 6 6 6 6 6 6 6 
6 6 6 6 6 6 6 13 13 1 1 6 6 6 6 6 1 1 1 9 9 5 5 5 5 5 5 5 11 11 11 11 11 11 11 11 11 11 11 11 11 14 14 14 14 10 10 10 10 10 10 10 10 10 10 10 9 9 13 9 13 13 13 1 1 9 1 6 6 6 6 6 6 6 6 6 6 6 6 
6 6 6 6 6 6 6 6 6 6 6 6 6 6 6 6 9 9 9 9 10 10 10 10 10 5 5 5 5 5 11 12 12 12 11 11 11 11 11 11 11 11 11 14 14 10 10 10 10 10 10 10 10 10 10 10 0 10 10 10 10 10 9 13 15 1 1 1 1 1 6 6 6 6 6 6 6 6 6 6 6 6 6 6 6 6 6 6 
6 6 6 6 6 6 6 6 6 6 6 6 6 6 6 6 6 6 6 6 9 0 10 5 10 10 5 5 5 5 5 5 5 5 5 5 11 11 11 11 11 11 11 11 11 11 11 11 11 14 14 14 14 3 14 3 10 10 10 10 10 10 9 13 13 13 13 1 1 1 1 1 9 1 1 1 9 6 6 9 6 6 1 6 6 6 1 6 6 6 6 6 6 1 
6 6 6 6 6 6 6 6 6 6 6 6 6 6 6 6 6 6 6 6 6 6 6 9 9 1 6 1 1 1 9 10 10 12 12 12 5 5 5 5 5 5 11 11 11 11 11 11 11 11 11 11 11 14 3 3 3 12 12 12 12 12 12 10 10 10 10 10 10 15 15 15 13 1 9 9 9 9 9 1 6 6 6 6 6 6 6 6 6 6 6 6 6 6 
9 9 9 9 9 9 9 6 6 9 13 6 1 6 6 1 9 9 9 9 10 5 5 5 5 5 5 5 11 11 11 11 11 11 11 11 11 12 12 12 10 10 10 10 10 10 15 13 9 9 9 1 6 6 6 6 6 6 6 6 6 6 6 6 6 6 6 6 6 6 
6 6 6 6 6 6 6 6 6 6 1 6 6 6 6 6 6 6 6 6 1 13 13 6 6 4 7 6 6 6 6 6 6 6 9 9 9 10 5 5 5 5 5 5 5 5 5 5 5 5 11 11 11 11 11 11 11 11 11 11 14 10 10 10 10 10 10 10 10 10 10 10 10 15 15 13 13 15 13 13 13 13 13 9 9 9 9 9 9 9 9 9 9 9 9 9 1 
6 6 6 6 6 6 6 6 6 6 6 6 6 6 6 6 6 6 6 6 6 9 10 5 5 5 5 5 5 5 5 11 11 11 11 11 11 11 11 11 11 11 11 11 11 12 10 10 10 10 10 10 10 10 10 10 10 10 10 13 9 9 13 13 13 9 9 9 9 9 9 9 6 6 9 6 6 6 6 6 6 6 6 6 
1 1 6 1 6 6 6 6 6 6 6 6 6 6 6 6 6 6 6 1 6 6 6 13 13 13 13 6 6 6 6 15 15 15 9 1 6 9 9 10 5 5 5 5 5 5 5 5 5 5 5 5 11 11 11 11 11 11 11 11 11 11 11 11 11 11 11 11 11 14 14 14 14 15 10 10 10 10 10 10 10 10 10 10 10 10 10 10 10 10 10 10 9 13 13 13 13 9 9 9 6 1 1 
1 6 6 6 6 6 1 1 6 6 6 6 6 6 1 1 1 9 9 9 9 9 10 5 5 5 5 5 5 11 11 11 11 11 11 11 11 11 11 11 11 11 11 11 11 11 11 3 3 12 10 10 10 10 10 10 10 10 10 10 10 15 13 13 15 15 13 13 9 9 9 9 9 1 9 9 9 9 9 9 6 6 9 1 1 9 9 9 9 1 6 9 9 9 1 1 1 
6 6 6 6 6 6 6 6 6 6 6 6 6 6 6 6 6 6 6 6 6 15 15 9 6 6 6 6 6 9 6 1 6 6 6 6 9 9 9 9 10 10 10 0 10 10 5 5 5 5 5 5 5 5 5 11 11 11 11 11 11 11 11 12 12 12 12 12 12 12 3 12 10 10 10 10 10 10 5 5 10 10 10 10 10 9 9 6 6 6 9 6 9 6 6 6 6 6 6 6 6 6 6 6 6 6 6 6 6 1 
9 9 9 9 9 9 9 6 6 6 6 6 6 6 6 6 6 6 6 6 9 9 10 12 12 8 8 8 11 11 11 11 11 11 11 11 11 11 11 14 14 14 14 14 10 10 10 10 10 10 10 10 10 10 13 13 13 13 9 9 9 15 15 9 9 9 9 9 9 9 9 9 9 9 9 9 9 9 9 9 
6 6 6 6 6 6 6 6 6 6 6 6 6 6 6 6 6 6 9 9 5 5 5 5 5 5 5 5 5 5 11 11 11 11 11 11 11 11 12 12 12 10 10 10 10 10 10 10 10 10 10 10 10 10 10 9 9 9 6 9 9 6 6 6 6 6 6 6 6 6 6 6 6 6 6 6 6 6 
6 6 6 6 6 6 6 6 6 6 6 6 6 6 6 6 6 6 6 9 9 5 5 5 5 5 11 11 11 11 11 11 11 11 11 11 11 11 11 11 14 14 14 14 10 10 10 10 10 10 10 10 10 13 13 13 13 13 13 13 13 13 13 9 13 9 9 9 9 9 9 1 9 9 9 9 9 9 9 9 
6 6 6 1 1 1 6 6 6 6 6 6 1 1 6 6 6 6 6 6 9 10 10 10 14 14 14 14 14 5 11 11 11 11 11 11 11 11 11 11 11 14 14 14 14 14 3 14 14 14 14 14 14 14 14 14 10 10 10 15 15 15 15 15 15 15 15 15 9 9 9 9 9 9 9 9 9 9 9 9 9 9 9 9 9 
6 6 6 6 6 6 6 6 1 6 6 6 6 1 6 1 1 6 6 6 6 6 6 6 1 1 1 1 9 9 9 10 10 10 10 10 10 10 12 10 10 10 5 5 5 5 5 5 5 11 11 11 11 11 11 11 11 11 11 11 11 11 11 14 14 14 14 14 10 10 10 10 10 10 10 10 10 10 13 13 13 13 13 1 1 1 6 6 6 6 6 6 6 6 6 6 6 6 6 6 1 
6 6 6 6 6 6 6 6 6 6 6 6 6 6 6 6 9 10 5 10 10 10 5 5 5 5 5 5 5 11 11 11 11 11 11 11 11 11 11 11 14 14 14 14 14 10 10 10 10 10 10 10 10 10 10 10 10 9 6 13 13 1 13 13 13 13 13 1 13 1 1 1 1 1 13 1 9 1 1 1 9 1 6 1 9 9 1 1 1 
6 6 6 6 6 6 6 6 6 6 6 6 6 6 6 6 6 6 6 6 9 13 13 1 6 1 13 13 13 6 1 15 6 9 9 9 6 6 1 6 6 6 6 9 9 5 5 5 5 5 5 5 5 5 5 5 5 5 5 11 11 11 11 11 11 11 11 11 11 14 14 14 14 14 14 14 14 14 14 10 10 10 10 10 10 10 10 10 10 10 10 10 10 10 10 10 13 13 13 13 15 13 9 13 13 15 9 13 9 9 9 9 9 9 9 9 9 9 9 9 9 
9 9 9 9 9 9 9 6 6 7 4 6 1 1 6 6 6 6 6 6 6 6 6 6 9 9 10 5 5 5 5 5 5 5 5 5 5 11 11 11 15 15 15 15 15 15 14 14 14 14 14 10 10 10 10 10 10 10 10 10 10 10 10 15 13 13 15 15 15 9 9 9 9 9 9 6 6 9 9 9 9 
6 6 6 6 6 6 6 6 6 6 6 6 6 6 6 6 6 6 6 9 0 5 10 5 10 14 5 5 5 5 5 5 5 12 12 5 5 11 11 11 11 11 11 11 12 10 12 12 12 12 10 10 10 10 10 10 10 10 10 13 15 15 9 13 9 9 13 15 15 15 9 15 15 9 9 13 13 9 9 9 6 6 9 9 6 6 6 6 6 6 
6 6 6 6 6 6 6 6 6 6 6 6 6 6 6 6 6 6 6 6 6 6 6 9 0 5 5 5 5 5 5 5 5 5 5 11 11 11 11 11 11 11 11 11 11 11 11 11 11 11 11 11 11 11 11 11 11 11 11 12 11 11 11 14 9 14 14 10 10 10 10 10 10 10 10 9 9 1 9 9 9 9 9 9 9 9 9 9 9 9 9 9 9 9 9 9 9 9 9 9 9 9 9 
6 6 6 6 6 9 9 6 6 6 6 6 6 6 6 6 6 6 9 9 10 10 5 5 5 5 5 5 5 11 11 11 11 11 11 11 11 11 11 11 11 11 11 11 14 14 14 14 14 10 10 10 10 10 10 10 10 10 14 10 10 10 9 9 9 9 9 9 9 9 6 9 6 6 6 6 6 6 9 6 6 6 9 6 6 
6 6 1 6 1 1 1 1 1 1 6 6 1 1 1 1 6 6 6 6 6 6 6 1 1 1 1 1 1 13 9 10 10 10 10 5 5 5 5 5 5 5 5 5 11 11 11 11 11 11 11 11 11 11 11 11 11 11 11 11 14 14 14 14 10 10 10 10 0 10 10 10 8 3 10 10 15 15 13 13 13 15 13 1 1 1 1 1 1 1 1 1 1 6 1 1 6 1 1 1 1 6 1 
6 6 6 6 6 6 6 6 6 6 6 6 6 6 6 6 6 6 9 9 9 5 5 5 5 5 5 5 5 5 5 11 11 11 11 11 11 11 11 11 11 11 11 3 3 3 12 10 10 10 10 10 10 10 10 10 10 10 10 13 1 1 1 1 1 1 1 6 6 6 6 6 6 6 6 6 6 6 
6 6 6 6 6 6 6 6 1 1 1 6 1 6 6 1 6 6 6 6 6 7 4 4 6 6 6 6 6 6 6 6 6 6 6 6 15 15 9 9 9 0 5 5 5 10 10 0 0 10 10 5 5 5 5 11 11 11 11 11 11 11 11 11 11 11 11 11 11 11 11 11 11 11 11 11 11 12 10 10 10 10 10 10 10 10 10 10 10 10 10 10 10 10 10 13 13 13 13 13 13 13 13 13 13 13 13 9 13 6 9 1 1 9 9 9 15 9 6 6 6 
6 6 6 1 1 1 6 6 6 13 13 1 1 1 1 1 1 6 1 6 6 13 13 10 10 10 10 10 5 5 5 5 5 5 5 5 11 11 11 11 11 11 11 11 11 11 14 14 14 14 14 14 14 3 10 10 10 10 10 10 10 10 10 10 10 10 10 15 13 15 13 1 1 1 6 6 6 6 6 6 6 6 6 6 1 1 1 1 1 6 1 6 1 1 
6 6 6 6 6 6 6 6 6 6 6 6 6 6 6 6 6 6 6 9 9 5 5 5 5 5 5 5 5 11 11 11 11 11 11 11 11 11 11 11 11 11 11 11 14 14 14 14 3 3 10 3 12 12 10 10 10 10 10 10 10 10 10 13 13 13 13 13 13 13 13 13 13 13 13 9 9 9 9 9 9 9 9 9 9 9 9 9 9 6 9 6 
1 1 9 6 4 9 9 6 6 6 6 6 6 6 6 6 6 6 6 9 9 5 5 5 5 5 12 12 12 12 12 12 12 12 12 3 3 12 12 8 8 12 12 10 10 10 10 10 10 10 10 10 9 4 9 9 15 15 9 9 9 9 9 9 9 9 6 6 6 6 6 6 6 6 6 6 6 6 6 6 
6 6 9 9 6 6 9 6 6 6 6 6 6 6 6 6 9 9 9 9 9 5 5 5 5 5 5 11 11 11 11 11 11 11 11 11 11 14 3 12 12 10 10 10 10 10 10 10 15 15 13 13 13 9 9 9 9 9 9 9 9 1 6 9 1 9 6 6 9 6 6 6 6 6 6 
6 6 6 6 6 6 6 6 6 6 6 6 6 6 6 6 6 6 6 6 4 7 6 13 6 13 15 6 6 4 9 9 6 9 9 9 9 9 5 5 5 5 5 5 5 5 5 5 5 5 5 5 5 5 5 5 11 11 11 12 2 11 12 12 12 10 10 10 14 10 10 13 13 13 13 13 13 13 13 9 9 9 9 9 9 9 9 9 9 1 9 6 9 9 6 6 6 
6 6 6 6 6 6 6 6 6 6 6 6 6 6 6 6 6 6 6 9 10 5 5 5 5 5 5 5 5 5 5 5 5 11 11 11 11 11 11 11 11 11 11 11 14 14 14 12 12 12 12 12 12 10 10 10 10 10 10 13 13 9 1 6 1 13 1 1 1 6 1 6 1 6 6 6 6 6 6 6 6 6 6 6 
9 9 9 9 6 1 6 1 6 6 6 6 6 6 6 6 13 13 6 1 4 4 13 1 6 15 15 15 15 15 15 15 15 15 15 9 1 9 9 9 9 9 9 15 10 5 5 5 5 5 11 11 11 11 11 11 11 3 3 3 3 3 10 10 10 10 10 10 10 13 13 13 13 13 13 9 13 9 9 9 9 9 9 9 1 9 9 9 6 9 9 9 9 9 
6 6 6 6 6 6 6 6 6 6 6 6 15 9 9 9 9 9 9 9 9 10 10 12 5 5 5 5 11 11 11 11 11 11 11 11 11 11 11 11 12 12 12 12 12 10 10 10 10 10 10 10 10 10 10 13 13 13 13 13 13 13 13 13 13 13 13 13 13 13 13 13 13 13 13 13 13 9 9 9 9 9 9 13 9 9 9 9 9 9 9 9 9 9 9 9 9 9 9 9 6 6 
6 6 6 6 6 6 6 6 6 6 6 6 6 6 6 6 6 6 9 9 9 5 5 5 5 5 5 5 5 5 5 11 11 11 11 11 11 11 11 11 11 11 14 14 14 14 14 10 10 10 10 10 10 10 10 10 10 13 13 13 13 13 13 13 13 13 13 9 13 9 13 13 1 1 1 6 9 6 6 6 6 6 6 9 
6 6 6 6 6 6 6 6 6 6 6 6 6 6 6 6 6 6 6 6 6 4 7 4 13 4 4 4 4 10 5 10 10 10 10 10 10 5 5 5 5 5 5 11 11 12 12 12 11 12 12 12 12 12 12 12 12 12 12 12 12 10 10 10 3 14 14 10 15 15 15 15 15 15 15 9 9 15 9 9 9 9 9 9 9 9 9 9 6 1 9 9 9 9 9 9 9 
6 1 6 1 9 1 1 9 9 9 9 6 1 6 6 6 6 6 6 6 4 4 4 6 6 6 6 6 6 6 9 9 5 5 5 5 5 5 5 5 5 5 5 5 10 10 10 10 10 10 10 10 10 10 10 10 10 10 10 5 10 10 13 13 13 13 13 9 9 9 9 9 9 6 6 6 6 9 6 6 1 9 9 9 9 9 6 1 
13 13 13 13 13 9 9 6 4 9 6 4 6 6 6 6 6 6 6 6 6 9 10 5 5 5 5 5 5 5 5 8 8 11 11 11 11 11 11 12 12 12 12 11 11 11 11 11 11 12 12 12 10 10 10 10 10 10 10 10 10 10 10 10 10 13 13 13 13 13 9 9 6 6 6 6 6 6 6 6 6 6 6 6 6 6 6 6 6 6 6 6 6 6 
6 6 6 6 6 1 1 1 6 6 1 6 6 1 6 6 9 9 6 1 6 7 4 9 6 4 6 6 6 4 9 9 9 9 10 5 5 5 5 5 5 5 11 11 11 11 11 11 11 11 11 11 11 11 14 14 11 12 12 12 10 12 10 15 12 10 15 10 10 10 10 10 15 15 15 13 15 13 9 9 9 13 13 9 9 9 9 9 9 9 9 9 9 9 6 1 
6 6 6 6 6 6 6 6 6 6 6 6 1 13 1 6 6 6 6 9 10 10 10 10 10 10 10 10 10 10 10 5 5 5 5 5 5 5 11 11 11 11 11 11 11 11 11 11 11 11 11 11 11 3 3 3 14 14 14 10 10 10 10 10 10 10 10 10 10 10 13 13 13 13 13 13 13 13 1 1 6 6 6 6 6 6 6 6 6 6 6 6 6 6 6 6 6 
6 6 6 6 6 6 6 6 1 6 6 6 6 6 6 6 6 1 1 9 9 10 5 5 5 5 5 5 5 5 5 5 5 11 11 11 11 11 11 11 11 11 11 11 11 11 11 11 11 10 10 10 10 10 10 10 10 10 10 15 13 13 13 1 1 1 1 1 1 1 6 6 6 6 6 6 6 6 6 6 6 6 6 6 6 
9 6 6 6 6 6 6 6 6 6 6 6 6 6 6 6 6 6 6 6 9 10 10 10 10 10 5 5 5 5 5 11 11 11 11 11 11 11 11 11 11 11 11 11 11 10 10 10 10 10 15 15 10 10 10 10 12 12 10 10 10 10 10 10 10 13 13 1 9 9 9 9 9 9 9 9 6 6 6 6 6 6 6 6 6 9 6 9 9 6 6 1 
6 1 1 1 1 1 1 9 1 9 9 1 1 1 1 9 1 1 1 6 1 6 6 6 6 1 13 1 6 6 6 4 6 6 6 6 13 13 1 1 6 1 13 10 10 10 5 5 5 5 5 5 5 5 11 11 11 11 11 11 11 11 11 11 11 11 11 11 11 14 14 14 14 3 10 10 10 14 14 3 14 14 14 14 14 14 10 10 15 13 13 15 13 15 13 15 9 1 9 9 9 9 9 9 9 9 9 9 9 9 9 9 9 1 1 1 
6 9 9 6 1 9 6 6 6 6 6 6 6 6 6 6 6 6 6 9 9 5 5 5 5 5 5 5 5 5 5 5 5 11 11 11 11 11 11 11 11 11 11 11 11 12 12 12 12 12 12 12 12 12 12 12 10 10 10 10 10 10 10 13 13 13 13 13 1 9 9 1 6 6 6 6 6 1 1 6 6 6 6 6 6 6 6 6 6 6 6 6 6 
6 6 6 6 6 6 6 6 6 6 6 6 1 1 1 1 1 1 1 9 5 5 5 5 5 5 5 5 5 5 11 11 11 11 11 11 11 11 14 14 14 14 14 14 14 14 10 10 10 10 10 10 10 10 10 10 10 10 10 10 15 13 13 13 13 13 1 1 1 1 1 1 1 1 1 6 6 6 6 6 6 6 6 6 6 6 6 6 
6 6 6 6 6 6 6 6 6 6 6 6 9 9 9 9 9 9 9 9 4 7 4 4 6 13 9 9 1 6 6 6 6 9 15 9 9 10 5 5 5 5 5 11 11 11 11 11 11 11 11 11 11 11 11 11 3 3 3 12 12 12 10 12 10 12 10 10 10 10 10 10 15 15 15 15 13 13 15 13 13 9 9 9 9 9 9 9 9 6 1 9 9 1 1 1 1 
1 1 1 1 6 6 6 1 6 13 1 6 6 6 6 6 6 6 6 6 6 7 7 4 6 4 6 1 6 6 1 1 1 9 9 9 10 5 2 5 5 5 5 5 5 5 5 11 11 11 11 11 11 11 11 14 14 14 14 14 14 14 8 8 8 10 10 10 10 10 10 10 10 10 10 10 10 10 10 15 9 9 9 13 1 13 1 1 1 1 1 9 1 1 1 1 1 1 
1 1 1 1 1 1 6 1 1 13 1 1 1 1 4 4 9 9 1 9 9 5 5 5 5 5 5 5 5 5 11 11 11 11 11 11 11 11 11 11 14 14 14 14 14 14 14 14 14 10 10 14 14 14 14 10 10 10 13 13 13 13 13 13 13 13 13 13 13 13 13 1 13 1 1 1 1 1 1 1 1 1 1 1 1 
