1 1 1 1 1 1 1 13 1 1 1 1 9 9 15 15 9 9 9 9 9 6 6 9 15 6 7 7 7 7 7 7 4 14 3 3 8 3 3 3 3 3 8 3 8 8 3 3 3 3 3 3 5 5 5 5 5 10 15 15 15 15 15 15 15 15 15 15 15 15 15 15 15 15 15 15 15 1 1 9 1 1 1 1 1 
1 1 1 1 1 1 1 1 1 1 1 6 1 1 1 6 1 1 1 1 1 1 13 4 7 7 7 7 7 7 7 4 0 14 14 14 8 3 3 3 3 3 3 3 3 3 3 3 3 3 3 3 3 5 5 5 5 5 5 5 5 5 5 10 10 10 10 11 10 15 15 15 15 15 15 15 15 15 15 15 15 15 15 1 1 1 1 1 1 1 1 1 1 
1 1 1 1 1 1 15 9 1 1 1 1 1 1 1 1 15 13 15 15 9 4 7 7 7 7 7 4 0 14 14 3 3 3 3 14 3 3 14 3 3 3 3 3 3 3 3 11 11 11 5 5 5 10 10 15 15 15 15 15 15 15 15 15 9 15 9 1 1 1 9 9 9 9 9 1 9 1 1 1 1 1 1 
1 1 1 1 1 1 1 1 1 1 1 1 1 1 1 9 13 9 9 9 15 15 13 13 1 1 1 1 9 1 9 1 1 1 1 13 4 7 7 7 4 14 14 14 3 3 3 3 3 3 3 3 3 3 5 5 5 5 5 10 10 10 15 15 15 13 13 13 15 9 9 9 9 1 9 9 1 1 1 1 1 9 1 1 1 9 9 1 
1 1 1 1 1 1 1 1 1 1 1 1 1 1 1 1 1 1 1 1 1 4 7 7 7 7 7 4 0 3 8 8 8 8 8 3 3 3 3 3 3 3 3 3 3 3 3 5 5 5 5 5 5 5 5 5 5 5 5 11 15 15 15 15 15 15 15 15 15 15 15 9 1 1 1 1 1 1 9 1 1 1 1 1 
1 1 1 1 1 9 1 1 1 1 1 1 6 1 1 1 1 1 1 1 1 6 4 7 7 7 4 4 14 14 14 14 14 14 14 14 3 3 3 3 3 3 3 3 3 3 12 12 5 5 5 5 5 5 5 10 5 10 10 10 15 15 15 15 1 15 1 1 1 1 1 1 1 1 1 1 1 1 1 1 
1 1 6 6 13 13 6 6 6 6 1 1 1 1 13 1 1 6 6 6 1 6 7 7 7 7 4 4 4 6 13 13 10 12 3 3 3 3 3 12 12 12 3 12 12 12 2 5 5 5 5 5 5 5 5 5 5 10 10 15 15 15 1 15 9 15 9 9 9 9 9 9 9 9 9 9 9 9 13 13 1 1 9 6 
9 9 9 9 9 9 9 9 9 9 9 9 9 9 1 1 1 9 9 9 1 1 1 1 1 1 9 1 1 1 1 1 1 9 9 1 1 15 15 9 4 6 9 1 1 1 9 9 9 9 9 1 1 1 1 15 4 7 7 7 7 7 7 4 4 14 14 14 14 3 3 3 3 3 3 3 3 3 3 3 3 3 3 3 3 12 12 12 12 12 5 5 5 10 10 15 10 15 10 15 15 15 15 15 15 15 15 15 15 15 15 15 9 9 9 9 1 9 9 1 9 1 9 1 
1 1 1 1 1 1 1 1 1 1 1 1 13 13 13 13 1 1 1 1 1 7 7 7 7 7 7 7 7 4 14 14 14 14 14 14 14 14 8 8 8 8 8 14 3 3 3 3 14 14 14 14 14 14 10 14 5 5 5 5 5 5 5 5 5 5 5 5 5 10 15 15 15 15 15 15 15 15 15 1 15 15 1 1 1 1 1 1 1 1 1 1 1 1 1 1 1 15 
9 9 9 9 9 9 9 9 9 9 9 9 10 10 9 9 9 9 1 9 9 6 4 7 7 4 4 14 14 14 14 3 3 3 3 8 12 12 12 12 12 2 5 5 5 5 5 10 10 10 10 10 15 15 15 15 15 15 15 15 9 9 9 9 9 9 9 9 9 9 9 9 9 9 15 15 15 9 9 9 9 9 9 9 13 9 9 9 9 9 9 1 9 9 9 9 9 9 9 9 4 4 9 9 9 13 9 9 9 9 9 9 9 9 9 9 9 9 9 9 9 9 9 9 9 9 9 9 9 9 9 
13 13 13 13 13 13 13 13 13 13 1 13 13 13 13 13 13 13 13 13 13 6 4 7 7 6 1 1 13 13 15 13 13 13 13 13 13 1 13 13 1 13 13 13 1 4 7 7 7 7 7 7 4 4 14 3 3 3 5 5 5 5 5 5 5 5 5 5 5 5 5 5 5 5 5 10 10 10 10 10 10 10 15 15 15 15 15 15 15 15 15 15 15 15 15 15 15 15 15 15 15 15 15 
1 1 6 1 1 1 1 9 9 1 1 1 1 1 1 1 1 1 1 1 13 4 7 7 4 4 0 10 14 14 14 3 3 3 3 3 3 3 3 3 3 12 12 10 5 5 5 5 5 5 5 5 5 15 15 9 15 15 15 15 15 15 15 15 9 9 9 9 9 9 9 9 9 9 9 9 9 1 1 6 1 9 13 
1 1 1 1 1 1 1 1 1 1 1 1 1 1 1 1 1 1 1 1 1 6 6 13 4 1 1 6 1 1 1 1 1 1 1 1 1 1 1 1 1 1 13 4 7 7 4 4 4 9 10 14 14 14 14 14 14 14 14 14 14 14 14 14 3 14 3 3 3 3 3 5 3 5 5 5 5 5 5 5 5 5 10 10 10 10 10 15 15 15 15 10 10 10 10 10 15 15 15 15 15 9 1 9 9 1 
1 9 1 9 9 1 15 9 9 1 9 1 1 1 9 9 1 15 1 1 1 13 9 4 4 4 9 13 13 14 3 3 3 3 3 3 8 14 8 8 3 3 3 3 3 14 0 0 9 9 9 9 15 13 15 15 15 15 15 15 15 15 15 15 15 15 15 9 9 15 15 9 9 9 15 
9 9 9 9 9 1 9 13 9 9 1 1 9 1 9 9 9 9 13 9 1 1 9 9 9 9 13 9 13 15 9 9 13 1 1 1 1 13 15 9 6 4 6 9 9 9 9 1 1 1 1 13 7 7 7 7 7 7 7 4 4 4 4 14 12 12 12 12 12 12 12 12 12 12 12 12 12 12 12 12 12 12 5 5 5 5 5 5 10 15 15 15 15 9 1 9 9 13 9 1 1 1 1 1 13 1 9 9 1 9 9 9 9 
9 1 1 1 1 1 1 6 6 1 1 1 6 1 6 1 1 1 1 1 6 4 7 7 7 7 4 4 14 14 3 3 3 3 3 3 3 3 3 3 3 3 12 12 12 12 3 3 3 10 10 10 10 15 15 15 9 9 15 10 15 15 15 15 15 15 15 15 15 9 15 15 15 15 15 15 15 15 15 15 
1 1 1 1 1 1 9 9 6 13 13 13 1 9 1 1 1 1 1 1 1 13 4 7 7 7 4 4 4 14 10 10 14 14 14 14 14 14 14 12 5 5 5 5 5 5 5 5 5 10 10 10 10 10 10 10 10 15 9 9 13 1 9 9 9 1 9 9 1 1 9 1 9 1 1 1 1 1 
6 1 1 1 1 6 6 1 1 1 1 1 1 9 1 1 9 1 1 1 6 4 7 7 7 4 4 9 14 14 14 14 14 14 14 14 14 8 8 8 8 8 8 12 12 12 12 5 5 5 5 10 10 15 15 15 15 15 15 15 15 15 15 15 15 15 15 15 15 15 9 15 9 1 1 9 9 9 9 1 
6 6 1 1 6 1 1 1 9 15 1 1 1 13 1 1 1 1 1 1 1 4 7 7 7 7 4 14 14 14 14 14 14 14 14 14 14 14 14 14 14 8 8 8 8 8 12 3 3 3 5 5 10 10 10 10 15 15 15 15 15 15 15 15 15 15 15 15 15 15 15 15 15 15 15 15 15 15 15 15 15 15 15 
1 1 1 1 1 1 1 1 1 1 1 1 1 1 1 1 1 1 1 1 1 6 7 7 7 6 13 4 14 14 14 14 14 14 14 14 14 14 14 14 14 3 8 8 8 8 8 8 8 3 3 3 3 12 12 5 11 5 10 15 15 15 15 10 15 15 15 15 15 15 9 1 9 9 1 1 1 1 1 1 1 1 1 1 1 1 1 
9 1 1 1 9 9 1 1 9 1 1 1 1 1 1 1 1 1 1 1 13 4 7 7 4 4 14 14 3 3 3 14 14 3 3 3 3 14 3 3 3 12 5 5 10 10 5 10 15 15 15 15 15 13 13 15 9 1 9 9 9 9 9 9 9 9 9 9 9 9 1 9 
15 15 15 15 15 15 15 15 15 15 15 1 1 1 9 9 1 1 1 1 6 6 1 1 1 6 7 7 7 4 4 4 14 14 14 14 14 14 14 14 14 14 14 14 14 14 14 14 14 3 14 14 14 14 14 14 14 14 14 14 14 14 14 14 14 14 14 10 10 15 15 15 15 15 15 15 15 15 15 15 15 1 15 15 15 1 1 6 1 15 1 1 1 1 1 1 1 1 
13 13 1 1 1 6 1 1 6 6 4 6 6 6 6 6 6 13 1 1 1 1 1 6 6 6 1 13 4 7 7 4 4 14 8 8 8 10 8 8 10 10 14 14 14 5 5 5 5 5 5 5 10 10 9 6 15 15 15 15 15 15 15 15 15 15 15 10 15 15 15 15 15 15 15 15 10 15 15 15 15 15 15 15 15 
6 6 9 6 6 6 6 6 6 6 6 6 6 9 4 7 7 4 4 4 14 10 10 12 12 12 12 12 12 12 12 12 12 12 12 12 12 12 12 12 12 12 12 5 5 5 5 15 15 15 15 15 9 9 9 9 1 9 6 6 6 6 6 6 6 6 6 6 6 6 6 6 6 6 
1 1 15 15 1 1 1 1 6 1 6 7 7 7 7 7 7 4 6 9 14 14 10 14 14 14 14 14 14 14 14 14 14 14 14 14 8 8 8 8 8 8 8 8 8 8 8 8 12 10 10 10 15 15 15 15 15 15 15 15 15 15 15 15 15 15 15 9 15 15 9 15 15 9 1 9 9 1 
1 1 1 1 6 6 6 1 6 6 1 6 6 6 6 1 6 6 6 6 13 4 7 4 4 0 3 3 3 3 3 3 3 3 3 3 3 12 12 12 12 12 10 10 12 5 5 5 5 10 10 10 10 15 15 15 15 13 9 9 9 9 9 9 9 9 9 9 9 9 1 1 6 9 6 6 6 1 
15 15 15 15 15 15 15 15 15 15 15 15 15 13 1 1 1 15 1 1 6 6 9 1 1 1 1 1 1 1 7 7 7 7 4 4 4 4 13 14 14 3 3 3 3 3 3 3 3 3 3 3 3 3 3 3 3 3 3 3 3 14 14 3 10 10 10 9 15 9 4 9 15 15 15 15 9 1 15 15 15 9 1 9 1 9 1 1 1 1 1 1 1 1 1 1 9 9 9 1 1 
9 1 1 1 1 1 9 9 9 1 1 9 1 1 1 1 1 1 1 1 1 6 6 6 6 4 4 9 9 1 1 13 1 1 1 1 1 1 1 9 1 1 1 1 13 4 7 4 4 13 14 3 3 3 3 3 3 3 3 3 3 3 3 3 3 3 3 12 5 5 5 5 5 5 5 10 15 15 15 15 15 9 1 9 9 9 1 9 9 1 1 1 1 1 1 9 9 9 9 
1 1 1 6 6 6 1 1 1 1 1 1 1 1 1 1 1 1 1 1 1 6 7 7 7 7 7 7 7 7 7 4 4 13 10 3 3 12 3 12 3 10 10 10 10 10 10 10 3 3 3 3 10 5 5 5 5 5 5 5 5 5 5 5 5 5 5 5 5 10 10 15 15 15 15 15 1 15 15 15 15 15 15 13 15 1 15 15 9 1 15 9 1 1 1 9 1 
1 1 1 1 1 1 1 1 1 1 1 1 1 1 9 15 15 15 9 6 1 1 6 7 7 7 7 7 7 7 4 9 14 3 3 3 3 3 3 3 3 3 3 3 3 3 3 3 3 3 3 12 12 5 5 5 5 5 5 5 5 5 11 11 11 11 15 15 15 15 15 15 15 15 15 15 15 15 1 1 1 1 1 1 1 1 1 1 1 1 1 1 
1 1 1 1 1 1 13 13 1 1 1 1 1 1 1 1 1 1 1 6 6 6 6 7 7 7 7 7 7 7 4 4 14 14 14 3 14 14 14 14 14 14 14 14 14 14 14 14 14 3 3 3 5 5 5 5 5 5 5 5 5 5 5 10 10 15 15 15 15 15 15 10 10 15 15 15 15 15 15 15 9 15 15 15 15 1 15 1 1 15 1 9 1 
9 9 9 9 9 9 9 9 9 9 9 9 9 9 9 9 9 1 9 1 1 9 9 9 4 4 6 1 9 4 4 4 4 4 1 1 1 9 1 1 1 1 1 6 7 7 7 7 4 4 14 3 12 12 12 12 12 12 12 12 12 12 12 12 12 12 12 5 5 5 5 5 5 5 10 15 15 15 15 15 15 15 15 15 15 15 15 9 9 9 9 9 9 9 1 13 13 1 9 9 9 
9 9 9 1 13 13 1 13 9 9 1 1 1 1 1 13 13 13 1 1 1 4 4 4 7 4 4 4 14 14 3 3 3 3 3 3 3 3 5 5 10 10 10 15 15 15 15 15 15 15 15 15 9 15 9 9 9 9 9 15 9 9 9 9 1 9 9 15 9 9 
9 9 9 9 9 9 9 9 9 9 9 13 9 13 13 9 1 13 15 13 13 13 13 13 13 13 13 9 9 6 9 13 13 13 6 6 1 15 15 15 15 15 15 15 9 9 1 6 4 1 4 7 7 7 7 7 4 4 13 14 14 10 10 10 10 10 10 10 10 10 10 10 10 10 10 10 10 3 3 10 10 10 14 5 5 5 10 10 10 15 15 15 15 15 15 15 15 15 15 15 15 15 15 9 9 9 9 9 9 9 9 9 1 1 1 6 1 
1 1 1 1 1 1 1 1 1 1 1 1 1 1 1 1 13 1 1 6 1 4 7 7 7 7 4 4 13 14 14 14 10 10 10 10 10 10 14 3 3 3 3 3 3 3 3 3 3 3 3 3 3 3 5 5 5 5 10 10 15 15 15 15 15 15 15 15 15 9 1 15 15 1 1 1 1 1 1 9 9 1 1 
9 1 1 1 9 1 1 1 1 9 1 1 9 9 1 9 1 9 1 1 13 9 4 4 4 13 13 3 3 3 3 3 3 3 3 3 3 5 5 5 5 10 10 10 15 15 15 15 9 9 1 9 9 9 9 1 1 1 1 1 1 1 9 1 1 9 1 
1 1 1 6 6 1 1 9 1 1 6 6 1 15 1 6 6 1 6 1 1 4 7 7 7 7 7 4 14 8 8 8 8 8 8 8 8 8 14 14 3 3 3 3 12 12 12 12 3 11 5 5 5 5 5 5 5 5 10 10 15 15 15 15 15 15 15 15 9 15 15 9 15 15 9 9 9 15 15 15 15 15 15 15 15 
1 1 1 1 1 1 1 1 1 1 1 1 1 1 1 1 1 1 1 1 1 9 4 7 7 7 4 4 9 14 10 14 14 14 14 8 14 14 8 8 8 8 8 8 8 8 8 8 8 8 8 3 3 3 3 3 3 3 14 14 15 15 15 15 15 15 15 15 15 15 15 15 15 15 15 15 15 15 15 15 15 15 1 15 1 15 1 
13 13 1 1 1 1 1 1 1 9 1 1 1 1 1 1 1 1 1 1 13 4 7 7 7 7 7 7 7 7 4 4 14 8 3 3 3 3 3 3 3 3 3 5 5 5 5 5 5 5 5 5 5 5 5 5 5 5 5 5 5 5 5 10 10 15 15 13 13 15 15 13 13 15 15 15 15 15 15 15 15 15 15 15 1 1 15 9 15 13 13 13 9 1 15 1 1 9 
6 1 1 6 6 6 1 6 6 9 1 1 1 1 9 1 1 1 1 1 13 4 7 7 7 4 9 14 14 14 14 14 10 3 3 3 3 3 3 3 8 12 12 12 12 12 12 12 5 10 10 10 5 5 5 10 15 15 15 15 15 9 1 9 9 1 1 1 1 1 1 1 1 9 1 1 9 1 1 
1 1 1 1 1 1 1 1 1 1 1 1 1 1 1 1 9 9 15 1 1 6 7 13 1 9 1 1 6 1 9 6 1 1 1 1 1 6 6 1 6 6 4 7 7 7 7 7 7 4 0 14 3 3 3 3 3 3 3 3 3 3 3 3 3 12 12 12 12 12 12 12 12 12 5 5 5 5 5 5 5 10 15 15 15 15 15 15 15 15 15 15 15 15 15 15 15 15 9 15 15 15 15 15 15 15 15 
1 1 1 1 1 1 1 1 1 1 1 1 1 1 1 6 1 1 1 1 1 13 13 1 7 7 9 15 9 9 1 6 6 1 6 4 7 7 7 7 7 4 14 8 3 8 8 8 8 8 8 8 3 8 3 3 8 3 3 5 5 5 5 5 10 5 5 5 5 10 10 10 15 15 15 15 15 15 15 15 15 15 15 15 15 15 15 15 15 15 15 15 
1 1 1 1 1 1 1 1 1 1 1 1 1 15 9 15 15 15 15 9 13 7 7 7 7 4 4 14 14 14 14 14 14 14 14 3 3 3 3 3 3 3 3 3 3 3 11 11 5 5 5 5 5 5 5 10 10 5 10 10 10 15 13 13 13 15 1 1 1 1 1 1 1 1 1 1 1 1 1 1 1 1 1 1 1 1 1 
1 1 1 1 1 1 1 1 9 1 1 1 1 1 6 6 1 1 1 1 6 7 7 7 7 4 13 14 3 3 3 3 3 3 3 3 3 3 3 3 3 3 3 3 3 3 5 5 5 5 5 5 14 15 15 15 15 15 15 15 15 15 15 15 15 1 1 1 1 9 9 1 1 1 1 1 1 1 
9 6 6 9 6 6 1 6 6 6 6 6 1 1 9 1 9 6 6 6 1 6 7 7 7 7 4 6 9 14 3 3 3 3 3 3 3 3 3 3 3 12 12 3 3 3 3 12 3 12 12 12 12 10 3 5 5 5 5 10 10 15 15 15 15 9 15 15 15 9 9 9 9 1 15 9 9 9 9 9 9 9 9 9 9 1 9 9 
15 15 15 15 15 15 15 15 15 15 15 15 15 15 15 15 9 9 15 15 9 6 6 9 7 7 6 1 1 1 1 6 6 6 6 6 1 1 1 1 1 1 9 15 15 1 1 1 13 13 4 7 7 4 9 14 14 8 14 3 3 3 3 3 3 3 3 3 3 3 3 3 3 3 3 3 3 3 3 3 3 3 5 5 5 5 5 5 5 5 10 10 10 15 15 15 15 15 9 9 1 1 1 9 1 1 9 1 1 1 1 1 9 9 1 1 9 9 1 1 
15 15 15 15 13 15 1 1 1 1 1 1 1 1 6 1 1 1 1 1 1 4 7 7 7 4 14 14 3 3 3 3 3 3 3 3 3 3 3 3 3 3 3 3 3 3 3 5 5 5 5 15 15 15 15 15 15 15 15 15 15 15 15 15 15 9 1 1 1 1 1 1 1 1 1 1 1 1 9 9 9 9 9 1 
1 1 6 1 1 6 6 1 6 6 6 6 1 1 1 13 13 13 6 1 1 7 7 7 7 4 9 14 14 3 3 3 3 3 3 3 3 3 3 3 5 5 5 5 5 5 5 5 5 5 5 5 5 5 5 10 10 15 15 15 15 15 15 15 15 1 1 1 1 1 1 1 1 1 1 1 1 1 1 6 1 6 6 1 
1 1 1 1 1 1 1 6 6 1 1 1 1 1 1 1 1 1 1 1 1 13 4 7 7 4 4 13 4 14 14 14 14 14 14 14 3 3 3 3 3 3 3 3 3 3 3 11 11 5 5 5 5 5 5 5 10 15 15 15 15 15 15 15 15 15 13 15 9 9 9 9 15 9 9 9 9 9 9 9 9 9 9 1 
1 1 1 1 1 1 1 13 1 1 1 1 1 9 15 1 1 1 1 1 13 4 7 7 7 7 7 7 4 14 14 14 0 14 14 14 14 14 14 14 14 14 14 14 14 12 12 12 3 12 5 10 10 10 10 10 10 10 15 15 15 15 15 15 15 15 15 15 15 15 15 15 15 15 15 15 1 15 15 
1 9 1 9 9 9 15 1 9 1 1 1 1 13 13 1 1 13 13 1 1 6 9 9 1 1 6 6 1 1 1 1 1 1 1 13 4 7 7 7 7 4 4 4 14 14 3 3 3 3 3 3 3 3 5 5 5 5 5 5 5 5 5 5 5 5 5 5 5 10 10 15 13 15 15 15 13 13 13 13 13 13 13 15 13 15 13 13 13 13 13 13 13 1 9 1 1 
