1 6 1 1 1 1 1 1 1 1 1 9 9 1 1 9 9 9 9 9 9 13 1 9 9 9 9 4 6 9 9 9 9 9 9 9 15 15 15 15 15 15 15 9 1 1 6 6 4 4 14 10 2 2 2 2 2 2 2 2 2 12 12 3 8 8 8 8 8 8 8 8 8 8 8 0 0 0 0 9 9 9 9 9 0 13 13 13 13 13 13 13 13 13 15 15 15 15 9 9 1 9 9 1 1 1 1 1 9 9 1 1 
1 1 1 6 1 1 1 1 1 1 6 6 1 1 1 1 9 9 15 15 15 13 13 15 15 7 4 13 13 13 13 13 13 13 13 13 15 15 1 9 13 6 4 4 4 7 4 4 7 4 4 4 4 4 4 4 4 4 14 14 5 5 5 5 5 5 5 2 2 2 2 2 2 2 2 3 3 3 14 14 0 0 0 0 0 0 0 0 0 0 0 0 0 0 0 13 13 13 9 15 15 15 15 15 15 15 15 15 15 15 15 15 15 15 15 15 15 15 13 13 15 13 9 9 
1 1 1 1 15 1 1 1 1 1 1 1 1 1 1 1 1 1 1 1 1 1 1 1 15 15 15 9 6 9 4 7 7 7 4 7 4 14 14 2 2 2 2 2 2 2 2 2 3 3 3 12 3 3 8 8 8 8 8 0 0 0 0 0 0 0 0 0 0 0 0 0 13 13 13 13 13 15 15 13 9 6 6 9 1 6 6 6 1 1 1 1 1 1 1 1 1 1 1 
1 1 1 1 1 1 1 1 1 1 9 9 1 13 1 9 9 1 13 13 9 13 13 1 1 6 13 1 1 1 1 9 9 4 14 14 2 2 2 2 2 2 2 2 2 2 2 2 2 10 14 14 14 14 3 14 14 14 14 14 0 0 0 8 8 13 13 9 9 9 9 9 9 9 9 9 1 1 9 1 1 1 1 1 9 1 1 1 9 1 1 9 1 
13 1 1 6 6 6 1 1 1 1 1 6 6 1 1 1 1 6 6 1 6 15 4 9 10 2 2 2 2 2 2 2 12 12 12 3 3 8 8 8 8 8 0 0 0 0 0 0 0 8 0 0 0 0 14 0 0 0 0 0 0 13 13 15 15 15 15 15 9 9 9 9 9 9 9 9 9 9 9 6 1 9 9 9 9 9 9 9 
1 1 1 1 6 6 1 6 1 1 13 13 1 1 1 1 6 1 1 6 6 4 4 4 13 10 2 2 2 2 2 2 2 2 2 2 12 12 3 8 8 8 8 0 0 0 0 0 0 0 0 0 0 0 0 0 0 0 0 0 15 13 13 1 13 1 1 1 1 1 1 1 1 6 1 6 1 6 1 1 1 1 1 
6 4 6 6 6 1 6 6 6 6 4 6 4 6 6 6 6 6 6 6 6 9 9 10 12 12 2 2 2 2 2 2 2 12 12 12 8 8 8 8 8 8 8 0 0 0 0 0 0 0 0 0 0 0 0 9 13 9 9 15 9 9 9 9 9 9 9 9 9 9 1 1 1 9 1 1 6 6 9 
6 6 6 6 6 6 6 6 1 1 6 6 6 6 6 9 9 9 9 9 9 4 4 4 3 12 2 2 2 2 2 2 2 2 2 2 12 12 3 3 3 14 14 14 14 14 14 14 14 0 8 0 0 0 0 0 9 9 9 9 13 1 1 6 1 1 1 1 1 1 1 1 1 1 1 1 1 6 1 1 9 1 1 
1 6 1 1 1 1 1 1 1 1 1 1 1 1 1 1 1 1 1 6 1 6 15 1 6 6 1 13 13 13 9 4 4 4 4 4 4 4 4 14 3 12 2 2 2 2 2 2 2 2 2 2 12 12 12 12 12 8 8 8 8 8 8 8 8 8 8 0 8 0 0 0 0 0 0 10 15 9 4 9 9 9 9 15 15 9 9 9 9 9 9 9 9 1 9 9 1 9 9 1 6 9 1 6 1 6 1 1 
9 9 15 15 15 9 9 9 9 9 9 9 9 9 9 9 9 9 9 15 9 9 9 15 15 15 9 15 9 1 1 9 9 9 13 13 9 1 1 9 4 4 14 14 14 2 2 2 2 2 2 2 3 3 3 8 8 8 8 8 0 0 0 10 10 13 13 13 13 13 1 1 9 1 1 1 1 1 9 1 1 1 1 1 6 1 1 1 1 9 1 9 1 1 
1 1 1 1 1 1 1 1 1 1 1 1 1 1 1 1 1 1 1 15 15 9 4 4 14 14 14 14 14 14 4 4 4 14 14 14 2 2 2 3 3 3 10 10 8 8 0 0 0 0 0 0 0 0 0 0 0 0 0 0 0 13 13 13 13 13 13 13 13 13 1 1 15 1 1 1 1 1 1 1 1 1 1 9 9 1 1 1 
6 1 6 6 6 6 6 6 6 6 6 1 6 9 6 6 6 6 1 1 6 4 4 9 15 9 9 1 6 1 9 6 13 13 13 6 6 6 9 9 9 10 10 10 10 10 2 2 2 2 2 2 2 2 2 2 2 2 3 3 12 8 8 8 8 8 8 8 8 0 8 0 0 0 0 0 0 0 0 0 0 15 15 9 9 9 9 9 9 9 9 9 9 9 9 1 9 1 1 1 9 9 9 9 9 9 9 
1 1 1 1 1 1 9 1 1 1 1 1 1 1 1 9 1 1 13 13 13 13 13 13 1 1 1 1 1 1 1 1 13 6 6 6 7 7 4 13 9 6 1 1 1 1 1 1 1 1 1 1 1 1 1 6 1 1 1 1 1 4 4 4 14 3 3 3 3 3 2 2 2 2 2 2 2 2 2 2 2 2 2 3 3 3 14 3 14 14 14 8 0 0 0 0 0 0 0 0 0 0 0 0 0 0 0 0 0 0 15 15 13 15 13 13 9 1 1 1 1 1 1 1 1 1 1 1 1 
1 6 1 1 1 6 6 1 1 1 1 1 6 1 1 1 1 1 6 6 1 9 9 9 1 1 1 6 1 1 1 6 7 9 1 15 1 9 9 4 4 9 14 5 3 2 2 2 2 2 2 2 2 2 2 3 3 3 12 3 8 8 8 8 8 8 8 8 8 0 0 0 10 13 13 13 15 15 9 9 15 9 15 9 9 9 9 9 9 9 9 9 9 9 9 9 9 9 9 9 9 
1 1 1 1 1 1 1 1 1 9 1 9 6 6 6 4 4 4 4 4 4 4 7 7 4 4 9 15 10 10 2 2 2 2 2 2 2 2 2 2 2 2 12 12 12 12 8 8 8 8 8 8 8 8 8 8 8 8 8 5 5 0 10 10 15 15 1 9 9 1 9 9 13 13 1 1 6 1 13 1 6 1 1 1 1 1 1 9 1 1 1 1 
6 4 6 6 6 6 6 6 6 6 6 6 4 4 4 12 12 12 12 2 2 2 2 2 12 12 12 12 3 3 3 8 8 8 0 8 8 8 0 0 0 0 0 0 13 13 13 6 6 13 9 15 15 15 9 15 9 9 9 9 9 9 9 9 9 9 9 9 9 9 9 9 9 9 9 9 9 15 
1 9 9 1 15 15 15 9 9 9 1 9 13 9 9 6 6 6 6 6 9 9 4 4 0 10 11 11 11 2 2 2 2 2 2 2 2 12 12 10 10 0 0 0 0 0 0 0 0 0 0 0 0 0 0 0 0 0 10 13 13 13 13 13 9 1 9 1 1 1 1 1 9 9 9 9 1 1 9 1 1 1 1 1 1 
1 1 1 1 1 1 1 1 1 1 1 9 1 1 1 1 1 6 6 6 4 4 4 4 4 4 4 14 14 14 2 2 2 2 2 2 12 12 12 12 8 8 8 8 8 0 0 0 0 0 0 0 0 0 0 0 15 15 15 9 15 9 9 1 1 1 9 15 15 13 15 1 9 9 9 9 9 9 1 9 9 9 9 
6 6 6 4 1 6 6 6 1 6 6 6 1 6 6 6 6 6 1 4 4 14 12 10 2 2 2 2 2 2 2 2 2 2 2 3 3 3 3 14 8 8 8 8 8 0 0 0 0 0 0 14 14 10 15 15 15 15 15 15 15 15 15 15 15 15 15 9 9 9 15 9 15 9 9 15 9 9 9 9 9 9 9 
6 6 1 1 1 1 1 1 6 1 1 6 6 6 6 6 6 1 6 6 6 4 4 4 14 11 2 2 2 2 2 2 2 2 2 2 2 2 2 2 2 3 12 3 12 8 8 8 8 8 8 8 8 8 8 0 0 0 0 0 0 0 13 13 13 13 13 13 13 13 1 1 1 1 1 1 1 1 6 6 6 6 1 6 1 1 6 6 6 
6 6 6 6 6 6 6 9 9 9 9 9 9 6 6 6 6 6 6 6 6 4 7 4 4 14 10 2 2 2 2 2 2 2 2 2 2 12 12 12 12 8 8 0 8 0 0 0 0 0 0 0 0 13 13 13 13 13 13 13 13 13 13 13 9 9 9 15 9 15 9 15 9 9 9 9 9 9 9 9 9 6 6 
15 15 13 13 13 15 15 15 15 15 15 13 13 13 13 13 13 13 13 13 13 13 13 13 13 13 13 13 13 13 13 13 1 1 1 1 1 13 13 13 13 13 13 13 13 15 15 15 15 15 15 9 9 9 9 1 1 9 4 4 1 1 1 6 4 4 4 5 2 2 2 2 2 2 2 2 2 2 2 2 3 3 14 14 14 14 0 0 0 0 0 0 0 0 0 0 0 0 0 0 0 0 0 0 0 0 0 6 13 13 13 9 9 6 9 15 15 13 15 9 9 9 9 9 9 15 9 15 15 15 15 15 15 15 15 15 15 15 15 15 15 15 15 15 15 15 15 15 15 15 1 9 4 6 9 15 15 15 1 1 9 6 15 15 9 9 9 9 9 9 9 15 15 15 9 9 9 9 9 9 13 15 15 
6 6 6 6 6 6 6 6 6 6 6 6 6 6 4 13 13 13 6 6 4 6 6 6 6 6 4 4 4 4 14 12 2 2 2 2 2 2 2 2 2 12 12 12 12 12 10 10 10 10 8 0 0 0 0 0 0 0 0 13 13 13 6 9 15 15 15 9 9 9 9 9 9 9 9 9 9 9 9 9 9 9 9 9 9 9 15 
9 9 6 6 6 6 6 6 4 4 4 4 14 11 2 2 2 2 2 2 2 2 2 2 2 2 12 12 12 3 3 8 8 8 0 8 8 8 8 8 8 8 0 0 0 0 0 0 13 13 13 1 9 9 1 1 1 1 6 6 6 6 6 6 6 6 6 6 6 6 6 6 6 6 
6 6 6 6 6 6 6 6 6 6 6 4 4 7 9 14 14 3 2 2 2 2 2 2 11 12 12 12 12 12 12 12 12 12 12 12 12 12 8 8 8 8 8 8 8 8 0 0 0 0 0 0 0 0 0 0 0 9 9 9 9 9 9 9 9 9 9 9 9 9 9 1 9 9 9 9 9 9 1 9 9 9 9 9 9 
6 6 6 6 6 6 6 6 6 6 6 6 6 6 6 6 9 6 6 6 4 4 9 10 12 2 2 2 2 2 2 2 2 12 12 12 12 8 8 8 8 8 8 0 0 0 0 0 0 0 0 0 0 0 10 10 10 15 9 9 9 9 9 9 9 9 9 9 9 13 9 9 9 9 9 6 6 6 6 6 
1 1 1 15 15 13 13 13 13 13 13 1 9 9 1 15 15 15 1 13 1 7 4 13 6 9 6 1 1 6 6 4 4 6 6 9 9 1 1 1 1 9 15 15 15 9 4 4 4 7 7 7 7 7 7 7 7 4 4 14 3 3 2 2 2 2 2 2 2 2 2 2 2 3 3 3 12 8 8 8 8 8 8 8 8 0 0 0 0 0 0 0 0 10 15 15 15 15 15 6 6 15 15 15 15 15 15 15 15 15 9 15 9 15 15 1 6 9 1 1 1 1 1 1 1 1 1 1 1 1 
1 1 1 1 6 1 1 1 1 1 1 1 1 1 1 1 1 1 9 1 1 9 15 9 9 4 4 9 9 13 13 13 10 2 2 2 2 2 2 2 2 3 3 3 3 3 3 3 3 8 8 8 8 8 8 8 8 8 8 0 8 0 0 0 0 0 0 0 0 0 0 13 13 13 13 13 13 13 15 15 15 15 15 15 15 9 1 1 1 1 6 1 1 6 1 1 1 6 1 1 1 1 1 1 1 1 
1 13 13 6 6 1 1 9 1 1 1 1 9 1 1 6 4 7 7 4 6 6 6 1 1 6 6 6 6 1 13 13 15 13 9 9 1 6 6 6 4 4 7 7 7 4 4 4 4 4 10 10 10 10 2 2 2 2 2 2 2 2 2 2 2 2 2 12 12 3 3 3 8 8 8 8 8 8 8 8 8 8 0 0 0 0 0 0 0 0 0 0 15 15 13 15 15 15 15 15 15 15 15 15 15 15 15 15 15 15 15 15 15 13 15 15 15 9 13 
1 1 1 6 1 1 1 1 1 1 6 6 1 1 1 1 1 1 1 1 6 7 4 1 1 1 15 15 15 13 13 9 6 4 7 7 4 4 4 14 3 2 2 2 2 2 2 2 2 2 2 12 3 3 3 8 8 0 0 0 0 0 0 0 0 0 0 0 0 0 0 0 0 10 15 15 15 15 15 15 15 15 15 15 15 15 15 15 15 15 15 1 1 1 9 1 1 1 
9 9 1 1 1 1 9 9 9 9 1 6 1 6 1 9 9 9 9 9 13 13 9 9 1 1 9 9 1 1 6 7 7 6 9 9 9 15 15 9 9 9 6 4 4 9 10 2 2 2 2 2 2 2 2 12 3 12 12 8 8 8 8 8 8 8 8 8 8 8 0 10 10 10 15 15 15 15 15 15 15 15 15 15 9 9 9 9 9 9 9 9 9 9 9 9 9 9 9 9 9 
6 6 6 9 9 9 9 9 9 6 9 9 6 1 6 9 9 9 9 9 9 4 7 4 9 6 6 9 6 9 6 9 6 6 6 6 6 9 4 4 4 13 12 12 12 2 12 12 12 12 12 12 12 8 8 8 8 8 8 8 8 8 8 0 0 0 0 0 10 15 13 9 9 9 9 15 9 9 9 9 9 9 9 9 9 9 9 9 9 9 9 9 9 9 9 9 
9 1 1 6 1 1 13 1 1 1 1 1 1 1 1 1 1 6 6 1 13 13 4 4 4 10 2 2 2 2 2 2 3 3 3 3 3 3 3 14 14 5 10 10 15 15 15 15 15 15 9 9 9 9 9 9 9 9 9 9 9 9 9 9 1 9 9 1 1 9 9 
6 6 6 6 6 6 6 6 6 6 15 15 6 6 6 6 6 6 6 6 6 7 7 6 6 6 6 6 6 6 6 9 4 4 15 5 2 2 2 2 2 2 2 2 2 2 2 2 2 2 12 12 12 12 12 12 8 8 8 8 0 0 0 0 0 0 13 13 13 13 13 13 9 13 9 9 9 9 9 9 9 9 9 9 9 9 9 9 9 9 9 9 9 9 
1 1 1 1 6 6 6 6 6 6 6 6 1 1 1 1 1 1 6 6 6 4 4 4 13 13 10 5 2 2 2 2 2 2 2 2 2 2 2 3 3 3 3 3 3 8 8 8 8 8 8 8 8 0 0 0 0 0 0 0 0 13 13 13 1 1 9 1 1 1 1 1 1 1 1 1 6 6 6 1 6 6 6 6 6 6 6 1 
9 9 9 9 9 1 9 9 9 9 9 9 9 1 9 9 1 9 9 9 9 10 10 9 9 9 9 9 9 9 9 9 9 9 9 13 14 14 14 10 10 12 2 2 2 2 2 2 3 3 3 3 3 3 8 8 8 10 10 15 15 15 15 15 9 9 9 9 9 9 9 9 9 9 9 9 9 9 9 9 9 9 9 9 1 9 9 9 9 9 9 9 9 9 9 9 9 9 9 9 9 9 9 9 9 9 9 13 13 15 9 9 4 4 9 9 9 9 9 9 9 9 9 9 9 9 9 9 15 9 9 9 9 15 15 15 9 9 1 9 9 9 15 
9 9 9 6 9 6 6 6 9 9 9 9 9 9 4 6 6 6 6 6 9 15 9 9 9 4 4 4 4 9 4 4 4 10 12 12 12 12 12 12 12 12 12 12 12 12 12 12 12 12 12 12 12 8 8 8 8 8 8 8 0 0 0 0 0 0 0 13 13 13 13 13 13 13 13 13 13 13 15 15 15 15 15 15 15 15 15 15 15 15 15 15 15 9 15 15 9 15 9 9 9 9 9 9 9 9 9 9 9 9 9 9 9 15 15 15 9 9 13 15 15 9 1 9 9 9 9 9 9 9 9 9 9 9 9 9 9 9 9 6 6 6 6 9 9 
6 6 1 6 6 6 6 6 1 6 6 6 6 6 9 9 9 1 1 1 9 1 4 4 10 12 12 12 12 2 2 2 2 2 2 2 12 12 12 12 12 12 12 8 8 8 8 8 8 8 0 0 0 0 0 0 4 4 4 6 9 6 6 9 1 9 9 13 13 9 1 9 1 9 9 9 9 9 9 9 9 9 1 1 1 1 1 1 9 
6 6 6 1 1 6 6 1 1 1 1 6 1 6 1 6 1 9 6 9 9 4 13 13 6 13 9 9 9 9 4 4 4 4 4 4 4 4 4 4 14 14 2 2 2 2 2 2 2 2 12 12 12 12 8 8 8 8 8 8 8 8 8 0 0 8 0 10 10 10 10 15 15 15 15 15 15 15 15 15 15 15 15 15 13 13 13 9 9 9 9 9 9 9 9 9 9 9 9 9 9 9 9 1 9 15 9 9 9 9 9 9 9 9 9 9 
15 15 15 9 9 9 6 6 6 6 6 6 6 6 1 6 6 6 6 6 4 4 4 4 13 10 2 2 2 2 2 2 2 2 2 2 2 12 12 12 12 8 8 8 8 8 0 0 0 0 10 0 0 0 10 0 0 9 9 9 9 6 6 6 6 6 6 6 6 6 6 6 6 6 6 6 6 6 6 
9 9 9 1 9 9 9 1 1 1 1 1 1 1 1 9 9 1 9 1 7 7 7 7 4 9 13 13 4 4 6 15 9 9 6 6 6 6 6 6 1 9 9 9 6 4 4 7 7 7 4 4 4 4 4 4 4 14 12 2 2 2 2 2 2 2 2 2 2 12 12 12 12 12 12 8 8 8 8 8 8 8 8 8 8 8 8 8 0 0 0 0 0 13 13 13 13 13 13 13 15 15 15 15 15 10 10 10 15 10 10 10 10 10 10 10 10 10 15 10 10 10 10 10 10 10 10 10 10 10 10 15 15 15 15 15 9 9 9 9 9 9 9 9 9 9 9 9 9 9 13 6 13 9 9 9 9 9 9 9 9 9 1 6 6 6 9 1 1 1 9 9 9 9 6 9 9 9 6 9 6 
9 9 9 9 9 9 9 9 9 9 9 9 9 9 9 9 9 9 9 9 9 7 7 4 9 13 9 9 9 9 9 9 9 9 9 9 9 9 9 9 15 9 6 6 9 9 9 9 9 9 9 9 15 9 9 4 4 4 14 2 12 12 12 12 12 12 12 12 8 8 8 8 8 8 8 8 8 8 8 0 0 8 0 0 13 15 15 15 15 15 15 15 15 15 15 15 15 15 15 15 15 15 15 15 15 15 15 9 15 15 9 9 
6 6 6 6 6 6 6 6 1 6 6 6 6 1 1 1 1 1 6 6 6 6 4 4 4 14 5 12 2 2 2 2 2 2 2 2 2 2 2 2 2 2 2 2 2 12 3 3 3 14 8 8 8 8 8 8 0 0 0 0 0 0 0 0 0 0 0 13 13 13 1 1 1 1 6 6 1 1 1 6 1 6 6 6 6 6 6 6 6 6 6 6 6 
1 6 6 6 6 6 6 6 1 6 1 1 1 6 6 6 6 6 6 1 1 4 4 4 3 12 2 2 2 2 2 2 2 2 5 5 5 5 10 10 3 3 8 8 8 8 8 8 8 8 0 0 0 0 13 13 13 9 13 13 13 1 1 9 1 9 1 9 1 1 1 1 6 1 1 6 1 1 1 6 6 
6 6 6 6 6 6 6 6 6 6 6 6 6 1 6 6 6 6 6 6 4 4 4 14 12 12 2 2 2 2 2 2 2 2 2 12 12 12 12 12 12 12 12 12 8 8 8 8 8 0 0 8 8 8 0 0 0 0 0 0 0 0 0 0 9 9 6 6 6 1 9 9 9 9 9 9 9 9 9 9 4 4 9 9 9 9 9 9 
6 1 1 1 1 1 1 1 1 1 1 1 1 1 6 1 1 1 1 6 4 4 4 7 4 4 4 4 10 2 2 2 2 2 2 2 2 2 3 3 3 14 14 14 14 14 0 0 0 0 0 0 0 0 0 0 0 0 0 0 0 0 0 0 0 0 0 0 10 15 13 15 15 15 1 6 1 13 1 1 1 1 9 1 1 9 1 1 9 1 9 15 9 15 15 9 9 1 9 9 15 9 15 15 9 15 
9 9 9 1 1 1 9 9 9 9 9 9 9 1 9 1 1 1 1 15 15 15 9 9 9 1 1 9 9 9 1 1 1 9 4 4 6 9 9 9 9 6 9 9 4 4 4 4 4 14 14 14 5 2 2 2 2 2 2 2 2 2 12 12 12 12 12 12 12 8 8 8 8 8 8 8 8 8 8 8 8 8 0 0 0 0 9 6 6 9 4 0 0 13 15 9 9 9 9 6 1 7 7 6 9 1 9 9 9 9 9 9 9 9 9 9 9 9 9 9 9 6 9 9 9 9 9 9 9 9 9 9 1 
1 1 6 6 6 1 1 1 1 1 1 6 6 1 1 15 13 1 1 1 1 4 14 3 12 2 2 2 2 2 2 2 3 3 3 14 14 14 14 14 14 0 0 0 0 0 0 0 0 0 0 0 0 0 0 0 10 13 13 13 13 13 13 15 1 1 1 1 1 1 1 1 1 1 1 1 1 1 1 1 1 
1 1 1 1 1 1 1 1 1 1 1 1 1 1 1 1 1 1 1 1 1 1 9 9 9 9 1 1 13 1 6 4 4 7 7 7 4 4 4 13 14 2 2 2 2 2 2 2 2 2 2 2 3 3 3 3 3 3 8 8 8 8 8 0 0 0 0 0 0 13 13 13 13 13 13 13 13 13 13 15 15 15 15 9 9 1 1 1 1 1 1 1 1 1 1 1 
1 1 1 1 1 1 1 1 1 1 1 1 1 1 1 1 1 1 1 15 15 9 9 1 1 1 6 6 9 4 4 4 4 14 14 14 3 2 2 2 2 2 2 2 2 3 14 14 14 14 0 0 0 0 0 0 0 0 0 0 0 0 0 0 0 0 0 13 13 13 13 13 13 13 13 13 15 13 15 15 15 15 15 13 15 1 15 15 15 1 15 15 
1 1 1 1 1 1 1 1 1 1 1 1 1 1 1 1 1 1 1 6 6 7 7 6 6 1 9 15 1 1 15 1 9 9 9 9 9 9 6 4 4 7 4 14 2 2 2 2 2 2 2 2 2 2 3 3 3 3 8 8 8 8 8 8 8 8 8 8 0 8 0 0 0 0 0 0 0 0 0 13 13 13 15 15 15 15 15 15 15 13 13 15 1 15 15 9 9 9 9 1 1 1 1 1 13 13 
