11 11 11 11 11 11 11 11 11 11 11 11 11 11 11 11 11 11 11 11 11 11 13 11 11 13 11 1 4 4 4 11 11 0 11 11 11 11 11 11 11 11 11 7 7 7 7 7 7 7 6 6 6 6 6 6 6 6 15 15 15 15 15 15 15 15 15 3 12 12 12 3 7 7 7 2 14 14 14 14 14 10 10 1 10 10 10 10 1 4 10 1 1 1 1 1 10 10 10 10 10 1 1 1 1 10 10 1 
11 11 11 11 11 11 11 11 11 11 11 11 11 11 5 5 11 11 11 11 5 0 11 4 0 4 5 5 5 1 1 1 6 6 6 6 6 6 6 6 6 6 6 6 6 6 6 6 15 15 15 15 15 15 15 15 12 12 12 12 12 12 14 14 14 14 14 14 14 14 14 14 14 14 14 14 14 4 4 4 4 4 4 4 4 4 10 10 10 10 10 10 5 5 5 5 5 5 11 11 11 11 11 11 11 11 11 11 11 11 11 11 
11 11 11 11 11 11 11 11 11 11 11 11 5 11 5 5 11 11 11 1 1 7 7 7 7 6 6 6 6 6 6 6 15 15 15 15 15 15 12 12 12 12 12 12 12 14 14 14 14 14 14 14 14 14 14 14 14 14 4 4 4 10 1 4 1 1 1 1 1 1 1 1 1 1 1 1 11 1 1 1 1 1 1 1 1 
5 5 5 5 1 1 1 1 1 5 5 1 1 1 5 1 5 5 5 5 1 0 0 4 10 10 10 10 10 10 10 1 1 1 1 1 10 10 10 10 10 10 10 10 10 14 14 7 7 7 7 7 7 7 6 6 6 6 6 6 6 6 6 6 6 15 15 15 15 15 15 12 12 12 12 14 14 14 14 14 14 14 14 14 14 14 10 10 10 10 10 10 10 10 10 10 4 10 10 10 4 4 4 4 10 4 4 4 4 4 1 4 4 4 4 4 4 4 4 4 4 4 4 4 1 4 4 1 1 1 1 1 1 1 1 4 4 4 4 4 4 4 4 11 11 0 0 0 0 0 0 0 0 0 0 0 0 0 0 0 0 0 0 0 11 11 4 4 4 4 4 4 4 4 1 5 1 5 1 1 1 1 5 5 5 5 1 5 5 5 5 1 1 5 
11 11 11 11 11 11 11 11 11 11 11 11 11 11 11 11 11 11 11 1 1 7 7 7 7 7 7 7 7 15 15 15 15 15 15 15 15 15 15 15 15 15 15 15 12 12 12 12 3 14 14 14 14 14 14 14 14 14 14 14 14 14 1 1 4 4 4 4 4 4 5 5 5 11 11 11 11 11 11 11 11 11 11 11 
11 11 11 11 11 11 11 4 4 5 5 11 11 11 11 11 5 5 5 1 1 7 7 7 7 7 7 6 6 15 15 15 15 15 15 15 15 15 15 15 15 12 12 12 12 14 14 14 14 14 14 14 14 14 14 14 1 1 4 1 4 4 4 5 5 1 5 11 11 11 11 11 11 11 11 11 11 11 11 
11 11 11 11 11 11 11 11 11 11 11 11 11 11 11 11 1 1 1 1 7 7 7 14 14 7 7 7 7 7 15 15 3 15 15 15 15 15 15 15 15 15 15 12 12 14 14 14 14 7 7 7 14 14 14 14 2 14 14 14 14 14 1 4 10 5 5 5 5 5 11 11 11 11 11 11 11 11 11 11 11 11 11 11 11 11 11 11 
11 11 11 11 11 11 11 11 11 11 11 11 11 11 11 11 11 11 11 11 1 2 14 7 7 14 7 7 7 7 7 7 7 6 6 6 6 6 6 6 6 15 15 15 15 15 15 15 15 15 12 12 12 12 12 12 14 14 14 14 14 14 1 4 4 4 4 5 5 5 5 5 1 5 5 5 1 11 11 1 11 11 5 11 11 11 5 11 11 11 11 11 11 5 
11 11 11 11 11 11 11 11 11 11 11 11 11 11 11 11 11 11 11 11 11 11 11 1 1 5 11 5 5 5 1 14 14 3 3 7 7 7 7 7 6 6 6 15 15 15 15 15 15 15 15 15 15 12 12 12 12 3 3 3 3 3 3 14 14 14 14 14 14 10 10 10 4 5 1 1 1 1 1 5 11 11 11 11 11 11 11 11 11 11 11 11 11 11 
1 1 1 1 1 1 1 11 11 1 4 11 5 11 11 5 1 1 1 1 14 7 7 6 6 6 6 6 6 6 15 15 15 15 15 15 15 15 15 3 14 14 14 14 14 14 10 4 1 1 1 5 11 11 11 11 11 11 11 11 11 11 11 11 11 11 11 11 11 11 
11 11 11 11 11 11 11 11 11 11 5 11 11 11 11 11 11 11 11 11 5 4 4 11 11 0 13 11 11 11 11 11 11 11 1 1 1 14 7 7 7 7 7 7 7 7 7 7 7 7 6 15 15 15 15 15 15 15 12 12 14 14 14 14 14 14 14 14 14 14 14 14 14 10 10 4 4 10 4 4 4 4 4 1 1 1 1 1 1 1 1 1 1 1 1 1 5 
11 11 11 11 11 11 11 11 11 11 11 11 11 11 11 11 11 11 11 11 11 1 7 7 7 7 7 7 7 6 7 6 15 15 15 15 15 15 15 15 15 15 15 15 15 3 14 14 14 14 14 14 14 14 14 14 14 14 14 4 1 1 4 4 4 1 1 1 1 1 1 1 11 11 1 11 11 11 11 11 11 11 11 11 
5 5 11 5 11 11 11 11 11 11 11 11 11 11 11 11 11 11 11 5 5 11 11 4 4 4 4 11 11 11 11 10 10 10 1 5 11 1 1 14 7 7 7 7 7 7 6 6 7 7 6 6 6 6 6 6 15 15 15 15 15 15 15 15 15 15 15 15 15 15 12 4 12 14 14 14 14 14 14 14 14 14 14 14 14 14 14 14 14 14 14 14 1 4 4 4 4 1 1 1 11 5 5 
5 11 11 11 11 11 5 5 11 11 11 11 11 11 5 5 5 1 1 1 1 1 14 7 7 7 7 6 6 6 6 6 6 6 15 15 15 15 15 15 15 15 15 15 15 15 15 12 3 3 14 14 14 14 14 14 14 14 14 14 14 10 4 4 10 10 4 4 1 1 1 1 1 5 1 1 1 1 1 1 11 11 1 5 5 1 1 1 1 5 11 1 1 1 5 5 5 
11 11 11 11 11 11 11 11 11 11 11 11 11 11 11 11 11 11 11 11 11 10 10 1 11 11 11 11 11 1 11 5 11 11 11 11 1 1 1 1 14 14 14 2 14 14 7 7 7 7 7 7 7 7 7 6 15 15 15 15 15 15 15 15 15 15 3 14 14 15 15 3 14 14 14 14 14 14 7 7 14 14 14 14 14 1 1 11 11 11 1 11 1 11 11 11 11 11 11 11 11 11 11 11 11 11 11 11 11 5 
1 1 1 1 1 1 1 11 11 11 11 11 11 11 11 11 11 11 11 11 1 1 7 3 3 9 14 14 15 15 15 15 15 15 15 15 15 15 15 12 4 12 12 12 14 14 14 14 14 14 14 14 14 14 4 4 4 4 1 1 1 10 10 1 1 1 1 1 1 1 1 1 1 1 1 1 1 1 1 1 
11 11 11 11 11 11 11 11 11 11 11 11 11 11 11 11 11 11 1 1 7 7 7 7 7 7 7 7 6 6 6 6 15 15 15 15 15 15 15 14 3 14 14 14 14 14 14 14 14 14 14 14 14 14 14 1 1 1 11 1 1 11 11 11 11 11 11 11 11 11 11 11 11 11 11 11 11 11 
11 11 11 11 11 11 11 11 11 11 11 11 11 11 11 11 11 11 11 1 1 7 7 7 7 6 6 6 15 15 15 15 15 15 15 15 15 15 15 12 12 12 12 12 14 14 14 14 14 14 14 14 14 4 4 4 4 4 4 4 4 4 4 1 4 1 1 1 1 1 1 5 1 1 1 1 1 1 1 1 
11 11 11 5 5 5 11 11 11 11 11 11 5 5 11 11 11 11 11 11 1 14 14 14 12 1 0 12 6 6 6 6 6 15 15 15 15 15 15 15 15 15 12 12 12 12 3 12 12 12 12 12 12 12 12 12 14 14 14 10 10 10 10 10 10 10 10 10 1 1 1 1 1 1 1 1 1 1 1 1 1 1 1 1 1 
11 11 11 11 11 11 11 11 5 11 11 11 11 5 11 5 5 11 11 11 11 11 11 11 5 5 5 5 1 1 1 14 14 14 7 7 7 14 7 14 7 7 7 7 6 6 6 6 6 6 6 6 6 6 6 15 15 15 15 15 15 15 15 15 15 12 12 12 14 14 14 14 14 14 14 14 14 14 4 4 4 4 4 5 5 5 11 11 11 11 11 11 11 11 11 11 11 11 11 11 5 
11 11 11 11 11 11 11 11 11 11 11 11 11 11 11 11 1 14 7 7 7 7 7 7 7 7 6 6 6 6 6 6 6 6 6 15 15 15 15 15 12 12 12 12 12 14 14 14 14 14 14 14 14 14 14 14 14 1 11 4 4 5 4 4 4 4 4 5 4 5 5 5 5 5 4 5 1 5 5 5 1 5 11 5 1 1 5 5 5 
11 11 11 11 11 11 11 11 11 11 11 11 11 11 11 11 11 11 11 11 1 4 4 5 11 5 4 4 4 11 5 1 11 1 1 1 11 11 5 11 11 11 11 1 1 7 7 7 7 7 7 7 7 7 7 7 6 7 7 6 15 15 15 15 15 15 15 15 15 15 15 15 12 12 12 12 12 12 12 14 14 14 14 14 14 14 14 14 14 14 14 14 14 14 14 14 4 4 4 4 10 4 1 4 4 10 1 4 1 1 1 1 1 1 1 1 1 1 1 1 1 
1 1 1 1 1 1 1 11 11 13 0 11 5 5 11 11 11 11 11 11 11 11 11 11 1 1 14 7 7 7 7 7 7 7 7 7 7 7 15 15 10 10 10 10 10 10 15 12 12 12 12 14 14 14 14 14 14 14 14 14 14 14 14 10 4 4 10 10 10 1 1 1 1 1 1 11 11 1 1 1 1 
11 11 11 11 11 11 11 11 11 11 11 11 11 11 11 11 11 11 11 1 2 7 7 7 7 12 7 7 7 7 7 7 7 7 7 7 7 15 15 15 15 15 15 15 15 15 15 3 3 14 14 14 14 14 14 14 14 14 14 4 10 10 1 4 1 1 4 10 10 10 1 10 10 1 1 4 4 1 1 1 11 11 1 1 11 11 11 11 11 0 
11 11 11 11 11 11 11 11 11 11 11 11 11 11 11 11 11 11 11 11 11 11 11 1 2 7 7 7 7 7 7 7 7 6 6 6 6 6 6 15 15 15 15 15 15 15 15 15 15 15 15 15 15 15 15 15 15 15 15 15 15 15 15 14 1 12 12 14 14 14 14 14 14 14 14 1 1 5 1 1 1 1 1 1 1 1 1 1 1 1 1 1 1 1 1 1 1 1 1 1 1 1 1 
11 11 11 11 11 1 1 11 11 11 11 11 11 11 11 11 11 11 1 1 14 14 7 7 7 7 6 6 6 6 15 15 15 15 15 15 15 15 15 15 15 15 15 15 15 12 12 12 12 14 14 14 14 14 14 14 14 14 12 14 14 14 1 1 1 1 1 1 1 1 11 1 11 11 11 11 11 11 1 11 11 11 1 11 11 
11 11 5 11 5 5 5 5 5 5 11 11 5 5 5 5 11 11 11 11 11 11 11 5 5 5 5 5 5 4 1 14 7 14 14 7 6 7 6 6 6 6 6 6 6 6 6 6 6 6 15 15 15 15 15 15 15 15 15 15 12 12 0 2 14 14 14 14 2 14 14 14 12 12 12 14 10 10 4 4 4 10 4 5 5 5 5 5 5 5 5 5 5 11 5 5 11 5 5 5 5 11 5 
11 11 11 11 11 11 11 11 11 11 11 11 11 11 11 11 11 11 1 1 1 7 7 7 7 7 7 7 6 6 6 6 6 6 15 15 15 15 15 15 15 15 15 12 12 12 3 14 14 14 14 14 14 14 14 14 14 14 14 4 5 5 5 5 5 5 5 11 11 11 11 11 11 11 11 11 11 11 
11 11 11 11 11 11 11 11 5 5 5 11 5 11 11 5 11 11 11 11 11 13 0 0 11 11 11 11 11 11 11 11 11 11 11 11 10 10 1 1 1 2 7 7 7 7 14 2 2 14 7 7 6 6 6 6 6 15 15 15 15 15 15 15 15 15 15 15 15 15 15 15 15 15 15 15 15 15 14 14 14 14 14 14 14 14 14 14 14 14 14 14 14 14 14 4 4 4 4 4 4 4 4 4 4 4 4 1 4 11 1 5 5 1 1 1 10 1 11 11 11 
11 11 11 5 5 5 11 11 11 4 4 5 5 5 5 5 5 11 5 11 11 4 4 14 14 14 14 7 7 7 6 6 6 6 6 6 6 6 6 6 6 6 15 15 15 12 12 12 12 12 12 12 12 12 14 14 14 14 14 14 14 14 14 14 14 14 14 10 4 10 4 5 5 5 11 11 11 11 11 11 11 11 11 11 5 5 5 5 5 11 5 11 5 5 
11 11 11 11 11 11 11 11 11 11 11 11 11 11 11 11 11 11 11 1 1 7 7 7 7 7 6 6 6 6 6 6 6 15 15 15 15 15 15 15 15 15 15 15 12 12 12 12 12 12 14 3 3 3 14 14 14 14 14 14 14 14 14 4 4 4 4 4 4 4 4 4 4 4 4 1 1 1 1 1 1 1 1 1 1 1 1 1 1 11 1 11 
5 5 1 11 0 1 1 11 11 11 11 11 11 11 11 11 11 11 11 1 1 7 7 7 7 7 7 3 3 3 3 3 3 3 3 15 3 3 3 9 9 3 3 14 14 14 14 14 14 14 14 14 1 0 1 1 10 1 1 1 1 1 1 1 1 1 11 11 11 11 11 11 11 11 11 11 11 11 11 11 
11 11 1 1 11 11 1 11 11 11 11 11 11 11 11 11 1 1 1 1 1 7 7 7 7 7 6 7 6 15 15 15 15 15 15 15 15 15 3 3 3 14 14 14 14 14 14 14 10 10 4 4 4 1 1 1 1 1 1 1 1 5 11 1 5 1 11 11 1 11 11 11 11 11 11 
11 11 11 11 11 11 11 11 11 11 11 11 11 11 11 11 11 11 11 11 0 13 11 4 11 4 10 11 11 0 1 1 11 1 1 1 1 1 7 7 7 7 7 7 7 7 7 7 7 7 7 7 6 6 6 6 15 7 15 15 8 15 3 3 3 14 14 14 14 14 14 4 4 4 4 4 4 4 4 1 1 1 1 1 1 1 1 1 1 5 1 11 1 1 11 11 11 
11 11 11 11 11 11 11 11 11 11 11 11 11 11 11 11 11 11 11 1 14 7 7 7 7 7 6 7 6 7 6 7 6 6 6 6 6 15 15 15 15 15 15 15 12 12 12 3 3 3 3 3 14 14 14 14 14 14 14 4 4 1 5 11 5 4 5 5 5 11 5 11 5 11 11 11 11 11 11 11 11 11 11 11 
1 1 1 1 11 5 11 5 11 11 11 11 11 11 11 11 4 4 11 5 0 0 4 5 11 10 10 10 10 10 10 10 10 10 10 1 5 1 1 1 1 1 1 10 14 7 7 6 6 6 6 6 6 6 6 15 15 3 3 12 12 12 14 14 14 14 14 14 14 4 4 4 4 4 4 1 4 1 1 1 1 1 1 1 5 1 1 1 11 1 1 1 1 1 
11 11 11 11 11 11 11 11 11 11 11 11 10 1 1 1 1 1 1 1 1 14 14 7 7 6 6 6 6 6 6 6 15 15 15 15 15 15 15 15 15 3 3 3 14 14 14 14 14 14 14 14 14 14 14 4 4 4 4 4 4 4 4 4 4 4 4 4 4 4 4 4 4 4 4 4 4 1 1 1 1 1 1 4 1 1 1 1 1 1 1 1 1 1 1 1 1 1 1 1 11 11 
11 11 11 11 11 11 11 11 11 11 11 11 11 11 11 11 11 11 1 1 1 7 7 7 7 7 7 7 7 7 7 15 15 15 15 15 15 15 15 15 15 15 15 12 12 12 12 14 14 14 14 14 14 14 14 14 14 4 4 4 4 4 4 4 4 4 4 1 4 1 4 4 5 5 5 11 1 11 11 11 11 11 11 1 
11 11 11 11 11 11 11 11 11 11 11 11 11 11 11 11 11 11 11 11 11 0 13 0 4 0 0 0 0 7 7 14 14 14 14 14 7 7 7 7 7 7 7 7 7 15 15 15 15 3 3 3 3 3 3 3 3 14 3 3 14 14 14 14 12 12 12 14 14 10 10 10 10 10 10 1 1 10 1 1 1 1 1 1 1 1 1 1 11 5 1 1 1 1 1 1 1 
11 5 11 5 1 5 5 1 1 1 1 11 5 11 11 11 11 11 11 11 0 0 0 11 11 11 11 11 11 11 1 1 7 7 7 7 7 7 7 7 7 7 7 7 7 14 14 14 14 14 14 14 14 14 7 14 7 14 14 7 14 14 4 4 4 4 4 1 1 1 1 1 1 11 11 11 11 1 11 11 5 1 1 1 1 1 11 5 
4 4 4 4 4 1 1 11 0 1 11 0 11 11 11 11 11 11 11 11 11 1 14 7 7 7 7 7 7 7 6 9 6 6 6 15 15 15 15 3 3 3 15 15 15 15 15 15 15 15 3 3 14 14 14 14 14 14 14 14 14 14 14 14 14 4 4 4 4 4 1 1 11 11 11 11 11 11 11 11 11 11 11 11 11 11 11 11 11 11 11 11 11 11 
11 11 11 11 11 5 5 5 11 11 5 5 11 5 11 11 1 1 11 5 11 13 0 1 11 0 11 11 11 0 1 1 1 1 14 7 7 7 7 7 6 6 6 6 6 6 15 15 15 15 15 15 15 15 12 12 15 3 14 3 14 3 14 10 3 14 10 14 14 14 14 14 14 10 10 4 4 4 1 1 1 4 4 1 1 1 1 1 1 1 1 1 1 1 11 5 
11 11 11 11 11 11 11 11 11 11 11 11 5 4 5 11 11 11 11 1 14 7 14 14 14 14 7 7 7 14 7 7 7 7 7 7 7 6 6 6 6 15 15 15 15 15 15 15 15 15 15 15 12 12 12 12 12 12 12 14 14 14 14 14 14 14 7 7 14 14 4 4 4 4 4 4 4 4 5 5 11 11 11 11 11 11 11 11 11 11 11 11 11 11 11 11 11 
11 11 11 11 11 11 11 11 5 11 11 11 11 11 11 11 11 5 5 1 1 14 7 7 7 7 7 7 7 6 7 6 6 6 6 15 15 15 15 15 15 15 15 15 15 15 15 15 15 14 14 14 14 14 14 14 14 14 14 10 4 4 4 5 5 5 5 5 5 5 11 11 11 11 11 11 11 11 11 11 11 11 11 11 11 
1 11 11 11 11 11 11 11 11 11 11 11 11 11 11 11 11 11 11 11 1 14 14 14 14 7 7 7 7 7 7 7 15 15 15 15 15 15 15 15 15 15 15 15 15 15 15 15 14 14 10 10 14 14 14 14 3 3 14 14 14 12 14 14 14 4 4 5 1 1 1 1 1 1 1 1 11 11 11 11 11 11 11 11 11 1 11 1 1 11 11 5 
11 5 5 5 5 5 5 1 5 1 1 5 5 5 5 1 5 5 5 11 5 11 11 11 11 5 4 5 11 11 11 0 11 11 11 11 4 4 5 5 11 5 4 14 7 7 7 7 7 7 7 6 6 6 6 6 6 6 6 6 6 6 15 15 15 15 15 15 15 12 12 12 12 12 14 14 14 12 12 12 12 12 12 12 12 12 14 14 10 4 4 10 4 10 4 10 1 5 1 1 1 1 1 1 1 1 1 1 1 1 1 1 1 5 5 5 
11 1 1 11 5 1 11 11 11 11 11 11 11 11 11 11 11 11 11 1 1 7 7 7 7 7 6 6 6 6 6 6 6 6 6 6 6 6 6 15 15 15 15 15 15 15 15 3 3 3 3 3 3 3 3 3 14 14 14 14 14 14 14 4 4 4 4 4 5 1 1 5 11 11 11 11 11 5 5 11 11 11 11 11 11 11 11 11 11 11 11 11 11 
11 11 11 11 11 11 11 11 11 11 11 11 5 5 5 5 5 5 5 1 7 7 7 7 7 6 6 6 6 6 6 6 6 6 6 6 15 15 12 12 12 12 12 12 12 12 14 14 14 14 14 14 14 14 14 14 14 14 14 14 10 4 4 4 4 4 5 5 5 5 5 5 5 5 5 11 11 11 11 11 11 11 11 11 11 11 11 11 
11 11 11 11 11 11 11 11 11 11 11 11 1 1 1 1 1 1 1 1 0 13 0 0 11 4 1 1 5 11 11 11 11 1 10 1 1 14 7 7 7 6 6 6 6 6 6 15 15 15 15 15 15 15 15 12 12 12 3 3 3 3 14 14 14 14 14 14 14 14 14 14 10 10 10 10 4 4 10 4 4 1 1 1 1 1 1 1 1 11 5 1 1 5 5 5 5 
5 5 5 5 11 11 11 5 11 4 5 11 11 11 11 11 11 11 11 11 11 13 13 0 11 0 11 5 11 11 5 5 5 1 1 1 7 7 7 7 7 7 7 7 7 7 6 6 15 15 15 15 15 15 15 12 12 12 12 12 12 12 9 9 9 14 14 14 14 14 14 14 14 14 14 7 14 14 14 10 1 1 1 4 5 4 5 5 5 5 5 1 5 5 5 5 5 5 
5 5 5 5 5 5 11 5 5 4 5 5 5 5 0 0 1 1 5 1 1 7 7 7 7 7 7 6 6 6 6 6 6 6 6 15 15 15 15 15 12 12 12 12 12 12 12 14 12 14 14 12 12 12 12 14 14 14 4 4 4 4 4 4 4 4 4 4 4 4 4 5 4 5 5 5 5 5 5 5 5 5 5 5 5 
