9 9 9 9 9 9 9 9 9 9 9 9 9 9 9 9 9 9 9 9 9 0 0 9 9 0 9 9 9 9 1 9 1 1 1 8 6 5 7 5 5 5 5 5 5 5 5 5 3 3 3 3 3 3 3 3 3 3 4 4 4 4 4 4 4 6 6 6 6 6 6 6 6 6 6 6 6 6 6 8 8 1 1 1 1 1 1 1 1 1 1 1 1 1 1 9 1 1 
9 9 9 9 9 9 9 9 9 9 9 9 9 9 9 9 9 1 1 1 8 9 9 9 8 8 1 9 9 0 0 8 8 8 1 1 1 8 1 9 1 1 9 9 1 1 1 1 1 6 6 5 6 6 4 4 4 4 4 5 5 5 5 5 5 5 5 5 5 5 5 5 5 5 3 3 3 3 6 6 6 6 4 4 4 6 6 6 6 6 6 6 6 6 6 8 8 8 8 8 8 8 8 8 8 8 8 8 8 8 8 8 8 8 8 8 8 8 8 8 8 1 1 8 
9 9 9 9 9 9 9 9 9 9 9 9 9 9 9 9 9 9 9 1 1 6 5 5 5 5 5 5 5 5 3 3 3 3 3 3 3 3 3 3 3 3 3 3 3 3 3 3 2 6 6 6 6 6 6 6 6 6 6 6 6 6 4 4 1 1 8 8 1 1 1 1 1 9 9 9 9 9 9 9 9 9 9 9 
9 9 9 9 9 9 9 9 9 9 9 9 9 9 9 9 9 1 1 1 6 5 5 5 5 5 5 5 5 5 5 5 3 3 3 3 3 3 3 3 3 3 3 3 3 2 6 6 6 6 6 6 6 6 6 6 6 2 6 6 8 8 8 8 8 1 1 1 1 1 1 9 9 9 9 9 9 9 9 9 9 9 9 9 9 9 9 9 
1 1 1 1 1 1 1 9 9 9 9 9 9 9 9 9 9 9 9 9 1 6 6 2 2 2 6 6 3 3 3 3 3 3 3 3 3 3 3 3 3 3 3 2 6 6 6 6 6 6 6 6 6 8 8 1 1 1 1 8 8 8 8 1 1 1 1 1 1 1 1 1 1 1 1 1 1 1 1 1 
9 9 9 9 9 9 9 9 9 9 9 9 9 9 9 1 1 1 1 1 1 1 6 5 5 5 5 5 5 5 3 3 3 3 3 3 3 3 3 3 3 3 3 3 3 3 3 3 2 2 6 6 6 6 6 6 6 6 6 6 6 8 8 8 8 8 8 8 8 1 1 1 1 1 1 1 1 1 1 1 9 1 1 1 1 1 1 1 1 1 9 1 1 1 1 1 1 
9 9 9 9 9 9 9 9 9 9 9 9 9 9 9 9 9 9 9 9 9 9 0 9 9 0 9 1 8 8 8 9 9 0 9 9 9 9 9 9 9 9 9 6 5 5 5 5 5 5 5 5 5 5 5 5 5 3 3 3 3 3 3 3 3 3 2 2 2 2 2 2 6 5 5 4 6 6 6 6 6 8 8 8 8 8 8 8 8 8 8 8 1 8 1 8 8 8 8 1 8 1 8 8 1 8 8 8 
1 8 1 1 8 1 1 9 9 1 9 0 9 9 9 9 9 9 9 9 9 1 6 5 5 5 5 5 5 5 5 2 2 5 2 2 2 3 3 2 2 2 3 3 3 3 3 3 3 3 2 2 6 6 6 6 6 6 6 6 6 6 6 6 8 8 8 8 8 8 1 1 9 9 9 9 9 9 9 9 9 9 9 9 9 9 9 9 9 9 9 9 9 9 
9 9 9 9 9 9 9 9 9 9 9 9 9 9 9 9 9 9 1 1 1 6 5 5 5 5 5 5 5 5 5 5 5 3 6 6 3 3 3 3 3 3 3 3 6 6 6 6 6 6 6 6 6 6 8 8 8 8 8 8 8 8 1 1 1 9 1 9 9 9 9 9 9 9 9 
9 9 9 9 9 9 9 9 9 9 9 9 9 9 9 9 9 9 1 1 1 5 5 5 5 5 5 5 5 5 5 5 5 3 3 3 3 3 3 3 3 3 3 3 3 3 3 6 6 6 6 6 6 6 6 6 6 8 1 1 1 1 1 8 1 1 1 1 1 1 1 1 1 1 1 9 1 9 9 9 9 9 9 1 
1 1 1 1 9 9 9 9 9 9 9 9 9 9 9 9 8 1 9 9 0 0 1 1 9 8 8 8 8 8 8 8 8 8 8 1 9 1 1 1 1 1 1 8 6 5 5 5 5 5 5 5 3 3 7 7 3 2 2 2 2 2 2 6 6 6 6 6 6 8 8 8 1 1 1 1 1 1 1 1 1 1 1 1 1 1 1 1 9 1 1 1 9 1 
9 9 9 9 9 9 9 9 9 9 9 9 9 9 9 9 9 9 9 9 9 6 6 6 6 6 5 5 5 5 5 5 5 3 3 3 3 3 3 3 3 3 3 3 3 6 6 3 6 6 8 8 3 6 6 3 2 2 6 6 6 6 6 6 6 1 1 1 1 1 1 1 9 9 1 9 9 9 9 9 9 9 9 9 9 9 9 9 9 9 9 1 
9 9 9 9 9 9 9 9 9 9 9 9 1 1 1 9 9 9 9 1 6 6 6 6 6 6 6 6 6 6 6 5 5 5 5 5 5 5 5 3 3 3 3 3 3 3 3 3 3 3 3 3 3 3 3 3 3 3 2 6 6 6 6 6 6 6 6 6 6 6 8 1 9 1 9 9 1 1 1 1 9 9 9 9 9 9 9 9 9 9 9 9 9 9 9 9 9 
9 9 9 9 9 9 9 9 9 9 9 9 9 9 9 9 9 9 9 9 9 8 8 1 9 9 9 9 9 1 9 1 9 9 9 9 1 1 1 8 6 6 6 6 6 6 6 5 5 5 5 5 5 5 5 5 5 3 3 3 3 3 3 3 3 3 6 6 2 2 2 2 6 6 6 6 6 6 6 6 6 6 6 6 8 1 1 9 9 9 1 9 1 9 9 9 9 9 9 9 9 9 9 9 9 9 9 9 9 1 
9 9 9 9 9 9 9 9 9 9 9 9 9 9 9 9 9 9 9 9 9 0 0 0 1 9 0 0 0 6 6 6 6 6 6 6 6 5 5 5 5 5 5 5 5 5 3 3 3 2 2 2 2 2 2 6 6 6 6 6 6 6 6 6 2 2 4 6 8 8 8 8 8 8 8 1 1 8 1 1 1 1 1 1 1 1 1 1 9 9 1 1 1 1 1 9 1 
9 9 9 9 9 9 9 9 9 9 9 9 9 9 9 9 1 1 1 1 6 6 6 6 6 5 5 5 5 5 5 5 3 3 3 3 3 3 3 3 3 3 3 3 3 6 6 6 6 6 6 6 6 6 6 6 4 6 6 6 6 6 1 8 8 1 9 9 9 9 9 9 9 9 9 9 9 9 9 9 9 9 9 9 9 9 9 9 
9 9 9 9 9 9 9 9 9 9 9 9 9 9 9 9 1 6 6 6 6 6 5 5 5 5 5 5 5 5 3 3 3 3 3 3 3 3 3 3 3 3 3 3 3 6 6 6 6 6 6 6 6 6 6 6 6 1 9 1 1 9 1 1 1 8 1 1 1 1 1 1 1 1 8 1 1 1 1 1 1 1 9 9 1 1 1 9 9 
9 9 9 9 1 9 9 9 9 9 9 9 9 9 9 9 9 9 9 9 1 6 6 6 4 4 4 5 5 5 5 5 3 3 3 3 3 3 3 3 3 3 3 3 3 3 2 2 2 6 3 3 6 6 6 6 6 6 6 8 8 8 8 8 8 8 8 8 1 1 1 1 1 1 1 1 1 1 1 1 1 1 1 1 1 
9 9 9 9 9 9 9 9 9 9 9 9 9 9 9 9 9 9 9 9 9 9 9 8 8 8 9 9 9 9 9 8 8 8 1 9 9 1 1 6 5 5 5 5 5 5 5 5 5 5 5 5 5 3 3 3 3 3 3 3 3 3 3 3 3 3 3 3 3 3 3 8 6 8 6 6 6 6 6 6 6 6 6 6 6 6 6 6 6 6 6 6 8 1 1 1 1 1 1 1 1 9 1 
9 9 9 9 9 9 9 9 9 9 9 9 9 9 9 9 9 9 9 9 9 9 9 1 6 6 6 6 6 5 5 5 5 5 5 5 3 3 3 3 3 3 3 3 3 3 3 3 3 3 3 3 3 3 3 3 3 3 3 3 3 3 3 8 8 6 3 6 6 6 6 6 6 6 6 8 1 1 1 1 1 1 1 1 1 1 1 1 1 1 1 1 1 1 1 1 1 1 1 1 1 1 1 
9 9 9 9 9 9 9 9 9 9 9 9 9 9 9 9 9 9 9 1 6 5 5 5 5 5 5 5 5 5 5 5 5 5 5 3 3 3 3 3 3 3 3 3 3 3 3 2 2 6 6 6 6 6 6 6 6 6 6 8 8 1 9 9 9 9 9 9 9 9 9 9 9 9 9 9 9 9 9 9 9 9 9 9 
9 9 9 9 9 9 9 9 9 9 9 9 9 9 9 9 9 9 1 1 1 5 5 5 5 5 5 5 5 5 5 5 3 3 3 3 3 3 3 3 3 3 3 3 2 2 2 6 6 6 6 6 6 6 6 6 6 6 8 8 1 1 9 9 1 9 9 9 9 9 9 9 9 9 9 9 9 9 
9 9 9 9 9 9 9 1 8 1 9 9 9 9 9 9 9 9 1 1 1 6 5 5 5 5 5 5 5 5 3 3 3 3 3 3 3 3 3 3 3 3 3 3 6 6 6 6 6 6 6 6 6 6 6 6 8 1 1 1 1 1 1 1 1 1 9 9 9 9 9 9 9 9 9 9 9 9 9 
9 9 9 9 9 9 9 9 9 9 1 9 9 9 9 9 9 9 1 1 1 6 6 5 5 5 5 5 5 5 3 3 3 3 3 3 3 3 3 3 3 3 3 3 3 3 2 2 2 2 2 2 2 2 6 6 6 6 6 8 8 1 1 8 1 1 1 1 1 9 1 1 9 9 9 9 9 9 9 9 9 9 9 9 9 9 9 9 9 
9 9 9 9 9 9 9 9 9 9 9 9 9 9 9 9 9 9 9 9 9 0 0 0 9 9 0 9 9 9 9 9 9 9 9 9 8 8 1 1 1 4 5 5 5 6 6 4 6 6 6 5 5 5 5 5 5 5 5 3 3 3 3 3 3 3 3 3 3 3 3 3 3 3 3 3 3 3 6 6 6 6 6 6 6 6 6 6 6 6 6 6 6 6 6 8 8 8 1 1 8 8 8 8 8 1 1 1 1 1 1 9 1 1 1 1 8 1 9 9 9 
9 1 9 1 1 9 1 1 1 1 1 9 1 9 9 9 9 9 9 9 0 9 9 9 9 9 9 9 9 9 1 1 5 5 5 5 5 5 5 5 5 5 5 5 6 6 6 6 6 6 6 6 6 6 6 6 6 6 6 6 6 6 8 1 8 8 8 1 1 1 1 1 1 9 9 9 9 9 9 9 9 1 1 1 1 1 9 1 
9 9 9 9 9 9 9 9 9 9 9 9 9 9 9 9 9 9 9 9 9 9 9 9 9 9 9 9 9 9 9 9 9 9 9 9 9 9 9 9 9 9 9 9 9 9 1 6 1 1 6 5 5 7 5 5 5 5 5 5 5 5 5 3 3 3 3 3 3 3 3 3 2 2 6 6 6 6 6 6 6 6 6 6 6 8 8 8 1 1 1 1 1 8 1 1 1 1 1 1 1 1 1 1 1 1 1 
1 1 1 1 1 1 1 1 1 1 1 1 1 1 1 1 1 1 1 1 1 0 0 8 8 8 8 8 8 8 8 1 1 1 1 1 8 8 8 8 8 8 8 8 8 6 6 6 5 5 5 5 5 5 5 5 5 5 5 5 5 7 5 7 7 3 3 3 3 3 3 3 3 3 3 6 6 6 6 6 6 6 6 6 6 6 8 8 8 8 8 8 8 8 8 8 8 8 8 8 8 8 8 8 8 8 1 8 8 1 1 1 1 1 1 1 1 1 1 1 1 1 1 1 1 1 1 1 1 1 1 1 1 1 1 1 8 8 8 8 1 1 1 9 9 9 9 9 0 0 0 0 0 0 0 0 0 0 0 0 0 9 9 9 9 9 1 1 1 8 8 8 8 1 1 1 1 1 1 1 1 1 1 1 1 1 1 1 1 1 1 1 1 1 
9 9 9 9 9 9 9 9 9 9 9 9 9 9 9 9 9 9 9 9 9 9 9 9 1 1 1 1 1 1 1 6 6 6 6 6 5 5 5 5 5 5 5 5 5 5 3 3 3 3 3 3 3 3 3 3 3 3 3 3 3 3 4 4 6 6 6 6 4 6 6 6 2 2 6 6 8 8 8 1 8 8 1 1 1 1 9 1 9 1 9 1 9 9 9 9 9 9 9 9 9 9 9 
1 1 1 1 1 1 1 9 9 0 0 9 9 1 9 9 9 9 9 9 9 9 9 9 1 1 6 5 5 5 5 5 5 5 5 5 5 5 5 5 8 8 8 8 8 8 3 3 3 3 3 6 6 6 6 6 6 6 6 6 6 6 6 8 8 8 8 8 8 1 1 1 1 1 1 9 9 1 1 1 1 
9 9 9 9 9 9 9 9 9 9 9 9 9 9 9 9 9 9 9 1 6 5 5 5 5 5 5 5 5 5 5 3 3 3 3 3 3 3 3 3 3 3 3 3 3 3 3 3 2 2 6 2 2 2 6 6 6 6 6 6 6 6 6 8 8 8 8 8 1 1 8 8 8 8 8 1 1 1 1 1 1 1 1 1 1 1 1 9 1 9 1 9 
9 9 9 9 9 9 9 1 9 9 9 9 9 9 9 9 1 1 9 9 0 0 9 1 9 9 9 9 9 0 1 1 1 1 6 5 5 5 5 5 5 5 5 3 3 3 3 3 3 3 3 3 3 3 3 3 3 2 6 2 6 2 6 8 2 6 8 8 6 6 6 6 8 8 8 8 8 1 1 1 1 8 1 1 1 1 1 1 1 1 1 1 1 1 9 1 
9 9 9 9 9 9 9 9 9 9 9 9 9 9 1 1 9 9 9 9 9 0 9 9 9 1 9 1 1 1 1 6 5 5 5 5 5 5 5 5 5 5 5 5 5 3 3 3 3 3 3 3 3 3 3 3 3 3 3 3 2 2 2 6 6 6 6 6 6 6 6 6 6 6 6 6 6 8 8 8 8 8 8 8 8 8 8 8 8 8 8 8 1 1 1 1 9 9 9 9 9 9 9 9 9 9 9 9 9 9 9 9 
9 9 9 9 9 9 9 9 9 9 9 9 9 9 9 9 9 9 9 9 9 9 9 1 1 1 9 9 9 9 1 6 6 2 2 2 5 5 5 5 5 5 5 5 3 3 3 3 3 3 3 3 3 3 3 2 2 2 2 2 2 2 6 6 6 6 6 6 6 8 8 8 1 1 1 1 1 1 1 9 9 9 9 9 9 9 9 9 9 9 9 9 9 9 
9 9 9 9 9 9 9 9 9 9 9 9 9 9 9 9 9 9 9 1 1 6 5 5 5 5 5 5 3 3 3 3 3 3 3 3 3 3 3 3 3 3 3 6 6 6 6 6 6 6 6 6 8 1 1 1 1 1 8 8 1 1 1 1 1 1 1 1 1 1 1 1 1 1 1 1 1 1 1 1 
9 9 9 9 9 9 9 9 9 9 9 9 9 9 9 9 9 9 9 9 1 4 6 6 6 6 5 5 5 5 5 5 5 5 5 5 5 5 3 3 3 3 3 3 3 3 3 3 3 3 3 3 3 2 3 2 6 6 6 6 6 6 8 8 8 8 1 1 1 9 1 1 1 1 1 1 1 9 9 9 9 9 9 9 9 9 9 9 9 9 9 9 9 9 
9 9 9 9 9 9 9 9 9 9 9 9 8 8 1 1 1 1 1 1 1 6 6 6 5 5 5 5 5 3 3 3 3 3 3 3 3 3 3 3 3 2 2 2 6 6 6 6 6 6 6 6 6 6 6 8 1 1 1 1 1 1 1 1 1 1 1 1 1 8 8 8 8 8 1 8 1 1 1 1 1 1 1 1 1 1 1 1 1 1 1 1 1 1 1 1 1 1 1 1 9 9 
1 1 1 1 1 1 1 9 9 1 9 9 9 9 9 9 1 1 1 1 6 5 5 5 5 5 5 5 5 3 3 3 3 3 3 3 3 3 3 2 6 6 6 6 6 6 8 8 1 1 1 9 9 9 9 9 9 9 9 9 9 9 9 9 9 9 9 9 9 9 
9 9 9 9 8 1 9 9 9 8 1 9 9 9 9 9 9 9 9 9 9 9 1 6 6 6 6 6 5 5 5 5 5 5 5 5 5 5 3 3 3 3 3 3 3 3 3 3 3 3 3 3 3 2 6 2 6 6 6 6 2 6 2 6 6 6 6 8 8 8 1 1 9 9 9 9 9 9 9 9 9 9 9 9 9 9 9 9 9 9 9 9 9 9 
