5 5 5 5 5 5 5 4 5 5 5 5 1 1 10 10 1 1 1 1 1 11 11 1 10 11 13 13 13 13 13 13 0 12 12 12 9 9 9 9 9 9 9 9 9 9 3 3 3 3 3 6 6 6 6 7 7 7 10 10 10 10 10 10 10 10 10 10 10 10 10 10 10 10 10 10 10 5 5 1 5 5 5 5 5 
5 5 5 5 5 5 5 5 5 5 5 11 5 5 5 11 5 5 5 5 5 5 4 0 13 13 13 13 13 13 13 0 2 2 12 12 12 12 12 12 12 12 12 12 12 12 12 12 12 12 3 6 6 6 6 6 6 6 6 6 6 7 7 7 7 7 14 15 15 10 10 10 10 10 10 10 10 10 10 10 10 5 10 5 5 5 5 5 5 5 5 5 5 
5 5 5 5 5 5 10 1 5 5 5 5 5 5 5 5 10 4 10 10 1 0 13 13 13 13 13 0 2 2 12 12 12 12 12 12 12 12 12 12 12 12 12 12 12 12 6 6 6 15 7 7 7 7 10 10 10 10 10 10 10 10 10 10 1 10 1 5 5 5 1 1 1 1 1 5 1 5 5 5 5 5 5 
5 5 5 5 5 5 5 5 5 5 5 5 5 5 5 1 4 1 1 1 10 10 4 4 5 5 5 5 1 5 1 5 5 5 5 4 0 13 13 13 0 12 12 12 12 12 12 12 12 12 12 12 6 6 6 6 6 7 7 7 14 14 10 10 10 4 4 4 10 1 1 1 1 5 1 1 5 5 5 5 5 1 5 5 5 1 1 5 
5 5 5 5 5 5 5 5 5 5 5 5 5 5 5 5 5 5 5 5 5 0 13 13 13 13 13 0 2 12 9 9 9 9 9 12 12 12 12 12 12 12 12 12 12 12 6 6 6 6 6 6 6 6 6 6 6 6 6 15 10 10 10 10 10 10 10 10 10 10 10 1 5 5 5 5 5 5 1 5 5 5 5 5 
5 5 5 5 5 1 5 5 5 5 5 5 11 5 5 5 5 5 5 5 5 11 0 13 13 13 0 0 2 12 12 12 12 12 12 12 12 12 12 12 12 12 3 12 3 3 3 8 7 7 7 7 7 7 7 7 7 14 7 14 10 10 10 10 5 10 5 5 5 5 5 5 5 5 5 5 5 5 5 5 
5 5 11 11 4 4 11 11 11 11 5 5 5 5 4 5 5 11 11 11 5 11 13 13 13 13 13 0 0 11 4 4 14 3 3 3 3 3 3 3 3 3 3 3 3 3 8 7 7 7 7 7 7 7 7 7 7 7 7 10 10 10 5 10 1 10 1 1 1 1 1 1 1 1 1 1 1 1 4 4 5 5 1 11 
1 1 1 1 1 1 1 1 1 1 1 1 1 1 5 5 5 1 1 1 5 5 5 5 5 5 1 5 5 5 5 5 5 1 1 5 5 10 10 1 0 11 1 5 5 5 1 1 1 1 1 5 5 5 5 10 0 13 13 13 13 13 13 0 0 2 12 12 12 12 12 12 12 12 12 12 12 12 12 12 3 3 3 3 3 3 3 3 3 3 7 7 7 14 14 10 14 10 14 10 10 10 10 10 10 10 10 10 10 10 10 10 1 1 1 1 5 1 1 5 1 5 1 5 
5 5 5 5 5 5 5 5 5 5 5 5 4 4 4 4 5 5 5 5 5 13 13 13 13 13 13 13 13 0 12 12 12 12 12 12 12 12 12 9 9 9 9 12 12 9 12 12 12 12 12 12 12 12 14 12 7 7 7 7 7 7 7 7 7 7 7 7 7 14 10 10 10 10 10 10 10 10 10 5 10 10 5 5 5 5 5 5 5 5 5 5 5 5 5 5 5 10 
1 1 1 1 1 1 1 1 1 1 1 1 14 14 1 1 1 1 5 1 1 11 0 13 13 0 0 2 12 12 12 12 9 9 9 9 3 3 3 3 3 8 7 7 7 7 7 14 14 14 14 14 10 10 10 10 10 10 10 10 1 1 1 1 1 1 1 1 1 1 1 1 1 1 10 10 10 1 1 1 1 1 1 1 4 1 1 1 1 1 1 5 1 1 1 1 1 1 1 1 0 0 1 1 1 4 1 1 1 1 1 1 1 1 1 1 1 1 1 1 1 1 1 1 1 1 1 1 1 1 1 
4 4 4 4 4 4 4 4 4 4 5 4 4 4 4 4 4 4 4 4 4 5 0 13 13 11 5 5 4 4 10 4 4 4 4 4 4 5 4 4 5 4 4 4 5 0 13 13 13 13 13 13 0 0 12 12 12 12 12 7 6 6 6 6 6 7 7 6 7 7 7 7 7 7 7 14 14 7 7 14 14 14 10 10 10 10 10 10 10 10 10 10 10 10 10 10 10 10 10 10 10 10 10 
5 5 11 5 5 5 5 1 1 5 5 5 5 5 5 5 5 5 5 5 4 0 13 13 0 0 2 14 12 12 12 12 12 12 12 12 12 12 12 3 3 3 14 14 7 7 7 7 7 7 7 7 7 10 10 1 10 10 10 10 10 10 10 10 1 1 1 1 1 1 1 1 1 1 1 1 1 5 5 11 5 1 4 
5 5 5 5 5 5 5 5 5 5 5 5 5 5 5 5 5 5 5 5 5 11 11 4 0 5 5 11 5 5 5 5 5 5 5 5 5 5 5 5 5 5 4 0 13 13 0 0 0 1 14 2 2 2 12 12 12 12 12 12 12 12 12 12 12 12 12 12 12 12 12 12 12 7 7 7 7 7 7 7 7 7 7 7 7 14 14 10 10 10 10 14 14 14 14 14 10 10 10 10 10 1 5 1 1 5 
5 1 5 1 1 5 10 1 1 5 1 5 5 5 1 1 5 10 5 5 5 4 1 0 0 0 1 4 4 12 12 3 12 12 12 12 12 12 12 9 9 12 12 3 3 12 2 2 1 1 1 1 10 4 10 10 10 10 10 10 10 10 10 10 10 10 10 1 1 10 10 1 1 1 10 
1 1 1 1 1 5 1 4 1 1 5 5 1 5 1 1 1 1 4 1 5 5 1 1 1 1 4 1 4 10 1 1 4 5 5 5 5 4 10 1 11 0 11 1 1 1 1 5 5 5 5 4 13 13 13 13 13 13 13 0 0 0 0 12 3 3 3 3 3 3 3 3 3 3 3 3 3 3 3 3 3 3 7 7 7 7 7 7 7 10 10 10 10 1 5 1 1 4 1 5 5 5 5 5 4 5 1 1 5 1 1 1 1 
1 5 5 5 5 5 5 11 11 5 5 5 11 5 11 5 5 5 5 5 11 0 13 13 13 13 0 0 2 12 12 9 12 12 12 12 9 3 3 3 3 3 3 3 3 3 12 3 3 14 14 14 14 10 10 10 1 1 10 14 10 10 10 10 10 10 10 10 10 1 10 10 10 10 10 10 10 10 10 10 
5 5 5 5 5 5 1 1 11 4 4 4 5 1 5 5 5 5 5 5 5 4 0 13 13 13 0 0 0 12 14 14 12 12 14 14 12 12 12 7 7 7 7 7 7 7 7 7 7 7 7 7 7 7 14 14 14 10 1 1 4 5 1 1 1 5 1 1 5 5 1 5 1 5 5 5 5 5 
11 5 5 5 5 11 11 5 5 5 5 5 5 1 5 5 1 5 5 5 11 0 13 13 13 0 0 1 2 12 12 12 12 12 12 12 12 12 12 9 9 9 9 3 3 3 3 7 7 7 7 7 14 10 10 10 10 10 10 10 10 10 10 10 10 10 10 10 10 10 1 10 1 5 5 1 1 1 1 5 
11 11 5 5 11 5 5 5 1 10 5 5 5 4 5 5 5 5 5 5 5 0 13 13 13 13 0 2 12 12 12 12 12 12 12 12 12 12 12 12 12 9 9 9 9 9 3 3 3 12 7 7 14 14 14 14 10 10 10 10 10 10 10 10 10 10 10 10 10 10 10 10 10 10 10 10 10 10 10 10 10 10 10 
5 5 5 5 5 5 5 5 5 5 5 5 5 5 5 5 5 5 5 5 5 11 13 13 13 0 4 0 12 12 12 12 12 12 12 12 12 12 12 12 12 9 9 9 9 9 9 9 9 9 3 3 3 3 3 7 15 7 7 10 10 10 10 10 10 10 10 10 10 10 1 5 1 1 5 5 5 5 5 5 5 5 5 5 5 5 5 
1 5 5 5 1 1 5 5 1 5 5 5 5 5 5 5 5 5 5 5 4 0 13 13 0 0 2 12 12 12 12 12 12 12 12 3 12 12 12 12 12 3 7 7 14 7 7 14 10 10 10 10 10 4 4 10 1 5 1 1 1 1 1 1 1 1 1 1 1 1 5 1 
10 10 10 10 10 10 10 10 10 10 10 5 5 5 1 1 5 5 5 5 11 11 5 5 5 11 13 13 13 0 0 0 2 12 12 12 12 12 12 12 12 12 12 12 12 12 12 12 12 12 12 12 12 12 12 12 12 12 12 12 12 14 14 2 12 2 12 14 14 10 10 10 10 10 10 10 10 10 10 10 10 5 10 10 10 5 5 11 5 10 5 5 5 5 5 5 5 5 
4 4 5 5 5 11 5 5 11 11 11 11 11 11 11 11 11 4 5 5 5 5 5 11 11 11 5 4 0 13 13 0 0 2 9 9 9 14 9 9 14 14 12 12 12 7 7 7 7 7 7 7 7 14 1 11 10 10 10 10 10 10 10 10 10 10 10 14 10 10 10 10 10 10 10 10 14 10 10 10 10 10 10 10 10 
11 11 1 11 11 11 11 11 11 11 11 11 11 1 0 13 13 0 0 0 2 14 14 3 3 3 3 3 3 3 3 3 3 3 3 3 3 3 3 3 3 3 3 7 7 7 7 10 10 10 10 10 1 1 1 1 5 1 11 11 11 11 11 11 11 11 11 11 11 11 11 11 11 11 
5 5 10 10 5 5 5 5 11 5 11 13 13 13 13 13 13 0 11 1 14 12 12 12 12 12 12 12 12 12 12 12 12 12 12 12 9 9 14 9 9 9 9 9 9 9 9 9 3 14 14 10 10 10 10 10 10 10 10 10 10 10 10 10 10 10 10 1 10 10 1 10 10 1 5 1 1 5 
5 5 5 5 11 11 11 5 11 11 5 11 11 11 11 5 11 11 11 11 4 0 13 0 0 2 12 3 3 3 9 3 3 3 3 3 3 3 3 3 3 3 14 14 3 7 7 7 7 7 7 14 14 10 10 10 10 4 1 1 1 1 1 1 1 1 1 1 1 1 5 5 11 1 11 11 11 5 
10 10 10 10 10 10 10 10 10 10 10 10 10 4 5 5 5 10 5 5 11 11 1 5 5 5 5 5 5 5 13 13 13 13 0 0 0 0 4 2 12 12 12 12 12 12 12 12 12 12 12 12 12 12 12 12 12 12 12 12 12 12 12 12 14 14 14 1 10 1 0 1 10 10 10 10 1 5 10 10 10 1 5 1 5 1 5 5 5 5 5 5 5 5 5 5 1 1 1 5 5 
1 5 5 5 5 5 1 1 1 5 5 1 5 5 5 5 5 5 5 5 5 11 11 11 11 0 0 1 1 5 5 4 5 5 5 5 5 5 5 1 5 5 5 5 4 0 13 0 0 4 12 12 12 12 12 12 12 12 12 12 3 3 3 3 3 3 3 3 8 6 7 7 7 7 7 14 10 10 10 10 10 1 5 1 1 1 5 1 1 5 5 5 5 5 5 1 1 1 1 
5 5 5 11 11 11 5 5 5 5 5 5 5 5 5 5 5 5 5 5 5 11 13 13 13 13 13 13 13 13 13 0 0 4 14 12 12 3 3 3 3 14 14 14 14 14 14 14 12 12 12 12 7 7 7 7 7 7 7 7 7 7 7 7 7 7 7 7 7 7 14 10 10 10 10 10 5 10 10 10 10 10 10 4 10 5 10 10 1 5 10 1 5 5 5 1 5 
5 5 5 5 5 5 5 5 5 5 5 5 5 5 1 10 10 10 1 11 5 5 11 13 13 13 13 13 13 13 0 1 12 12 12 12 12 12 12 12 12 12 12 12 12 12 12 12 12 12 3 3 7 7 7 7 7 7 7 6 6 7 15 15 15 15 15 10 10 10 10 10 10 10 10 10 10 10 5 5 5 5 5 5 5 5 5 5 5 5 5 5 
5 5 5 5 5 5 4 4 5 5 5 5 5 5 5 5 5 5 5 11 11 11 11 13 13 13 13 13 13 13 0 0 12 12 12 12 12 12 12 12 12 12 12 12 12 12 12 12 12 12 12 6 6 6 6 7 7 7 7 7 7 7 7 14 10 10 10 10 10 10 10 10 10 10 10 10 10 10 10 10 1 10 10 10 10 5 10 5 5 10 5 1 5 
1 1 1 1 1 1 1 1 1 1 1 1 1 1 1 1 1 5 1 5 5 1 1 1 0 0 11 5 1 0 0 0 0 0 5 5 5 1 5 5 5 5 5 11 13 13 13 13 0 0 12 3 3 3 3 3 3 3 3 3 3 3 3 3 3 3 3 7 7 7 7 7 7 7 10 10 10 10 10 10 10 10 10 10 10 10 10 1 1 1 1 1 1 1 5 4 4 5 1 1 1 
1 1 1 5 4 4 5 4 1 1 5 5 5 5 5 4 4 4 5 5 5 0 0 0 13 0 0 0 12 12 12 12 12 12 12 12 12 12 6 7 14 14 10 10 10 10 10 10 10 10 10 10 1 10 1 1 1 1 1 1 1 1 1 1 5 1 1 10 1 1 
1 1 1 1 1 1 1 1 1 1 1 4 1 4 4 1 5 4 10 4 4 4 4 4 4 4 4 1 1 11 1 4 4 4 11 11 5 10 10 10 10 10 10 1 1 1 5 11 0 5 0 13 13 13 13 13 0 0 4 12 12 14 12 14 14 14 14 14 14 14 14 14 14 14 14 14 14 3 3 14 7 14 14 7 7 7 14 14 14 10 10 10 10 10 10 10 10 10 10 10 10 10 10 1 1 1 1 1 1 1 1 1 5 5 5 11 5 
5 5 5 5 5 5 5 5 5 5 5 5 5 5 5 5 4 5 5 11 5 0 13 13 13 13 0 0 4 4 12 12 14 14 14 12 14 14 12 12 12 12 12 12 12 12 12 12 12 12 12 12 3 12 7 7 7 7 7 14 10 10 10 10 10 10 10 10 10 1 5 10 10 5 5 5 5 5 5 1 1 5 5 
1 5 5 5 1 5 5 5 5 1 5 5 1 1 5 1 5 1 5 5 4 1 0 0 0 4 4 12 12 12 3 3 3 12 6 6 6 7 7 7 7 7 7 7 10 10 10 10 1 1 5 1 1 1 1 5 5 5 5 5 5 5 1 5 5 1 5 
5 5 5 11 11 5 5 1 5 5 11 11 5 10 5 11 11 5 11 5 5 0 13 13 13 13 13 0 2 9 9 9 9 9 9 9 9 12 12 12 12 12 12 3 3 3 3 3 3 6 6 6 7 7 7 7 7 7 7 7 10 10 10 10 10 10 10 10 1 10 10 1 10 10 1 1 1 10 10 10 10 10 10 10 10 
5 5 5 5 5 5 5 5 5 5 5 5 5 5 5 5 5 5 5 5 5 1 0 13 13 13 0 0 1 14 14 14 12 12 12 2 2 12 9 9 9 9 9 9 9 9 9 9 9 9 9 12 12 12 12 12 12 12 12 14 10 10 10 10 10 10 10 10 10 10 10 10 10 10 10 10 10 10 10 10 10 10 5 10 5 10 5 
4 4 5 5 5 5 5 5 5 1 5 5 5 5 5 5 5 5 5 5 4 0 13 13 13 13 13 13 13 13 0 0 12 9 12 12 12 12 12 12 12 12 12 6 6 6 6 6 6 7 7 7 7 7 7 7 7 7 7 7 7 7 7 14 14 10 10 4 4 10 10 4 4 10 10 10 10 10 10 10 10 10 10 10 5 5 10 1 10 4 4 4 1 5 10 5 5 1 
11 5 5 11 11 11 5 11 11 1 5 5 5 5 1 5 5 5 5 5 4 0 13 13 13 0 0 14 12 12 12 12 12 12 12 12 3 3 12 3 3 3 3 3 3 3 3 3 7 14 14 7 7 7 7 7 10 10 10 10 10 1 5 1 1 5 5 5 5 5 5 5 5 1 5 5 1 5 5 
5 5 5 5 5 5 5 5 5 5 5 5 5 5 5 5 1 1 10 5 5 11 13 4 5 1 5 5 11 5 1 11 5 5 5 5 5 11 11 5 11 11 0 13 13 13 13 13 13 0 2 12 12 12 12 12 12 12 9 3 3 3 3 3 3 3 3 3 3 3 3 3 3 3 6 6 7 7 7 7 7 7 10 10 10 10 10 10 10 10 10 10 10 10 10 10 10 10 1 10 10 10 10 10 10 10 10 
5 5 5 5 5 5 5 5 5 5 5 5 5 5 5 11 5 5 5 5 5 4 4 5 13 13 1 10 1 1 5 11 11 5 11 0 13 13 13 13 13 0 2 12 9 9 9 9 9 9 9 9 9 9 9 9 9 9 6 7 6 7 7 7 14 7 7 7 7 7 14 14 10 10 10 10 10 10 10 10 10 10 10 10 10 10 10 10 10 10 10 10 
5 5 5 5 5 5 5 5 5 5 5 5 5 10 1 10 10 10 10 1 4 13 13 13 13 0 0 2 12 12 12 12 12 12 12 12 12 12 12 12 12 12 12 6 6 6 6 6 6 6 6 6 7 7 7 14 14 7 14 14 14 10 4 4 4 10 5 5 5 5 5 5 5 5 5 5 5 5 5 5 5 5 5 5 5 5 5 
5 5 5 5 5 5 5 5 1 5 5 5 5 5 11 11 5 5 5 5 11 13 13 13 13 0 4 12 12 9 9 9 9 9 12 9 12 12 12 12 12 12 3 3 3 6 7 7 7 7 7 7 15 10 10 10 10 10 10 10 10 10 10 10 10 5 5 5 5 1 1 5 5 5 5 5 5 5 
1 11 11 1 11 11 5 11 11 11 11 11 5 5 1 5 1 11 11 11 5 11 13 13 13 13 0 11 1 12 3 3 3 3 3 3 3 3 3 3 3 3 3 3 3 3 3 3 3 3 3 3 3 14 3 7 7 6 7 14 14 10 10 10 1 1 10 10 10 1 1 1 1 5 10 1 1 1 1 1 1 1 1 1 1 5 1 1 
10 10 10 10 10 10 10 10 10 10 10 10 10 10 10 10 1 1 10 10 1 11 11 1 13 13 11 5 5 5 5 11 11 11 11 11 5 5 5 5 5 5 1 10 10 5 5 5 4 4 0 13 13 0 1 4 12 9 12 12 12 12 12 12 9 9 12 9 9 9 9 9 12 3 3 12 3 3 3 12 12 6 6 6 7 7 7 6 6 7 7 14 14 10 10 10 10 10 1 1 5 5 5 1 5 5 1 5 5 5 5 5 1 1 5 5 1 1 5 5 
10 10 10 10 4 10 5 5 5 5 5 5 5 5 11 5 5 5 5 5 5 0 13 13 13 0 0 12 12 12 12 9 9 12 9 9 9 9 9 12 9 9 3 3 12 12 6 6 6 6 7 10 10 10 10 10 10 10 10 10 10 10 10 10 10 1 5 5 5 5 5 5 5 5 5 5 5 5 1 1 1 1 1 5 
5 5 11 5 5 11 11 5 11 11 11 11 5 5 5 4 4 4 11 5 5 13 13 13 13 0 1 12 12 12 12 12 12 12 12 12 12 3 12 6 6 6 6 6 6 6 6 6 6 7 7 7 7 7 7 7 14 10 10 10 10 10 10 10 10 5 5 5 5 5 5 5 5 5 5 5 5 5 5 11 5 11 11 5 
5 5 5 5 5 5 5 11 11 5 5 5 5 5 5 5 5 5 5 5 5 4 0 13 13 0 0 4 0 12 12 12 12 12 12 12 12 12 12 12 12 12 12 12 3 3 15 15 6 6 6 6 6 6 6 7 7 10 10 10 10 10 10 10 10 10 4 10 1 1 1 1 10 1 1 1 1 1 1 1 1 1 1 5 
5 5 5 5 5 5 5 4 5 5 5 5 5 1 10 5 5 5 5 5 4 0 13 13 13 13 13 13 0 2 12 2 2 2 2 2 2 2 2 2 12 2 12 12 12 3 3 3 3 3 7 7 7 14 14 14 14 14 10 10 10 10 10 10 10 10 10 10 10 10 10 10 10 10 10 10 5 10 10 
5 1 5 1 1 1 10 5 1 5 5 5 5 4 4 5 5 4 4 5 5 11 1 1 5 5 11 11 5 5 5 5 5 5 5 4 0 13 13 13 13 0 0 0 12 12 12 12 12 12 12 12 12 6 6 6 6 6 6 6 6 6 6 6 6 6 6 7 7 14 14 10 4 10 10 10 4 4 4 4 4 4 4 10 4 10 4 4 4 4 4 4 4 5 1 5 5 
