5 11 5 5 5 5 5 5 5 5 5 1 1 5 5 1 1 1 1 1 1 4 5 1 1 1 1 0 11 1 1 1 1 1 1 1 10 10 10 10 10 1 10 1 5 5 11 11 0 0 1 7 8 8 8 8 8 8 8 8 3 3 3 3 9 9 9 9 9 9 9 9 9 9 9 2 2 2 2 1 1 1 1 1 2 4 4 4 4 4 4 4 4 4 10 10 10 10 1 1 5 1 1 5 5 5 5 5 1 1 5 5 
5 5 5 11 5 5 5 5 5 5 11 11 5 5 5 5 1 1 10 10 10 4 4 10 10 13 0 4 4 4 4 4 4 4 4 4 10 10 5 1 4 11 0 0 0 13 13 0 13 0 0 0 0 0 0 0 0 0 0 12 7 7 7 6 7 7 7 8 8 8 8 8 8 8 8 3 12 12 12 2 2 2 2 2 2 2 2 2 2 2 2 2 2 2 2 4 4 4 1 10 10 10 10 10 10 10 10 10 10 10 10 10 10 10 10 10 10 10 4 4 10 4 1 1 
5 5 5 5 10 5 5 5 5 5 5 5 5 5 5 5 5 5 5 5 5 5 5 5 10 10 10 1 11 1 0 13 13 13 13 13 0 2 12 8 8 8 8 8 8 8 8 8 3 3 3 3 3 9 9 9 9 9 9 2 2 2 2 2 2 2 2 2 2 2 2 2 4 4 4 4 4 10 10 4 1 11 11 1 5 11 11 11 5 5 5 5 5 5 5 5 5 5 5 
5 5 5 5 5 5 5 5 5 5 1 1 5 4 5 1 1 5 4 4 1 4 4 5 5 11 4 5 5 5 5 1 1 0 0 14 8 8 8 8 8 8 8 8 8 8 8 8 8 14 12 12 12 12 12 12 12 2 2 2 2 2 2 9 9 4 4 1 1 1 1 1 1 1 1 1 5 5 1 5 5 5 5 5 1 5 5 5 1 5 5 1 5 
4 5 5 11 11 11 5 5 5 5 5 11 11 5 5 5 5 11 11 5 11 10 0 1 14 8 8 8 8 8 8 8 3 3 3 3 9 9 9 9 9 2 2 2 2 2 2 2 2 2 2 2 2 2 2 2 2 2 2 2 2 4 4 10 10 10 10 10 1 1 1 1 1 1 1 1 1 1 1 11 5 1 1 1 1 1 1 1 
5 5 5 5 11 11 5 11 5 5 4 4 5 5 5 5 11 5 5 11 11 0 0 0 4 14 8 8 8 8 8 8 8 8 8 8 3 3 12 12 9 9 2 2 2 2 2 2 2 2 2 2 2 2 2 2 2 2 2 2 10 4 4 5 4 5 5 5 5 5 5 5 5 11 5 11 5 11 5 5 5 5 5 
11 0 11 11 11 5 11 11 11 11 11 11 0 11 11 11 11 11 11 11 11 1 1 14 3 8 8 8 8 8 8 8 8 3 3 3 3 9 9 9 9 9 9 2 2 2 2 2 2 2 2 2 2 2 2 1 4 1 1 10 1 1 1 1 1 1 1 1 1 1 5 5 5 1 5 5 11 11 1 
11 11 11 11 11 11 11 11 5 5 11 11 11 11 11 1 1 1 1 1 1 0 0 0 12 3 8 8 8 8 8 8 8 8 8 8 3 3 3 12 12 12 12 12 12 12 12 12 12 2 2 2 2 2 2 2 1 1 1 1 4 5 5 11 5 5 5 5 5 5 5 5 5 5 5 5 5 11 5 5 1 5 5 
5 11 5 5 5 5 5 5 5 5 5 5 5 5 5 5 5 5 5 11 5 11 10 5 11 11 5 4 4 4 1 0 0 0 0 0 0 13 0 0 12 3 8 8 8 8 8 8 8 8 8 8 3 3 3 3 3 9 9 9 9 9 9 9 9 9 9 2 9 2 2 2 2 2 2 14 10 1 0 1 1 1 1 10 10 1 1 1 1 1 1 1 1 5 1 1 5 1 1 5 11 1 5 11 5 11 5 5 
1 1 10 10 10 1 1 1 1 1 1 1 1 1 1 1 1 1 1 10 1 1 1 10 10 10 1 10 1 5 5 1 1 1 4 4 1 5 5 1 0 0 0 12 12 8 8 8 8 8 8 8 3 3 9 9 9 9 9 9 2 2 2 14 14 4 4 4 4 4 5 5 1 5 5 5 5 5 1 5 5 5 5 5 11 5 5 5 5 1 5 1 5 5 
5 5 5 5 5 5 5 5 5 5 5 5 5 5 5 5 5 5 5 10 10 1 0 0 12 12 12 12 0 0 0 0 0 0 12 12 8 8 8 3 3 3 14 14 9 2 2 2 2 2 2 2 2 2 2 2 2 2 2 2 2 4 4 4 4 4 4 4 4 4 5 5 10 5 5 5 5 5 5 5 5 5 5 1 1 5 5 5 
11 5 11 11 11 11 11 11 11 11 11 5 11 1 11 11 11 11 5 5 11 0 0 1 10 1 1 5 11 5 1 11 4 4 4 11 11 11 1 1 1 14 14 14 14 14 8 8 8 8 8 8 8 8 8 8 8 8 3 3 3 9 9 9 9 9 9 9 2 2 2 2 2 2 2 2 2 2 2 2 2 10 10 1 1 1 1 1 1 1 1 1 1 1 1 5 1 5 5 5 1 1 1 1 1 1 1 
5 5 5 5 5 5 1 5 5 5 5 5 5 5 5 1 5 5 4 4 4 4 4 4 5 5 5 5 5 5 5 5 4 11 11 11 13 13 0 4 1 11 5 5 5 5 5 5 5 5 5 5 5 5 5 11 5 5 5 5 5 0 0 0 12 12 12 6 6 6 8 8 8 8 8 8 8 8 8 8 8 8 8 12 12 12 12 12 12 12 12 9 2 2 2 2 2 2 2 2 2 2 2 2 2 2 2 2 2 2 10 10 4 10 4 4 1 5 5 5 5 5 5 5 5 5 5 5 5 
5 11 5 5 5 11 11 5 5 5 5 5 11 5 5 5 5 5 11 11 5 1 1 1 5 5 5 11 5 5 5 11 13 1 5 10 5 1 1 0 0 0 6 6 6 8 8 8 8 8 8 8 8 8 8 3 3 3 3 3 9 9 9 9 9 9 9 9 9 2 2 2 14 4 4 4 10 10 1 1 10 1 10 1 1 1 1 1 1 1 1 1 1 1 1 1 1 1 1 1 1 
5 5 5 5 5 5 5 5 5 1 5 1 11 11 11 0 0 0 0 0 0 0 13 13 0 0 1 10 14 14 8 8 8 8 8 8 8 8 8 8 8 8 3 3 3 3 9 9 9 9 9 9 9 9 9 9 9 9 9 7 7 7 7 14 10 10 5 1 1 5 1 1 4 4 5 5 11 5 4 5 11 5 5 5 5 5 5 1 5 5 5 5 
11 11 11 11 11 11 11 11 11 11 11 11 0 0 0 3 3 3 8 8 8 8 8 8 3 3 3 3 3 9 9 9 9 9 2 9 2 9 2 2 2 2 2 2 4 4 4 11 11 4 1 10 10 10 1 10 1 1 1 1 1 1 1 1 1 1 1 1 1 1 1 1 1 1 1 1 1 10 
5 1 1 5 10 10 10 1 1 1 5 1 4 1 1 11 11 11 11 11 1 1 0 0 2 14 15 15 15 8 8 8 8 8 8 8 8 3 3 14 14 2 2 2 2 2 2 2 2 2 2 2 2 2 2 2 2 2 14 14 4 4 4 4 1 5 1 5 5 5 5 5 1 1 1 1 5 5 1 5 5 5 5 5 5 
5 5 5 5 5 5 5 5 5 5 5 1 5 5 5 5 5 11 11 11 0 13 0 0 0 0 0 0 12 12 8 8 8 8 8 8 3 3 3 3 9 9 9 9 9 2 2 2 2 2 2 2 2 2 2 2 10 10 10 1 10 1 1 5 5 5 1 10 10 4 10 5 1 1 1 1 1 1 5 1 1 1 1 
11 11 11 11 5 11 11 11 5 11 11 11 5 11 11 11 11 11 5 0 0 12 3 14 8 8 8 8 8 8 8 8 8 8 8 12 12 12 12 12 9 9 2 9 9 2 2 2 2 2 2 2 2 14 10 10 10 10 10 10 10 10 10 10 10 10 10 1 1 1 10 1 10 1 1 10 1 1 1 1 1 1 1 
11 11 5 5 5 5 5 5 11 5 5 11 11 11 11 11 11 5 11 11 11 0 0 0 12 15 8 8 8 8 8 8 8 8 8 8 8 8 8 8 8 3 3 3 3 9 9 9 9 9 9 9 9 9 9 2 2 2 2 2 2 2 4 4 4 4 4 4 4 4 5 5 5 5 5 5 5 5 11 11 11 11 5 11 5 5 11 11 11 
11 11 11 11 11 11 11 1 1 1 1 1 1 11 11 11 11 11 11 11 11 0 13 0 0 12 7 8 8 8 8 8 8 8 8 8 8 3 3 3 3 14 2 2 2 2 2 2 2 2 2 2 2 4 4 4 4 4 4 4 4 4 4 4 1 1 1 10 1 10 1 10 1 1 1 1 1 1 1 1 1 11 11 
10 10 4 4 4 10 10 10 10 10 10 4 4 4 4 4 4 4 4 4 4 4 4 4 4 4 4 4 4 4 4 4 5 5 5 5 5 4 4 4 4 4 4 4 4 10 10 10 10 10 10 1 0 1 1 5 5 1 0 0 5 5 5 11 0 0 0 6 6 6 8 8 8 8 8 8 8 8 8 8 8 12 12 12 12 12 2 2 2 2 2 2 2 2 2 2 2 2 2 2 2 2 2 2 2 2 2 11 4 4 4 1 1 11 1 10 10 4 10 1 1 1 1 1 1 10 1 10 10 10 10 10 10 10 10 10 10 10 10 10 10 10 10 10 10 10 10 10 10 10 5 1 0 11 1 10 10 10 5 5 1 11 10 10 1 1 1 1 1 1 1 10 10 10 1 1 1 1 1 1 4 10 10 
11 11 11 11 11 11 11 11 11 11 11 11 11 11 0 4 4 4 11 11 11 11 11 11 11 11 0 0 0 0 0 8 8 8 8 8 8 8 8 8 8 8 3 3 3 14 14 14 14 14 2 2 2 2 2 2 2 2 2 4 4 4 11 1 10 10 10 1 1 1 1 1 1 1 1 1 1 1 1 1 1 1 1 1 1 1 10 
1 1 11 11 11 11 11 11 0 0 0 0 1 15 8 8 8 8 8 8 8 8 8 8 8 8 3 3 3 3 3 9 9 9 2 9 9 9 9 9 9 9 2 2 2 2 2 2 4 4 4 5 1 1 5 5 5 5 11 11 11 11 11 11 11 11 11 11 11 11 11 11 11 11 
11 11 11 11 11 11 11 11 11 11 11 0 0 13 0 12 12 15 15 8 8 8 8 15 15 3 3 3 3 3 3 3 3 3 3 3 3 3 3 9 9 9 9 9 9 9 2 2 2 2 2 2 2 2 2 2 2 1 1 1 1 1 1 1 1 1 1 1 1 1 1 5 5 1 1 1 1 1 5 1 1 1 1 1 1 
11 11 11 11 11 11 11 11 11 11 11 11 11 11 11 11 1 11 11 11 0 0 1 14 3 8 8 8 8 8 8 8 8 3 3 3 3 9 9 9 9 9 9 2 2 2 2 2 2 2 2 2 2 2 14 14 14 10 1 1 1 1 1 1 1 1 1 1 1 4 1 1 1 1 1 11 11 11 11 11 
5 5 5 10 10 4 4 4 4 4 4 5 1 1 5 10 10 10 5 4 5 13 0 4 11 1 11 5 5 11 11 11 0 11 11 1 1 5 5 5 5 1 10 10 10 1 0 0 0 13 13 13 13 13 13 13 13 0 0 12 12 12 8 8 8 8 8 8 8 8 8 8 3 3 3 3 3 9 9 9 9 9 9 9 9 2 2 2 2 2 2 2 2 14 10 10 10 10 10 11 11 10 10 10 10 10 10 10 10 10 1 10 1 5 10 5 11 1 5 5 5 5 5 5 5 5 5 5 5 5 
5 5 5 5 11 5 5 5 5 5 5 5 5 5 5 5 5 5 1 5 5 1 10 1 1 0 0 1 1 4 4 4 14 8 8 8 8 8 8 8 8 3 3 12 12 12 12 12 12 12 12 9 9 9 9 9 12 9 2 2 9 2 2 2 2 2 2 2 2 2 2 4 4 4 4 4 4 4 10 10 10 10 10 10 10 1 5 5 5 5 11 5 5 11 5 5 5 11 5 5 5 5 5 5 5 5 
5 4 4 11 11 5 5 1 5 5 5 5 1 5 5 11 11 13 13 0 11 11 11 5 5 11 11 11 11 5 4 4 10 4 1 1 5 11 11 11 0 0 13 13 13 13 0 0 0 0 14 14 7 7 7 8 8 8 8 8 8 8 8 8 8 8 8 3 3 3 3 9 9 9 9 9 9 9 9 9 9 2 2 2 2 2 2 2 2 2 2 2 10 10 4 10 10 10 10 10 10 10 10 10 10 10 10 10 10 10 10 10 10 4 10 10 10 1 4 
5 5 5 11 5 5 5 5 5 5 11 11 5 5 5 5 5 5 5 5 11 13 0 5 5 5 10 10 10 4 4 1 11 11 13 13 0 0 0 12 12 8 8 8 8 8 8 8 8 8 8 3 3 3 12 9 9 2 2 2 2 2 2 2 2 2 2 2 2 2 2 2 2 14 10 10 10 10 10 10 10 10 10 10 10 10 10 10 10 10 10 5 5 5 1 5 5 5 
1 1 5 5 5 5 1 1 1 1 5 11 5 11 5 1 1 1 1 1 4 4 1 1 5 5 1 1 5 5 11 13 13 11 1 1 1 10 10 1 1 1 11 0 0 1 14 8 8 8 8 8 8 8 8 3 3 3 3 9 9 9 9 9 9 9 9 9 9 9 2 14 14 14 10 10 10 10 10 10 10 10 10 10 1 1 1 1 1 1 1 1 1 1 1 1 1 1 1 1 1 
11 11 11 1 1 1 1 1 1 11 1 1 11 5 11 1 1 1 1 1 1 0 13 13 1 11 11 1 11 1 11 1 11 11 11 11 11 1 0 0 0 4 3 3 8 8 8 3 3 3 3 3 3 9 9 9 9 9 9 9 9 9 9 2 2 2 2 2 14 10 4 1 1 1 1 10 1 1 1 1 1 1 1 1 1 1 1 1 1 1 1 1 1 1 1 1 
1 5 5 11 5 5 4 5 5 5 5 5 5 5 5 5 5 11 11 5 4 4 0 0 0 14 8 8 8 8 8 8 3 3 3 12 12 12 12 12 2 7 14 14 10 10 10 10 10 10 1 1 1 1 1 1 1 1 1 1 1 1 1 1 5 1 1 5 5 1 1 
11 11 11 11 11 11 11 11 11 11 10 10 11 11 11 11 11 11 11 11 11 13 13 11 11 11 11 11 11 11 11 1 0 0 10 7 8 8 8 8 8 8 8 8 8 8 8 8 8 8 3 3 3 3 3 3 9 9 9 9 2 2 2 2 2 2 4 4 4 4 4 4 1 4 1 1 1 1 1 1 1 1 1 1 1 1 1 1 1 1 1 1 1 1 
5 5 5 5 11 11 11 11 11 11 11 11 5 5 5 5 5 5 11 11 11 0 0 0 4 4 14 7 8 8 8 8 8 8 8 8 8 8 8 3 3 3 3 3 12 9 9 9 9 9 9 9 9 2 2 2 2 2 2 2 2 4 4 4 5 5 1 5 5 5 5 5 5 5 5 5 11 11 11 5 11 11 11 11 11 11 11 5 
1 1 1 1 1 5 1 1 1 1 1 1 1 5 1 1 5 1 1 1 1 14 14 1 1 1 1 1 1 1 1 1 1 1 1 4 0 1 1 14 14 3 8 8 8 8 8 8 3 3 3 3 3 9 9 9 9 14 14 10 10 10 10 10 1 1 1 1 1 1 1 1 1 1 1 1 1 1 1 1 1 1 1 1 5 1 1 1 1 1 1 1 1 1 1 1 1 1 1 1 1 1 1 1 1 1 1 4 1 10 1 1 0 0 1 1 1 1 1 1 1 1 1 1 1 1 1 1 10 1 1 1 1 10 10 10 1 1 5 1 1 1 10 
1 1 1 11 1 11 11 11 1 1 1 1 1 1 0 11 11 11 11 11 1 10 1 1 1 0 0 0 0 1 0 0 0 14 3 3 3 3 3 8 8 3 3 3 3 3 3 3 3 3 3 3 3 9 9 9 9 9 9 9 2 2 2 2 2 2 2 4 4 4 4 4 4 4 4 4 4 4 10 10 10 10 10 10 10 10 10 10 10 10 10 10 10 1 10 10 1 10 1 1 1 1 1 1 1 1 1 1 1 1 1 1 1 10 10 10 1 1 4 10 10 1 5 1 1 1 1 1 1 1 1 1 1 1 1 1 1 1 1 11 11 11 11 1 1 
11 11 5 11 11 11 11 11 5 11 11 11 11 11 1 1 1 5 5 5 1 5 0 0 14 15 3 3 8 8 8 8 8 8 8 8 3 3 3 3 3 3 3 9 9 9 9 9 9 2 2 2 2 2 2 2 0 0 0 11 1 11 11 1 5 1 1 4 4 1 5 1 5 1 1 1 1 1 1 1 1 1 5 5 5 5 5 5 1 
11 11 11 5 5 11 11 5 5 5 5 11 5 11 5 11 5 1 11 1 1 0 4 4 11 4 1 1 1 1 0 0 0 0 0 0 0 0 0 0 0 12 8 8 8 8 8 8 8 8 3 3 3 3 9 9 9 9 9 9 9 9 9 2 2 9 2 14 14 14 14 10 10 10 10 10 10 10 10 10 10 10 10 10 4 4 4 1 1 1 1 1 1 1 1 1 1 1 1 1 1 1 1 5 1 10 1 1 1 1 1 1 1 1 1 1 
10 10 1 1 1 1 11 11 11 11 11 11 11 11 5 11 11 11 11 11 0 0 0 0 4 14 8 8 8 8 8 8 8 8 8 8 8 3 3 3 3 9 9 9 9 9 2 2 2 2 14 2 2 2 14 2 2 1 1 1 1 11 11 11 11 11 11 11 11 11 11 11 11 11 11 11 11 11 11 
1 1 1 5 1 1 1 5 5 5 5 5 5 5 5 1 1 5 1 5 13 13 13 13 0 1 4 4 0 0 11 10 1 1 11 11 11 11 11 11 5 1 1 1 11 0 0 13 13 13 0 0 13 0 0 0 0 12 3 8 8 8 8 8 8 8 8 8 8 3 3 3 3 3 3 9 9 9 9 9 9 9 9 9 9 9 9 9 2 2 2 2 2 4 4 4 4 4 4 4 10 10 10 10 10 14 14 14 10 14 14 14 14 14 14 14 14 14 10 14 14 14 14 14 10 10 10 14 14 14 14 10 10 10 10 10 1 1 1 1 1 1 1 1 1 1 1 1 1 1 4 11 4 1 1 1 1 1 1 1 1 1 5 11 11 11 1 5 5 5 1 1 1 1 11 1 1 1 11 1 11 
1 1 1 1 1 1 1 1 1 1 1 1 1 1 1 1 1 1 1 1 1 13 13 0 1 4 1 1 1 1 1 1 1 1 1 1 1 1 1 1 10 1 11 11 1 1 1 1 1 1 1 1 10 1 1 0 0 0 12 8 3 3 3 3 3 3 3 3 9 9 9 9 9 9 9 9 9 9 9 2 2 9 2 2 4 10 10 10 10 10 10 10 10 10 10 10 10 10 10 10 10 10 10 10 10 10 10 1 10 10 1 1 
11 11 11 11 11 11 11 11 5 11 11 11 11 5 5 5 5 5 11 11 11 11 0 0 0 12 7 8 8 8 8 8 8 8 8 8 8 8 8 8 8 8 8 8 8 3 3 12 12 12 12 9 9 9 9 2 2 2 2 2 2 2 2 2 2 2 2 4 4 4 5 5 5 5 11 11 5 5 5 11 5 11 11 11 11 11 11 11 11 11 11 11 11 
5 11 11 11 11 11 11 11 5 11 5 5 5 11 11 11 11 11 11 5 5 0 0 0 12 3 8 8 8 8 8 8 8 8 8 7 7 7 14 14 3 3 9 9 9 9 9 9 9 9 2 2 2 2 4 4 4 1 4 4 4 5 5 1 5 1 5 1 5 5 5 5 11 5 5 11 5 5 5 11 11 
11 11 11 11 11 11 11 11 11 11 11 11 11 5 11 11 11 11 11 11 0 0 0 14 3 3 8 8 8 8 8 8 8 8 8 3 3 3 3 3 3 3 3 14 9 14 9 9 9 2 2 9 9 9 2 2 2 2 2 2 2 2 2 2 1 1 11 11 11 5 1 1 1 1 1 1 1 1 1 1 0 0 1 1 1 1 1 1 
11 5 5 5 5 5 5 5 5 5 5 5 5 5 11 5 5 5 5 11 11 0 0 13 0 0 0 0 14 8 8 8 8 8 8 8 8 8 3 3 12 12 12 12 2 2 2 2 2 2 2 2 2 2 2 2 2 2 2 2 2 2 2 2 2 2 2 2 14 10 4 10 10 10 5 11 5 4 5 5 5 5 1 5 5 1 5 5 1 5 1 10 1 10 10 1 1 5 1 1 10 1 10 10 1 10 
1 1 1 5 5 5 1 1 1 1 1 1 1 5 1 5 5 5 5 10 10 10 1 1 1 5 5 1 1 1 5 5 5 1 0 0 11 1 1 1 1 11 1 1 0 0 0 0 0 0 0 12 6 8 8 8 8 8 8 8 8 8 8 3 3 3 3 3 3 9 9 9 9 9 9 9 9 9 9 9 9 9 2 2 2 2 1 11 11 1 0 2 2 4 10 1 1 1 1 11 5 13 13 11 1 5 1 1 1 1 1 1 1 1 1 1 1 1 1 1 1 11 1 1 1 1 1 1 1 1 1 1 5 
5 5 11 11 11 5 5 5 5 5 5 11 11 5 5 10 4 5 5 5 5 0 0 12 3 8 8 8 8 8 8 3 3 12 12 12 12 12 12 12 2 2 2 2 2 2 2 2 2 2 2 2 2 2 2 2 14 4 4 4 4 4 4 10 5 5 5 5 5 5 5 5 5 5 5 5 5 5 5 5 5 
5 5 5 5 5 5 5 5 5 5 5 5 5 5 5 5 5 5 5 5 5 5 1 1 1 1 5 5 4 5 11 0 0 13 13 13 0 0 0 4 12 8 8 8 8 8 8 8 8 8 8 8 3 3 3 3 3 12 9 9 9 9 9 2 2 2 2 2 2 4 4 4 4 4 4 4 4 4 4 10 10 10 10 1 1 5 5 5 5 5 5 5 5 5 5 5 
5 5 5 5 5 5 5 5 5 5 5 5 5 5 5 5 5 5 5 10 10 1 1 5 5 5 11 11 1 0 0 0 0 12 12 12 12 8 8 8 8 8 8 8 8 12 12 12 12 2 2 2 2 2 2 2 2 2 2 2 2 2 2 2 2 2 2 4 4 4 4 4 4 4 4 4 10 4 10 10 10 10 10 4 10 5 10 10 10 5 10 10 
5 5 5 5 5 5 5 5 5 5 5 5 5 5 5 5 5 5 5 11 11 13 13 11 11 5 1 10 5 5 10 5 1 1 1 1 1 1 11 0 0 13 0 12 8 8 8 8 8 8 8 8 8 8 12 12 12 9 9 9 9 9 9 9 9 9 9 2 2 2 2 2 2 2 2 2 2 2 2 4 4 4 10 10 10 10 10 10 10 4 4 10 5 10 10 1 1 1 1 5 5 5 5 5 4 4 
