4 10 5 8 5 8 5 8 5 8 5 10 4 17 16 2 12 3 0 18 0 18 0 13 19 13 1 6 1 9 14 9 19 15 11 15 11 15 0 18 0 3 12 17 16 
14 9 14 9 5 8 5 8 5 8 5 8 4 10 16 17 16 3 12 3 12 18 0 18 0 18 19 13 19 13 19 6 1 9 14 9 11 15 11 15 11 15 11 2 7 2 4 10 4 10 4 
16 10 4 10 4 8 5 8 5 8 5 8 5 8 5 8 5 10 4 17 16 17 16 3 12 18 0 18 0 13 19 13 19 6 1 6 1 6 14 9 14 9 19 15 11 15 11 18 0 18 0 15 7 2 16 17 16 
5 10 4 8 5 8 5 8 5 8 5 8 5 8 5 8 5 8 5 8 4 10 4 10 4 10 16 17 16 17 16 17 12 3 12 3 0 18 0 18 0 18 0 18 19 13 19 13 19 13 19 13 19 13 19 13 19 13 19 9 14 13 19 15 11 15 11 15 11 15 11 15 11 2 7 2 7 2 
16 17 16 17 16 10 4 10 4 8 5 8 5 8 5 8 5 8 5 8 5 8 5 10 4 10 4 10 4 17 16 17 16 17 16 17 12 3 12 3 0 18 0 18 0 18 0 18 19 13 19 13 19 13 1 6 1 6 1 6 1 9 14 9 14 9 14 9 14 15 19 15 11 15 11 15 11 15 11 15 
5 8 5 8 5 8 5 8 5 8 5 8 5 8 5 8 4 10 4 10 4 17 16 2 12 3 12 3 0 18 0 18 0 18 0 13 19 13 19 13 1 6 1 6 1 9 14 13 11 15 11 15 11 15 11 15 11 15 7 2 7 17 16 17 16 
4 10 4 10 4 10 4 8 5 8 5 8 5 8 5 10 4 10 4 10 4 17 16 17 12 3 12 18 0 18 19 13 19 13 19 13 1 6 1 13 19 13 19 13 19 15 11 15 11 15 
4 10 4 8 5 8 5 8 5 8 5 8 5 8 5 8 4 10 4 10 4 17 16 17 16 17 12 3 12 3 0 18 0 18 0 18 0 13 19 13 19 13 19 13 1 6 1 6 1 6 14 9 14 13 19 15 11 15 11 15 11 15 11 2 7 2 7 2 16 
4 10 4 10 4 8 5 8 5 8 5 8 5 8 5 8 5 8 5 8 5 8 5 8 5 8 5 10 4 10 4 10 4 10 4 10 16 17 16 17 16 17 16 17 12 3 12 3 12 3 12 18 0 18 0 18 0 18 0 13 19 13 19 13 19 13 19 13 1 6 1 6 1 6 1 6 14 9 19 13 11 15 11 15 11 15 11 15 7 2 7 2 7 
4 10 4 10 4 10 4 10 4 10 4 10 5 8 5 8 5 8 5 8 5 8 5 8 5 8 5 8 5 8 5 8 5 8 5 8 5 8 4 8 4 10 4 10 4 10 4 10 4 10 4 10 16 17 16 17 16 17 16 17 16 3 12 3 12 3 12 3 12 3 0 18 0 18 0 18 0 18 0 18 0 18 0 13 19 13 19 13 19 13 19 13 19 6 1 6 1 6 1 6 1 6 1 6 1 6 1 6 19 13 19 13 19 13 19 13 19 13 19 13 11 15 11 15 11 15 11 15 11 15 11 2 7 2 7 2 7 
4 10 4 10 4 10 4 8 5 8 5 8 5 8 5 8 4 10 4 17 16 3 12 18 0 18 0 13 19 13 1 6 1 6 19 13 11 13 11 15 11 18 11 18 7 
4 10 4 10 4 10 5 8 5 8 5 8 5 8 5 8 5 8 5 8 5 8 5 8 4 10 4 10 4 10 4 10 4 10 16 17 16 17 16 17 16 17 16 17 12 3 12 3 12 3 12 3 12 18 0 18 0 18 0 18 0 18 0 18 0 13 19 13 19 13 19 13 19 13 1 6 1 6 1 6 1 6 1 6 1 6 14 9 14 9 14 9 14 13 11 15 11 15 11 15 11 15 11 2 7 2 7 2 7 2 
4 8 5 8 5 8 5 8 5 8 5 8 5 8 5 8 5 10 4 10 4 10 16 2 7 2 12 18 0 18 0 13 19 13 19 13 19 6 1 6 1 6 19 13 19 13 11 15 11 15 11 15 0 3 12 3 12 3 
4 10 4 10 4 10 4 10 4 8 5 8 5 8 5 8 5 8 5 8 5 10 4 10 4 10 16 17 16 17 16 3 12 3 0 18 0 18 0 18 0 18 19 13 19 13 19 6 1 6 1 6 1 6 1 9 14 9 14 9 19 13 19 15 11 15 11 15 11 15 0 18 0 2 
5 8 5 8 5 8 5 8 5 8 5 8 5 8 5 8 5 8 5 8 5 10 4 10 4 10 4 17 16 17 16 3 12 3 12 3 0 18 0 18 0 18 0 18 19 13 19 13 19 13 19 6 1 6 1 6 14 9 14 13 11 15 11 15 11 15 0 18 7 2 7 2 7 2 
5 8 5 8 5 8 5 8 5 8 5 8 5 8 5 8 5 8 5 8 5 8 5 8 4 10 4 10 4 10 4 10 4 10 4 10 4 10 4 10 4 17 16 17 16 17 16 17 16 17 16 17 16 17 16 17 16 3 12 3 12 3 12 3 12 3 12 3 12 3 12 3 12 3 12 3 12 18 0 18 0 18 0 18 0 18 0 18 0 18 0 18 0 18 0 18 0 18 0 18 0 18 0 18 11 13 19 13 19 13 19 13 19 13 19 13 19 13 19 13 19 6 1 6 1 6 1 6 1 6 1 6 1 6 14 9 14 9 14 9 14 9 14 9 14 9 14 9 14 9 14 9 19 13 19 13 11 15 11 15 11 15 11 15 11 15 11 15 11 15 11 2 7 2 7 2 7 
4 10 4 8 5 8 5 8 5 8 5 8 5 8 4 10 4 17 16 17 12 3 0 18 0 18 19 13 19 13 19 13 1 9 14 9 11 15 11 15 11 15 11 15 11 2 7 17 16 
4 10 4 10 4 8 5 8 5 8 5 8 5 8 5 8 5 8 5 8 4 10 4 10 16 17 16 17 12 3 0 18 0 18 0 18 19 13 19 13 19 13 19 13 19 6 1 9 14 13 11 15 11 15 11 15 7 2 7 2 16 17 
4 10 4 10 4 8 5 8 5 8 5 8 5 8 5 8 5 10 4 10 4 10 4 17 16 17 16 17 12 3 12 3 0 18 0 18 0 13 19 13 19 13 19 13 19 6 1 6 1 6 19 13 19 13 19 15 11 15 11 15 7 2 7 
4 10 5 8 5 8 5 8 5 8 5 8 5 8 5 8 4 10 4 17 7 3 12 18 0 18 0 13 19 13 19 13 1 6 1 6 19 13 11 15 11 15 11 15 11 18 7 3 12 17 16 
4 10 4 10 4 10 4 10 4 10 4 10 4 10 4 8 5 8 5 8 5 8 5 8 5 8 5 8 5 8 5 8 5 8 5 10 4 10 4 10 16 17 16 17 16 17 12 3 12 3 12 3 0 18 0 18 0 18 19 13 19 13 19 13 1 6 1 6 1 6 1 6 1 6 1 6 19 13 19 13 19 13 11 15 11 15 11 15 11 15 11 15 11 15 11 2 7 2 7 2 7 2 7 2 
5 8 5 8 5 8 5 8 5 8 5 8 5 8 5 8 5 8 4 10 4 10 16 17 16 17 7 3 12 18 0 18 0 18 0 18 0 13 19 13 19 13 19 13 1 6 1 6 14 9 19 13 19 13 11 15 11 15 11 15 11 2 7 2 7 17 16 17 16 17 16 17 16 
5 8 5 8 5 8 5 8 4 10 4 10 4 10 4 10 16 17 16 17 16 2 12 3 12 3 0 18 0 18 0 18 19 13 19 13 19 13 19 13 1 6 1 6 1 9 14 9 14 9 14 9 11 15 11 15 11 15 11 2 7 2 7 2 7 
4 10 4 10 4 10 5 8 5 8 5 8 5 8 5 8 4 10 4 10 4 10 4 10 4 10 4 10 16 17 16 17 16 3 12 3 12 3 12 18 0 18 0 18 0 18 0 18 19 13 19 13 19 13 1 6 1 6 1 6 1 6 1 6 1 6 14 9 14 13 19 13 19 13 11 15 11 15 11 15 7 2 7 2 7 
4 10 4 10 5 8 5 8 5 8 5 8 5 8 5 8 5 8 4 10 4 10 4 17 16 17 16 3 12 3 0 18 0 18 0 18 0 18 19 13 19 13 19 13 1 6 1 6 1 6 1 9 14 9 11 15 11 15 11 15 11 15 11 2 7 2 16 17 16 
4 10 4 10 4 10 4 8 5 8 5 8 5 8 5 8 5 8 5 8 5 8 5 8 4 10 4 10 4 10 16 17 16 17 16 17 12 3 12 3 0 18 0 18 0 18 0 18 0 13 19 13 19 13 19 6 1 6 1 6 1 9 14 9 14 9 14 15 11 15 11 15 11 15 11 15 11 15 11 15 11 2 7 2 7 2 
4 10 4 10 4 10 4 10 5 8 5 8 5 8 5 8 5 8 5 8 5 8 5 8 5 8 4 10 4 10 4 10 4 17 16 17 16 17 16 17 12 3 12 3 12 3 12 18 0 18 0 18 0 18 0 18 19 13 19 13 19 13 19 13 1 6 1 6 1 6 1 6 1 6 1 9 14 9 14 9 19 13 11 15 11 15 11 15 11 15 11 15 11 2 
4 10 4 8 5 8 5 8 5 8 5 10 4 10 4 17 16 17 12 3 12 18 0 18 0 18 19 13 19 13 1 6 1 6 1 9 19 13 19 13 11 15 11 15 11 15 11 2 
4 8 5 8 5 8 5 8 5 8 5 8 5 8 5 8 5 8 5 8 4 10 4 10 4 17 16 17 16 17 16 3 12 3 12 3 0 18 0 18 0 18 19 13 19 13 19 13 19 13 1 6 1 13 19 13 19 15 11 15 11 15 11 15 11 15 11 15 11 2 7 2 7 2 
5 8 5 8 5 8 5 8 5 8 5 8 5 8 5 8 5 8 5 8 4 10 4 10 4 17 16 2 7 3 12 3 12 3 0 18 0 18 0 18 0 18 0 13 19 13 19 13 19 6 1 6 1 6 1 6 14 9 14 13 19 13 11 15 11 15 11 15 11 15 11 15 7 2 7 2 16 17 16 17 16 17 16 17 16 17 16 
4 10 4 10 4 10 5 8 5 8 5 8 5 8 5 8 5 8 4 10 4 10 4 10 16 17 16 17 16 3 12 3 12 3 0 18 0 18 0 18 19 13 19 13 19 13 19 6 1 6 1 6 1 6 14 9 14 9 14 13 11 15 11 15 11 15 11 2 7 2 7 2 
4 10 4 10 4 10 4 8 5 8 5 8 4 10 4 10 16 17 16 3 12 3 12 18 0 18 0 18 19 13 19 13 1 6 1 6 1 9 14 9 14 9 19 13 19 13 11 15 11 15 11 
4 10 4 10 4 8 5 8 5 8 5 8 5 8 5 8 5 8 5 8 5 8 5 8 4 10 4 10 4 10 4 10 16 17 16 17 16 17 12 3 12 3 12 3 0 18 0 18 0 18 0 13 19 13 19 13 19 13 19 13 1 6 1 6 1 6 1 6 1 9 14 13 19 15 11 15 11 15 11 15 11 15 11 2 7 2 7 2 7 2 
4 10 4 10 4 10 4 10 4 10 5 8 5 8 5 8 5 8 5 8 5 8 5 8 5 10 4 10 4 10 4 17 16 17 16 17 12 3 12 3 0 18 0 18 0 18 0 13 19 13 19 13 19 13 19 6 1 6 1 6 1 6 14 9 14 9 14 15 11 15 11 15 11 15 11 15 11 15 7 2 7 
4 10 4 10 4 10 5 8 5 10 4 10 4 17 16 3 0 18 0 13 19 13 1 6 1 9 14 9 14 9 19 13 11 15 11 15 7 2 
4 10 4 10 4 8 5 8 5 8 5 8 5 8 5 8 5 8 5 10 4 10 4 10 16 17 16 17 12 3 12 18 0 18 0 18 0 18 19 13 19 13 19 13 1 6 1 6 1 6 14 9 14 9 11 15 11 15 11 15 11 15 11 15 11 2 7 2 
4 10 4 10 4 10 4 8 5 8 5 8 5 8 4 10 4 10 4 17 16 17 12 3 12 18 0 18 19 13 19 13 19 6 1 6 1 9 14 9 14 9 19 13 19 13 11 15 11 15 11 2 7 2 
5 8 5 8 16 17 0 18 19 6 1 6 19 13 11 15 11 2 7 2 16 17 
4 10 4 10 5 8 5 8 5 8 5 8 4 10 16 17 16 17 12 3 12 18 0 18 0 13 19 13 1 6 1 6 14 9 14 13 19 15 11 15 11 15 11 15 7 2 7 
4 10 4 10 4 10 4 10 5 8 5 8 5 8 5 8 5 8 5 10 4 10 16 17 16 17 12 3 12 3 12 18 0 18 0 18 19 13 19 13 19 6 1 6 1 6 14 9 14 9 14 9 14 15 11 15 11 15 11 15 11 2 7 
4 10 4 10 4 10 4 10 11 8 5 8 14 9 5 8 5 8 5 8 5 8 5 8 4 10 4 10 4 17 16 17 16 17 12 3 0 18 0 18 0 18 0 18 19 13 19 13 19 13 19 6 1 6 14 9 14 9 14 9 14 15 11 15 11 15 11 15 11 2 7 2 16 17 
4 10 4 10 4 10 4 10 4 8 5 8 5 8 5 8 5 8 5 8 5 8 5 8 5 8 4 10 4 10 4 10 4 17 16 17 16 3 12 3 12 3 0 18 0 18 0 18 0 18 19 13 19 13 19 13 19 6 1 6 1 6 1 9 14 9 14 9 14 15 11 15 11 15 11 15 11 15 7 2 7 2 
4 10 4 10 4 10 4 10 5 8 5 8 5 8 5 8 5 8 5 8 5 8 5 10 4 10 16 17 16 17 12 3 12 18 0 18 0 18 0 18 19 13 19 13 19 13 19 13 19 13 19 13 19 13 11 15 11 15 11 15 11 15 11 15 11 2 7 2 7 17 16 
4 10 4 10 4 10 4 10 4 10 5 8 5 8 5 8 5 8 5 8 5 8 5 8 5 8 5 8 5 8 4 10 4 10 4 10 16 17 16 17 16 3 12 3 12 3 12 18 0 18 0 18 0 18 0 18 19 13 19 13 19 13 19 6 1 6 1 6 1 6 14 9 14 9 14 13 11 15 11 15 11 15 11 15 11 18 7 2 7 
4 10 4 10 4 10 4 10 5 8 5 8 5 8 5 8 5 10 4 10 16 17 12 3 12 18 0 18 0 18 0 13 19 13 19 13 19 6 1 6 1 9 14 9 14 13 11 15 11 15 11 15 11 15 11 15 7 
4 10 4 10 4 10 4 8 5 8 5 8 5 8 5 8 5 8 5 8 4 10 4 10 4 17 16 17 12 3 12 18 0 18 0 18 0 13 19 13 19 13 19 6 1 6 1 6 14 9 19 15 11 15 11 15 11 15 11 15 7 2 7 2 
4 10 4 10 4 8 5 8 5 8 5 8 5 8 5 8 5 8 5 8 4 10 4 10 4 10 4 17 16 17 12 3 12 18 0 18 0 18 0 18 19 13 19 13 19 13 1 6 1 6 1 9 14 9 14 9 14 15 11 15 11 15 11 15 11 2 7 10 4 10 4 
4 10 4 10 16 17 16 10 7 10 4 10 4 8 5 8 5 8 5 8 5 8 5 8 4 10 4 10 4 10 4 17 16 17 16 17 12 3 12 3 12 3 0 18 0 18 0 18 19 13 19 13 19 13 19 6 1 6 1 6 1 6 1 6 1 6 14 9 14 9 14 9 14 9 11 15 11 15 11 15 11 15 11 15 11 15 11 15 11 2 7 2 7 2 7 3 12 
4 10 4 10 4 10 4 10 4 8 5 8 5 8 5 8 5 8 5 8 5 8 5 8 4 10 4 10 4 10 16 17 16 17 16 17 12 3 12 3 0 18 0 18 0 18 0 18 19 13 19 13 19 13 19 13 1 6 1 6 1 9 14 9 14 9 14 9 11 15 11 15 11 15 11 15 11 15 11 
4 10 4 8 5 8 5 8 5 8 5 8 5 8 5 8 5 8 5 8 5 8 4 10 4 10 4 10 16 17 16 17 16 17 12 3 12 3 12 3 0 18 0 18 0 18 0 18 19 13 19 13 19 13 19 13 19 13 1 6 1 6 1 9 14 9 19 13 11 15 11 15 11 15 11 15 11 15 11 15 7 2 7 
4 10 4 10 4 10 4 8 5 8 5 8 5 8 4 10 4 17 16 3 12 3 12 18 0 18 0 13 19 13 1 6 1 6 1 6 14 9 19 13 19 15 11 15 11 15 7 2 7 
4 8 4 8 5 8 5 8 5 8 5 9 14 9 5 8 5 8 5 8 5 8 5 8 5 10 4 10 4 10 16 17 16 17 12 3 12 18 0 18 0 18 0 18 19 13 19 13 19 13 19 13 19 13 14 13 19 15 11 15 11 15 11 15 11 2 7 2 7 17 
4 10 4 10 4 10 4 10 7 2 11 15 11 8 5 8 5 8 5 8 5 8 5 8 5 8 5 8 4 10 4 10 4 17 16 17 16 17 12 3 12 18 0 18 0 18 0 18 19 13 19 13 19 13 19 13 19 6 1 6 1 9 14 9 14 13 11 15 11 15 11 15 11 15 11 15 11 2 7 2 16 17 16 17 16 
4 10 4 10 4 8 5 8 5 8 5 8 5 8 4 10 4 10 16 17 12 3 12 18 0 18 0 13 19 13 19 13 1 6 1 6 1 9 14 9 14 13 19 13 11 15 11 2 7 2 7 2 16 
4 10 4 10 4 10 4 10 4 8 5 8 5 8 5 8 5 8 4 10 4 10 4 17 16 17 12 3 12 18 0 18 0 18 19 13 19 13 19 6 1 6 1 6 14 9 14 9 14 13 11 15 11 15 11 15 11 15 7 2 
4 8 5 8 5 8 5 8 5 8 5 8 5 8 5 8 5 8 5 8 5 8 4 10 4 10 4 10 4 10 4 10 16 17 16 17 16 17 16 17 16 17 12 3 12 3 12 3 12 3 12 3 12 3 12 3 0 18 0 18 0 18 0 18 0 18 0 18 0 18 0 18 0 13 19 13 19 13 19 13 19 13 19 13 19 13 1 6 1 6 1 6 1 6 1 6 1 6 1 9 14 9 14 9 14 9 14 9 14 9 14 9 19 15 11 15 11 15 11 15 11 15 11 15 11 15 11 15 7 2 7 2 7 2 7 2 7 2 7 17 16 17 16 17 16 17 
5 8 5 8 4 10 4 17 16 17 12 3 12 18 0 18 0 13 19 13 1 6 14 9 14 9 14 15 11 15 11 15 7 2 7 
4 10 4 10 4 8 5 8 5 8 5 8 5 8 5 10 4 10 4 17 16 17 16 3 12 3 0 18 0 18 0 13 19 13 19 13 19 13 19 13 19 13 19 13 19 15 11 15 11 15 11 2 
4 10 4 10 5 8 5 8 5 8 5 8 5 8 5 8 5 8 5 8 5 8 5 8 5 8 5 8 5 8 5 8 4 10 4 10 4 10 4 10 4 10 16 17 16 17 16 17 16 17 16 17 12 3 12 3 12 3 12 3 12 3 0 18 0 18 0 18 0 18 0 18 0 18 0 13 19 13 19 13 19 13 19 13 19 13 19 13 19 6 1 6 1 6 1 6 1 6 1 9 19 13 19 13 11 15 11 15 11 15 11 15 11 15 11 15 7 2 7 2 7 
4 10 4 17 16 17 7 2 4 8 5 8 5 8 5 8 5 8 5 8 5 10 4 10 16 17 16 3 12 3 0 18 0 18 0 13 19 13 19 13 1 6 1 6 1 9 14 9 14 13 19 13 19 15 11 15 11 15 11 2 7 2 7 17 
4 10 4 10 4 10 4 8 5 8 5 8 5 8 5 8 5 8 4 10 4 10 4 10 4 17 16 17 16 17 12 3 12 3 12 3 0 18 0 18 0 18 0 13 19 13 19 13 19 6 1 6 1 6 1 6 14 9 14 9 14 9 14 9 14 9 14 9 11 15 11 15 11 15 11 15 11 15 11 15 11 2 7 
4 10 4 10 4 10 4 10 4 10 4 10 5 8 5 8 5 8 5 8 5 8 5 8 5 8 5 8 4 10 4 10 4 10 16 17 16 17 12 3 12 3 12 18 0 18 0 18 0 18 0 13 19 13 19 13 19 6 1 6 1 6 1 6 14 9 19 13 11 15 11 15 11 15 11 15 11 2 7 2 16 
4 10 4 10 4 10 5 8 5 8 5 8 5 8 5 8 4 10 4 10 16 17 12 3 12 18 0 18 0 18 19 13 19 13 19 13 1 6 14 9 14 9 14 15 11 15 11 15 11 2 7 17 
4 10 4 10 4 10 4 10 11 8 5 8 5 8 5 8 5 8 5 8 5 8 5 8 5 8 4 10 4 10 4 10 16 17 16 17 16 17 12 3 12 3 12 18 0 18 0 18 0 18 0 13 19 13 19 13 19 13 19 6 1 6 1 6 1 9 14 9 14 9 11 15 11 15 11 15 11 15 11 15 7 2 16 17 16 
4 10 4 8 5 8 4 10 16 17 12 3 12 18 0 13 19 6 1 6 1 9 14 9 11 15 11 15 7 2 7 2 
4 10 4 10 5 8 5 8 5 8 5 8 5 8 4 10 4 10 4 17 16 17 12 3 12 18 0 18 0 18 19 13 19 13 19 13 19 6 1 6 1 9 19 13 11 15 11 15 11 15 11 15 11 2 7 
4 10 4 10 4 10 4 10 4 8 5 8 5 8 5 8 5 8 5 8 5 8 5 8 5 8 4 10 4 10 4 10 4 10 4 10 16 17 16 17 16 17 12 3 12 3 12 3 12 3 12 18 0 18 0 18 0 18 0 13 19 13 19 13 19 13 19 6 1 6 1 6 1 6 1 6 14 9 14 9 14 9 14 9 14 13 19 13 19 13 19 13 19 15 11 15 11 15 11 2 7 2 7 2 
4 10 4 8 5 8 5 8 5 8 5 8 5 8 5 8 5 8 5 8 5 8 5 8 4 10 4 10 4 10 16 17 16 17 16 17 12 3 12 3 12 3 12 3 0 18 0 18 0 18 0 18 0 18 0 13 19 13 19 13 19 6 1 6 1 6 1 6 1 6 14 9 14 13 11 15 11 15 11 15 11 15 7 2 7 
4 10 4 10 4 10 4 10 4 10 4 8 5 8 5 8 5 8 5 8 5 8 5 8 5 8 4 10 4 10 4 10 16 17 16 17 16 17 16 3 12 3 12 3 12 18 0 18 0 18 0 18 0 18 19 13 19 13 19 13 19 13 1 6 1 6 1 6 1 6 1 6 14 9 14 9 14 9 14 9 14 9 14 15 11 15 11 15 11 15 11 15 11 15 11 15 
11 15 11 2 14 9 14 9 14 9 14 9 14 9 14 9 14 9 5 8 5 8 5 8 5 8 5 8 5 8 5 8 5 8 5 8 4 10 4 10 4 10 4 10 16 17 16 17 16 17 16 17 16 3 12 3 12 3 12 3 12 18 0 18 0 18 0 18 0 18 0 18 0 18 0 18 0 18 19 13 19 13 19 13 19 13 19 13 19 13 19 13 1 6 1 9 14 9 14 9 14 9 14 15 11 15 11 15 11 15 11 15 11 15 11 15 7 2 7 2 7 17 16 17 16 
