16 17 16 17 16 10 4 10 4 10 4 10 4 10 16 17 16 17 16 3 12 3 12 3 0 18 0 15 11 15 11 15 14 15 11 10 4 2 7 2 7 15 11 15 19 9 14 9 14 8 5 8 5 8 14 9 14 9 1 6 1 6 1 6 1 13 19 13 19 6 1 6 1 
4 10 4 8 5 8 5 8 5 8 5 8 4 10 4 17 16 17 12 3 12 3 12 3 7 2 7 2 7 2 7 10 7 2 7 2 12 3 12 18 0 18 11 15 14 9 14 9 14 9 14 9 14 9 1 6 1 6 1 6 19 13 19 13 19 13 19 13 19 6 
4 10 4 10 4 10 4 10 4 8 4 10 4 10 4 10 16 17 16 17 12 3 12 3 12 3 12 3 7 2 7 2 7 2 7 2 7 2 7 2 12 3 0 18 0 15 11 15 14 9 14 9 14 8 5 8 5 8 14 9 14 6 1 6 1 6 1 6 19 13 19 13 19 13 19 13 19 6 1 6 
16 17 16 17 4 10 4 10 4 10 4 10 4 10 4 10 4 10 16 17 16 17 16 17 16 17 16 17 16 17 12 3 12 3 12 3 12 3 12 3 12 18 0 18 0 18 0 18 11 15 11 15 11 15 11 15 11 15 11 15 7 2 7 2 7 15 11 15 11 15 11 9 14 9 14 9 5 8 5 8 5 8 5 8 14 9 14 9 14 9 1 6 1 6 1 6 1 6 1 6 1 13 19 13 19 13 19 13 19 13 19 13 19 6 1 6 1 6 1 6 1 6 
16 17 16 17 4 10 4 10 4 10 4 10 4 10 4 17 16 17 16 3 12 3 12 3 12 3 0 18 0 18 11 15 11 15 7 2 7 2 7 2 7 2 0 15 11 15 14 9 5 8 5 8 5 8 5 8 14 9 14 9 1 6 1 6 1 6 19 13 19 13 19 13 19 6 1 6 
16 17 16 10 4 10 4 10 4 10 4 10 16 17 16 17 12 3 12 3 12 18 0 18 0 15 11 15 11 15 7 2 7 2 7 2 7 2 0 18 11 15 11 9 14 8 5 8 5 8 5 8 5 8 5 9 14 6 1 6 1 6 1 6 1 6 1 6 1 6 1 
4 10 4 10 4 10 4 10 4 10 4 10 4 10 16 17 16 17 16 3 12 3 12 3 12 3 0 18 0 18 0 18 0 15 11 15 11 15 11 15 11 15 4 10 4 10 4 10 4 2 7 2 7 2 7 2 7 2 11 15 11 15 11 15 11 15 14 9 14 9 14 9 5 8 5 8 5 8 5 8 14 9 14 9 14 6 1 6 1 6 1 6 1 6 1 6 1 6 1 6 1 6 1 6 1 
4 10 4 10 4 10 4 8 4 10 4 10 4 10 16 17 16 17 16 17 12 3 12 3 12 3 0 18 0 18 0 15 11 15 11 15 11 15 7 2 7 2 7 2 11 15 11 15 11 15 19 13 14 9 14 9 14 8 5 9 14 9 14 9 1 6 1 6 1 6 1 6 1 6 1 6 
16 17 16 17 4 10 4 10 4 10 4 10 4 10 4 10 4 10 16 17 16 17 16 17 16 17 12 3 12 3 12 3 12 3 12 3 0 18 0 18 11 15 11 15 11 15 11 9 14 9 5 8 5 8 4 10 4 10 4 10 7 2 7 15 11 15 11 15 11 15 11 15 19 13 14 9 14 9 14 9 14 9 5 8 14 9 14 9 14 9 1 6 1 6 1 6 1 6 1 6 1 6 1 6 1 6 1 6 1 6 1 6 
16 17 16 17 4 10 4 10 4 10 4 17 16 17 16 3 12 3 12 3 0 18 0 15 11 15 11 15 11 15 11 15 11 2 7 2 7 2 7 2 11 15 11 15 11 15 11 15 19 9 14 9 14 9 14 9 14 8 5 8 14 9 14 9 1 6 1 6 1 6 1 6 1 6 1 6 1 6 1 6 
16 17 16 17 16 17 16 17 16 17 16 17 16 17 16 17 16 17 16 17 16 17 12 3 12 3 12 3 12 3 0 18 0 18 0 15 11 15 11 15 11 15 11 2 7 2 7 2 7 15 11 15 11 15 11 15 11 9 14 9 14 9 14 9 14 8 5 8 5 8 5 8 5 9 14 9 1 6 1 6 1 6 1 6 1 6 1 6 1 6 1 6 1 6 
16 17 16 17 16 10 4 10 4 10 4 10 4 10 4 10 4 17 16 17 16 17 12 3 12 3 12 18 0 18 0 18 11 15 11 15 7 2 7 2 7 2 0 15 11 15 14 9 14 9 5 8 5 8 5 8 5 9 14 9 1 6 1 6 1 6 1 6 19 13 19 13 19 13 1 6 1 
16 17 16 17 16 17 16 17 16 17 16 17 16 17 16 17 16 17 16 17 16 17 16 17 12 3 12 3 12 3 12 18 0 18 0 15 11 15 11 15 11 15 11 15 11 2 7 2 7 2 7 15 11 15 11 9 14 9 14 9 14 8 5 8 5 8 5 8 5 8 5 9 14 9 1 6 1 6 1 6 1 6 1 13 19 13 19 13 19 6 1 6 1 
4 10 4 10 5 8 5 8 5 8 5 8 5 10 4 10 4 17 16 17 16 17 12 3 12 3 12 3 12 3 12 3 12 3 12 3 12 18 0 18 0 18 0 18 11 15 11 15 7 2 7 2 7 2 7 2 7 18 0 18 11 15 11 13 14 9 14 9 14 9 5 8 5 9 14 9 14 9 1 6 1 6 1 6 19 13 19 13 1 6 1 6 1 6 
4 10 4 8 5 8 5 8 5 8 5 8 4 10 4 10 4 10 4 10 4 10 16 17 16 17 16 17 16 17 16 17 16 17 16 3 12 3 12 3 12 3 12 3 12 3 12 3 12 3 12 3 12 3 12 18 0 18 0 18 0 18 0 18 11 15 11 15 11 15 11 15 14 9 14 15 11 15 11 10 7 2 7 2 7 2 11 15 11 15 11 15 11 15 11 15 11 15 14 9 14 9 14 9 14 9 14 9 14 9 14 8 5 8 5 8 5 8 5 8 5 9 14 9 14 9 14 9 14 9 1 6 1 6 1 6 1 6 1 6 1 6 1 6 1 6 1 6 1 6 1 6 1 6 1 
16 17 16 17 4 10 4 10 4 10 4 10 16 17 12 3 12 18 0 18 0 15 11 2 7 2 7 2 0 18 0 15 11 9 14 8 5 8 5 8 5 8 14 9 1 6 1 6 1 6 19 13 19 13 19 13 1 
16 17 16 17 16 17 16 10 4 10 4 17 16 17 16 3 12 3 0 18 0 18 11 15 11 15 11 15 7 2 7 2 7 18 0 18 0 15 11 15 14 9 14 9 5 8 5 8 5 8 5 8 5 8 14 9 1 6 1 6 1 6 1 6 19 13 19 13 1 6 
4 10 4 10 4 10 4 10 4 10 4 10 4 10 4 10 16 17 16 17 16 17 16 17 16 17 12 3 12 3 12 3 12 3 12 3 12 3 12 18 0 18 0 18 11 15 11 15 11 15 11 15 11 9 14 9 14 9 14 9 11 15 11 15 4 2 7 2 7 2 7 15 11 15 11 15 11 15 11 15 11 15 11 13 19 13 14 9 14 9 14 9 14 9 14 9 14 9 14 8 5 8 14 9 14 9 1 6 1 6 1 6 1 6 1 6 1 6 1 6 1 6 1 
16 17 7 2 7 2 4 10 4 10 4 10 4 10 4 17 16 17 12 3 12 3 12 3 0 18 7 2 7 2 7 2 7 2 7 2 11 15 11 9 14 9 5 8 5 8 5 9 14 9 1 6 1 6 1 6 19 13 19 13 19 13 1 6 
4 10 4 10 16 17 16 17 16 10 4 10 4 8 5 8 5 8 5 8 5 8 4 10 4 10 16 17 16 17 16 17 16 17 12 3 12 3 12 3 12 3 12 3 12 3 12 3 12 18 0 18 0 18 11 15 11 15 11 2 7 2 7 2 7 2 12 3 12 3 12 18 0 18 0 15 11 15 11 13 14 9 14 9 14 9 14 9 14 9 14 9 14 9 14 9 14 9 14 9 14 9 14 6 1 6 1 6 1 6 1 6 1 6 1 6 1 6 1 6 1 6 1 
16 17 16 17 16 17 16 10 4 10 4 10 4 10 4 10 4 10 16 17 16 17 12 3 12 3 12 3 12 18 11 15 11 2 7 2 7 2 7 2 11 15 11 15 14 9 14 9 14 9 14 9 14 9 14 9 14 6 1 6 1 13 19 13 19 13 19 13 19 13 1 
16 17 16 17 16 17 16 10 4 10 4 10 16 17 16 17 12 3 12 3 12 18 0 18 11 13 19 9 14 9 14 9 7 15 11 15 11 15 11 15 11 9 14 9 5 8 5 8 5 8 5 9 14 9 1 6 1 6 1 13 19 13 19 13 19 13 
16 17 16 17 16 10 4 10 4 10 4 10 16 17 16 17 16 17 12 3 12 3 12 3 0 18 0 18 0 15 11 15 11 15 11 2 7 2 7 2 7 2 7 2 11 15 11 15 14 9 14 9 14 8 5 8 5 8 5 8 5 8 14 9 1 6 1 6 1 6 1 13 19 13 19 6 1 6 1 
16 17 16 17 16 17 7 17 4 10 4 10 4 10 4 10 4 10 4 17 16 17 12 3 12 3 12 3 12 3 0 18 0 15 11 2 7 2 7 2 7 2 7 2 0 15 11 15 14 9 14 9 14 9 5 8 5 8 5 9 14 9 14 9 1 6 1 6 1 6 19 13 19 13 19 13 19 13 1 6 1 
16 17 16 2 7 2 7 10 4 10 4 10 4 10 4 17 16 17 16 17 12 3 12 3 0 18 0 18 0 18 11 15 11 15 11 2 7 2 7 2 7 18 11 15 11 15 11 13 14 9 14 8 5 8 5 8 5 8 5 8 5 8 14 9 1 6 1 6 1 6 19 13 19 13 19 13 1 6 1 6 
16 17 16 17 4 10 4 10 5 8 4 10 4 10 4 10 16 17 12 3 12 3 12 3 12 3 12 2 7 2 7 2 7 2 7 2 12 2 0 15 11 15 14 9 5 8 5 8 5 8 14 9 14 6 1 6 1 6 1 6 1 13 19 13 19 13 19 6 1 
16 17 16 17 16 17 4 10 4 10 4 10 4 10 4 10 16 17 16 3 12 3 12 3 0 18 0 18 11 15 11 15 11 2 7 2 7 2 7 15 11 15 11 9 14 9 14 8 5 8 5 8 5 8 5 8 14 9 1 6 1 6 1 6 1 13 19 13 19 13 1 6 1 
16 17 16 17 16 17 16 17 16 17 16 17 16 17 16 17 16 10 4 10 4 10 4 10 16 17 16 17 16 17 16 17 12 3 12 3 12 3 12 3 12 3 12 18 0 18 0 18 0 15 11 15 11 15 11 15 11 15 11 9 14 9 14 9 14 9 11 15 7 2 7 2 7 2 7 15 11 15 11 15 11 15 11 13 14 9 14 9 14 9 14 9 5 8 5 8 5 8 5 8 5 8 5 8 5 8 14 9 14 9 14 6 1 6 1 6 1 6 1 6 1 6 1 13 19 13 19 13 1 6 1 6 1 
16 17 16 17 16 17 4 10 4 10 4 10 4 10 4 17 16 17 16 3 12 3 12 3 12 18 0 18 0 15 11 15 11 2 11 15 4 10 4 2 7 2 7 2 11 15 11 15 11 9 14 9 14 8 5 8 5 8 14 9 14 9 1 6 1 6 1 6 1 6 1 6 1 6 1 6 
16 17 16 17 16 17 4 10 4 10 4 10 4 10 4 10 4 17 16 17 16 17 16 3 12 3 12 3 12 3 0 18 0 18 0 18 11 15 11 15 11 15 7 2 7 2 7 2 7 2 11 15 11 15 14 9 14 9 5 8 5 8 5 8 5 8 5 8 5 9 14 9 1 6 1 6 1 6 1 6 1 6 19 13 19 13 19 13 19 13 1 6 1 6 1 6 
4 10 4 10 4 10 4 10 4 10 4 10 4 10 4 17 16 17 16 17 12 3 12 3 12 3 0 18 0 18 0 18 11 15 11 15 11 15 11 2 11 15 11 2 7 2 7 2 7 2 7 15 11 15 11 15 11 9 14 9 14 8 5 8 5 8 5 8 14 9 14 9 14 6 1 6 1 6 1 6 1 13 19 13 19 13 19 13 1 6 1 6 
16 17 16 10 4 10 4 10 4 10 4 10 4 17 16 17 16 17 12 3 12 3 12 3 12 18 0 18 0 18 0 18 11 15 11 15 11 9 14 9 14 15 11 15 7 2 7 15 11 15 11 15 11 9 14 9 14 8 5 8 5 8 5 8 5 8 5 8 5 9 14 9 1 6 1 6 1 6 19 13 19 13 19 13 19 13 1 6 1 6 
16 17 16 17 16 17 16 17 16 17 16 17 16 17 16 17 12 3 12 3 0 18 0 15 7 2 7 2 7 2 7 2 7 2 7 2 11 15 7 15 5 8 5 8 5 8 5 9 14 9 1 6 1 6 1 6 1 6 1 6 1 6 1 6 1 13 19 6 1 6 1 6 
16 10 4 10 4 10 4 10 4 10 4 10 4 10 4 10 4 10 16 17 16 17 16 17 16 17 12 3 12 3 12 3 12 3 12 3 7 2 7 2 7 2 7 2 7 2 7 2 7 2 7 3 12 3 12 3 12 18 0 18 0 18 11 15 11 15 11 15 19 9 14 9 14 9 14 9 14 9 14 9 14 9 14 9 14 9 1 6 1 6 1 6 1 6 1 6 1 6 1 6 1 6 1 6 1 6 1 6 1 6 1 
16 17 16 17 16 17 16 17 16 17 16 17 16 17 16 3 12 3 12 3 12 18 0 15 11 15 7 2 7 2 7 2 7 2 11 15 14 9 14 9 5 8 5 8 5 8 5 8 5 9 14 6 1 6 1 6 1 6 19 13 19 13 19 13 19 13 1 6 1 6 
4 10 4 10 4 10 5 8 5 8 5 8 5 8 5 8 4 10 4 10 4 17 16 17 16 17 16 17 12 3 12 3 12 3 12 3 12 3 12 3 12 2 7 2 7 2 7 2 7 2 7 2 7 2 12 3 12 3 12 3 12 18 0 18 0 18 0 18 0 18 11 15 11 13 14 9 14 9 14 9 14 9 14 9 14 8 14 9 14 9 14 6 1 6 1 6 1 6 1 6 19 13 19 13 1 6 1 6 
4 10 4 10 4 10 4 10 5 8 5 10 4 10 4 10 4 10 4 10 4 10 4 10 16 17 16 17 16 17 16 17 16 3 12 3 12 3 12 3 12 3 12 3 12 3 12 18 0 18 0 18 0 18 0 18 0 18 11 15 11 15 11 15 11 15 11 15 14 9 14 9 5 8 5 8 5 10 4 10 4 2 7 2 7 2 7 15 11 15 11 15 11 15 11 13 14 9 14 9 14 9 14 9 14 9 5 8 5 8 5 8 5 8 5 8 14 9 14 9 14 6 1 6 1 6 1 6 1 6 1 13 19 13 0 18 0 18 0 18 0 18 0 15 19 13 19 6 1 6 1 6 1 
16 17 16 17 16 17 16 17 16 17 16 17 16 17 16 17 16 17 16 17 16 3 12 3 12 3 12 18 0 18 0 18 11 15 11 15 7 2 7 2 7 2 7 2 7 2 11 15 11 9 14 9 5 8 5 8 5 8 5 8 5 8 5 8 14 9 1 6 1 6 1 6 1 6 1 6 19 13 19 13 19 6 1 6 1 6 1 
16 17 16 10 4 10 4 10 4 10 4 17 16 17 16 3 12 3 12 3 12 18 0 18 11 15 11 15 4 10 4 2 7 2 7 2 7 2 7 15 11 8 5 8 5 8 5 8 5 8 14 9 1 6 1 6 1 6 1 6 19 13 19 6 1 6 1 6 1 
5 10 12 3 0 18 7 2 0 15 5 8 14 6 1 13 14 6 1 
16 17 16 17 16 17 16 10 4 10 4 10 4 10 4 10 16 17 16 17 12 3 12 3 12 3 12 18 0 18 0 15 11 15 7 2 7 2 7 2 7 15 11 15 11 15 11 9 14 9 14 8 5 8 5 8 5 9 14 9 1 6 1 6 1 6 1 6 1 6 1 6 1 6 1 
16 17 16 17 16 17 16 17 4 10 4 10 4 10 4 17 16 17 16 17 16 3 12 3 12 3 12 3 0 18 0 18 0 15 11 15 11 2 7 2 7 2 11 15 11 15 11 9 14 9 14 8 5 8 5 8 5 8 5 8 5 8 5 8 14 9 14 6 1 6 1 6 1 6 1 13 19 13 19 13 19 13 19 6 1 6 1 6 
16 17 16 17 4 10 4 10 16 17 16 3 12 3 12 3 0 15 7 2 7 2 7 2 7 2 7 15 11 15 11 9 5 8 5 8 5 8 14 6 1 6 1 6 19 13 19 13 1 6 
16 17 16 17 4 10 4 10 4 10 4 10 16 17 16 3 12 3 12 3 0 18 0 18 11 15 11 15 11 2 7 2 7 2 7 18 0 18 11 15 11 15 14 9 5 8 5 8 5 8 5 8 5 9 14 6 1 6 1 6 1 13 19 13 19 6 1 6 1 6 
5 8 5 10 4 10 16 17 12 3 12 18 0 18 11 15 7 2 7 2 12 18 0 18 11 15 14 9 14 9 14 9 14 9 14 6 1 6 1 6 1 6 1 
16 17 16 17 16 10 4 10 4 10 4 10 4 17 16 17 16 3 12 3 12 3 12 18 0 18 0 18 11 15 11 15 11 2 7 2 7 2 7 2 7 18 0 15 11 15 11 13 14 9 5 8 5 8 5 8 5 8 5 8 5 9 14 6 1 6 1 6 1 6 1 13 19 13 19 6 1 6 1 
16 17 16 17 16 17 16 17 16 17 16 17 4 10 4 10 4 17 16 17 16 17 16 17 16 3 12 3 12 3 12 3 12 18 0 18 0 18 0 15 11 15 11 15 11 15 11 15 7 15 7 2 7 2 7 2 7 15 11 15 11 15 11 9 14 9 14 9 5 8 5 8 5 8 5 8 5 9 14 9 1 6 1 6 1 6 1 6 1 6 1 13 1 6 1 6 1 6 1 
16 17 16 10 4 10 4 10 4 10 4 10 4 17 16 17 16 17 16 17 16 17 12 3 12 3 12 3 12 3 12 3 0 18 0 18 0 18 11 15 11 15 11 2 7 2 7 2 7 2 7 2 7 2 7 15 11 15 11 2 14 9 5 8 5 8 5 8 5 8 5 8 14 9 14 6 1 6 1 6 1 6 1 6 1 6 1 6 1 6 1 6 1 6 1 6 1 6 1 
16 17 16 17 16 10 4 10 16 17 16 17 16 3 12 3 12 18 0 18 0 15 11 15 11 2 7 2 7 2 7 2 7 15 11 9 14 9 5 8 5 8 5 8 5 8 5 8 14 9 1 6 1 6 1 6 1 13 19 13 19 13 1 6 1 6 
16 17 16 17 16 17 16 17 4 10 4 10 4 10 4 10 16 17 16 17 16 17 12 3 12 3 12 18 0 18 0 18 0 15 11 15 11 2 7 2 7 2 11 15 11 15 14 9 14 9 14 8 5 8 5 8 5 8 5 8 14 9 1 6 1 6 1 6 1 6 1 13 19 13 19 13 19 13 1 6 1 
16 17 16 17 16 10 4 10 4 10 4 10 4 17 16 17 16 3 12 3 12 18 0 18 0 15 11 15 11 15 7 2 7 2 7 2 0 18 11 15 11 15 14 9 14 8 5 8 5 8 5 8 5 8 5 9 14 6 1 6 1 6 1 13 19 13 19 13 19 6 1 6 1 
16 17 16 17 4 10 4 10 4 10 4 10 4 17 16 17 16 17 16 17 12 3 12 3 12 3 12 18 0 18 11 15 11 15 11 2 11 10 7 2 7 2 7 15 11 15 11 9 14 9 14 9 5 8 5 8 5 9 14 6 1 6 1 6 1 6 1 6 1 6 1 6 1 6 1 6 
4 10 4 10 4 10 4 10 16 17 16 17 12 3 12 3 12 18 11 15 7 10 4 10 7 2 7 2 12 18 0 15 11 9 14 9 5 8 5 8 5 8 14 9 14 6 1 6 1 6 19 13 19 13 19 13 1 6 1 
16 3 7 2 7 2 16 17 16 17 16 17 16 17 16 17 16 3 12 3 12 3 12 18 0 18 0 15 11 15 11 15 7 15 7 2 7 2 7 2 7 2 7 2 7 2 7 2 11 15 11 15 11 15 14 9 14 8 5 8 5 8 5 8 5 8 14 9 1 6 1 6 1 6 1 6 1 6 1 6 1 6 1 6 1 6 
16 17 16 10 4 10 4 10 4 10 4 10 16 17 16 17 12 3 12 3 0 18 0 18 11 15 11 15 11 15 7 2 7 2 7 2 0 15 11 15 11 9 14 8 5 8 5 8 5 8 5 8 14 9 14 6 1 6 1 6 1 13 19 13 1 6 1 6 1 6 
4 8 5 8 4 10 16 17 16 3 12 3 0 18 0 15 11 15 7 2 7 3 12 18 11 15 14 9 5 8 5 8 5 9 1 6 1 6 14 13 11 13 19 6 1 6 
16 17 16 17 16 17 16 17 16 10 4 10 4 17 16 17 16 17 16 17 12 3 12 3 0 18 0 18 0 18 0 15 11 15 7 2 7 2 7 2 11 15 11 15 14 9 14 9 5 8 5 8 5 8 5 8 5 8 14 9 1 6 1 6 1 6 1 6 1 13 19 13 19 13 19 13 1 6 1 6 
4 10 4 10 4 10 4 10 4 10 4 10 5 8 5 8 5 8 5 8 5 8 5 8 5 8 4 10 4 10 4 10 4 10 4 10 4 10 16 17 16 17 16 17 16 17 16 3 12 3 12 3 12 3 12 3 12 3 0 18 0 18 0 18 0 18 0 18 11 15 11 15 11 15 11 15 14 9 14 9 14 9 5 15 7 2 7 2 7 2 7 2 0 18 0 18 0 18 11 15 11 15 19 9 14 9 14 9 14 9 14 9 14 9 14 9 1 6 1 6 1 6 1 6 1 6 1 6 19 13 1 6 1 6 1 6 1 6 1 
16 17 16 17 16 10 4 10 4 10 4 17 16 17 16 3 12 3 12 18 0 18 11 15 11 15 11 15 7 2 7 2 7 2 0 18 11 15 11 13 14 9 14 9 5 8 5 8 5 8 5 8 5 8 5 9 14 6 1 6 1 6 19 13 19 13 19 13 19 6 1 6 
16 17 16 17 4 10 4 10 4 10 4 10 4 10 16 17 16 17 16 17 16 3 12 3 12 3 12 18 0 18 0 18 11 15 11 15 11 15 14 9 11 15 4 2 7 2 7 2 7 15 11 15 11 9 14 9 14 8 5 8 5 8 14 9 14 9 1 6 1 6 1 6 1 6 1 6 1 6 1 6 1 6 1 6 
4 10 16 17 16 10 4 10 4 10 4 10 4 10 4 10 4 17 16 17 16 17 12 3 12 3 12 18 0 18 0 18 0 15 11 15 11 15 7 2 7 2 7 15 11 15 11 15 11 13 14 9 5 8 5 8 5 8 5 8 5 8 5 9 14 6 1 6 1 6 1 6 1 13 19 13 19 13 19 6 1 
16 17 16 17 16 17 7 10 4 10 4 10 4 17 16 17 16 17 12 3 12 3 0 18 0 18 0 18 11 15 11 2 7 2 7 2 0 18 0 15 11 15 14 9 14 9 5 8 5 8 5 8 5 8 5 8 14 9 1 6 1 6 1 6 1 6 19 13 19 6 1 6 1 6 
16 17 16 17 16 17 16 17 4 10 4 10 4 10 16 17 16 17 16 3 12 3 12 18 0 18 0 15 11 15 11 15 7 2 7 2 7 2 7 18 11 15 11 15 14 9 14 9 5 8 5 8 5 8 5 8 5 9 14 6 1 6 1 6 1 6 19 13 19 13 19 13 1 6 1 6 1 
16 17 16 10 4 10 16 17 12 3 12 18 11 15 7 2 7 2 0 18 11 15 14 9 5 8 5 8 5 9 1 6 1 6 1 6 1 6 
16 17 16 17 16 17 16 17 16 17 16 17 16 3 12 3 12 18 0 18 11 15 11 2 7 2 7 2 7 2 7 2 11 15 14 9 5 8 5 8 5 8 5 8 14 9 1 6 1 6 1 6 19 13 19 13 19 13 1 6 1 6 
4 10 4 10 4 10 4 10 4 10 4 10 4 10 4 10 4 10 16 17 16 17 16 3 12 3 12 3 12 3 0 18 0 18 11 15 11 15 11 15 11 2 7 2 7 2 7 2 11 15 11 15 11 15 11 15 11 13 14 9 14 9 14 9 14 9 5 8 5 8 5 8 14 9 14 9 1 6 1 6 1 6 1 6 1 6 1 6 1 6 1 
4 10 4 10 4 10 4 10 4 8 5 8 5 8 5 8 4 10 4 17 16 17 16 3 12 3 12 3 12 18 0 18 0 18 11 15 11 15 11 15 11 15 7 2 7 3 0 18 11 15 19 9 14 9 5 8 5 8 5 9 14 9 1 6 1 6 1 13 19 13 1 6 1 6 
16 17 16 17 16 10 4 10 4 10 4 10 4 10 16 17 16 17 16 3 12 3 12 3 12 18 11 15 11 15 11 15 11 10 4 10 7 2 7 15 11 15 11 15 11 9 14 9 5 8 5 8 14 9 14 9 1 6 1 6 1 6 1 6 19 13 1 6 1 6 1 6 
16 17 16 17 4 10 4 10 4 10 4 10 4 10 4 10 16 17 16 17 16 17 16 17 16 17 16 17 16 3 12 3 12 3 12 3 12 3 12 3 12 3 12 3 12 3 0 18 0 18 0 18 11 15 11 15 11 15 11 15 11 9 14 9 14 15 11 15 11 15 7 2 7 2 7 2 7 2 7 2 7 2 7 18 0 18 11 18 11 15 11 15 11 15 11 15 19 13 14 9 14 9 14 9 14 9 14 8 5 8 5 8 5 8 5 8 5 8 5 8 5 8 5 9 14 9 14 9 14 9 1 6 1 6 1 6 1 6 1 6 19 13 19 13 19 13 19 13 1 6 1 6 1 6 1 6 1 6 1 6 
